merge with samtools
Thu 27 Nov 19:18:16 CET 2014
-r-------- 1 pjotr users 1.3G Nov 26 18:01 /home/pjotr/data/1000genomes/HG01375.mapped.ILLUMINA.bwa.CLM.low_coverage.20120522.bam_chr1.bam
lrwxrwxrwx 1 pjotr users 95 Nov 27 14:32 HG01375.mapped.ILLUMINA.bwa.CLM.low_coverage.20120522.bam_chr1.bam -> /home/pjotr/data/1000genomes/HG01375.mapped.ILLUMINA.bwa.CLM.low_coverage.20120522.bam_chr1.bam
-r-------- 1 pjotr users 2.3G Nov 26 17:53 /home/pjotr/data/1000genomes/HG00110.mapped.ILLUMINA.bwa.GBR.low_coverage.20130415.bam_chr1.bam
lrwxrwxrwx 1 pjotr users 95 Nov 27 14:32 HG00110.mapped.ILLUMINA.bwa.GBR.low_coverage.20130415.bam_chr1.bam -> /home/pjotr/data/1000genomes/HG00110.mapped.ILLUMINA.bwa.GBR.low_coverage.20130415.bam_chr1.bam
ln: failed to create symbolic link 'HG01375.mapped.ILLUMINA.bwa.CLM.low_coverage.20120522.bam_chr1.bam.cram': File exists
ls: cannot access /home/pjotr/data/1000genomes/HG01375.mapped.ILLUMINA.bwa.CLM.low_coverage.20120522.bam_chr1.bam.cram: No such file or directory
lrwxrwxrwx 1 pjotr users 100 Nov 27 14:32 HG01375.mapped.ILLUMINA.bwa.CLM.low_coverage.20120522.bam_chr1.bam.cram -> /home/pjotr/data/1000genomes/HG01375.mapped.ILLUMINA.bwa.CLM.low_coverage.20120522.bam_chr1.bam.cram
/home/pjotr/opt/bin/samtools merge -f /home/pjotr/sam_merge.bam HG00122.mapped.ILLUMINA.bwa.GBR.low_coverage.20121211.bam_chr1.bam HG00110.mapped.ILLUMINA.bwa.GBR.low_coverage.20130415.bam_chr1.bam HG00252.mapped.ILLUMINA.bwa.GBR.low_coverage.20130415.bam_chr1.bam
	Command being timed: "/home/pjotr/opt/bin/samtools merge -f /home/pjotr/sam_merge.bam HG00122.mapped.ILLUMINA.bwa.GBR.low_coverage.20121211.bam_chr1.bam HG00110.mapped.ILLUMINA.bwa.GBR.low_coverage.20130415.bam_chr1.bam HG00252.mapped.ILLUMINA.bwa.GBR.low_coverage.20130415.bam_chr1.bam"
	User time (seconds): 1148.10
	System time (seconds): 40.14
	Percent of CPU this job got: 99%
	Elapsed (wall clock) time (h:mm:ss or m:ss): 19:51.97
	Average shared text size (kbytes): 0
	Average unshared data size (kbytes): 0
	Average stack size (kbytes): 0
	Average total size (kbytes): 0
	Maximum resident set size (kbytes): 2064
	Average resident set size (kbytes): 0
	Major (requiring I/O) page faults: 0
	Minor (reclaiming a frame) page faults: 11434924
	Voluntary context switches: 170
	Involuntary context switches: 121986
	Swaps: 0
	File system inputs: 0
	File system outputs: 13321096
	Socket messages sent: 0
	Socket messages received: 0
	Signals delivered: 0
	Page size (bytes): 4096
	Exit status: 0
/home/pjotr/opt/bin/samtools merge -f /home/pjotr/sam_merge.bam HG00122.mapped.ILLUMINA.bwa.GBR.low_coverage.20121211.bam_chr1.bam HG00110.mapped.ILLUMINA.bwa.GBR.low_coverage.20130415.bam_chr1.bam HG00252.mapped.ILLUMINA.bwa.GBR.low_coverage.20130415.bam_chr1.bam
	Command being timed: "/home/pjotr/opt/bin/samtools merge -f /home/pjotr/sam_merge.bam HG00122.mapped.ILLUMINA.bwa.GBR.low_coverage.20121211.bam_chr1.bam HG00110.mapped.ILLUMINA.bwa.GBR.low_coverage.20130415.bam_chr1.bam HG00252.mapped.ILLUMINA.bwa.GBR.low_coverage.20130415.bam_chr1.bam"
	User time (seconds): 1151.66
	System time (seconds): 41.51
	Percent of CPU this job got: 99%
	Elapsed (wall clock) time (h:mm:ss or m:ss): 19:56.18
	Average shared text size (kbytes): 0
	Average unshared data size (kbytes): 0
	Average stack size (kbytes): 0
	Average total size (kbytes): 0
	Maximum resident set size (kbytes): 2064
	Average resident set size (kbytes): 0
	Major (requiring I/O) page faults: 0
	Minor (reclaiming a frame) page faults: 11435050
	Voluntary context switches: 182
	Involuntary context switches: 122451
	Swaps: 0
	File system inputs: 0
	File system outputs: 13321184
	Socket messages sent: 0
	Socket messages received: 0
	Signals delivered: 0
	Page size (bytes): 4096
	Exit status: 0
/home/pjotr/opt/bin/samtools merge -f /home/pjotr/sam_merge.bam HG00122.mapped.ILLUMINA.bwa.GBR.low_coverage.20121211.bam_chr1.bam HG00110.mapped.ILLUMINA.bwa.GBR.low_coverage.20130415.bam_chr1.bam HG00252.mapped.ILLUMINA.bwa.GBR.low_coverage.20130415.bam_chr1.bam
	Command being timed: "/home/pjotr/opt/bin/samtools merge -f /home/pjotr/sam_merge.bam HG00122.mapped.ILLUMINA.bwa.GBR.low_coverage.20121211.bam_chr1.bam HG00110.mapped.ILLUMINA.bwa.GBR.low_coverage.20130415.bam_chr1.bam HG00252.mapped.ILLUMINA.bwa.GBR.low_coverage.20130415.bam_chr1.bam"
	User time (seconds): 1133.79
	System time (seconds): 41.49
	Percent of CPU this job got: 99%
	Elapsed (wall clock) time (h:mm:ss or m:ss): 19:38.20
	Average shared text size (kbytes): 0
	Average unshared data size (kbytes): 0
	Average stack size (kbytes): 0
	Average total size (kbytes): 0
	Maximum resident set size (kbytes): 2068
	Average resident set size (kbytes): 0
	Major (requiring I/O) page faults: 0
	Minor (reclaiming a frame) page faults: 11434517
	Voluntary context switches: 144
	Involuntary context switches: 120610
	Swaps: 0
	File system inputs: 0
	File system outputs: 13321176
	Socket messages sent: 0
	Socket messages received: 0
	Signals delivered: 0
	Page size (bytes): 4096
	Exit status: 0
Thu 27 Nov 20:17:43 CET 2014
merge with samtools
Sun 30 Nov 14:02:01 CET 2014
-r-------- 1 pjotr users 1.3G Nov 26 18:01 /home/pjotr/data/1000genomes/HG01375.mapped.ILLUMINA.bwa.CLM.low_coverage.20120522.bam_chr1.bam
lrwxrwxrwx 1 pjotr users 95 Nov 27 14:32 HG01375.mapped.ILLUMINA.bwa.CLM.low_coverage.20120522.bam_chr1.bam -> /home/pjotr/data/1000genomes/HG01375.mapped.ILLUMINA.bwa.CLM.low_coverage.20120522.bam_chr1.bam
-r-------- 1 pjotr users 2.3G Nov 26 17:53 /home/pjotr/data/1000genomes/HG00110.mapped.ILLUMINA.bwa.GBR.low_coverage.20130415.bam_chr1.bam
lrwxrwxrwx 1 pjotr users 95 Nov 27 14:32 HG00110.mapped.ILLUMINA.bwa.GBR.low_coverage.20130415.bam_chr1.bam -> /home/pjotr/data/1000genomes/HG00110.mapped.ILLUMINA.bwa.GBR.low_coverage.20130415.bam_chr1.bam
-r-------- 1 pjotr users 4.5G Oct 31 16:00 /home/pjotr/data/1000genomes/HG01375.mapped.ILLUMINA.bwa.CLM.low_coverage.20120522.bam.cram
lrwxrwxrwx 1 pjotr users 91 Oct 31 16:23 HG01375.mapped.ILLUMINA.bwa.CLM.low_coverage.20120522.bam.cram -> /home/pjotr/data/1000genomes/HG01375.mapped.ILLUMINA.bwa.CLM.low_coverage.20120522.bam.cram
/home/pjotr/opt/bin/samtools merge -@ 32 -f /home/pjotr/sam_merge.bam HG00122.mapped.ILLUMINA.bwa.GBR.low_coverage.20121211.bam_chr1.bam HG00110.mapped.ILLUMINA.bwa.GBR.low_coverage.20130415.bam_chr1.bam HG00252.mapped.ILLUMINA.bwa.GBR.low_coverage.20130415.bam_chr1.bam
	Command being timed: "/home/pjotr/opt/bin/samtools merge -@ 32 -f /home/pjotr/sam_merge.bam HG00122.mapped.ILLUMINA.bwa.GBR.low_coverage.20121211.bam_chr1.bam HG00110.mapped.ILLUMINA.bwa.GBR.low_coverage.20130415.bam_chr1.bam HG00252.mapped.ILLUMINA.bwa.GBR.low_coverage.20130415.bam_chr1.bam"
	User time (seconds): 1205.56
	System time (seconds): 115.92
	Percent of CPU this job got: 571%
	Elapsed (wall clock) time (h:mm:ss or m:ss): 3:51.12
	Average shared text size (kbytes): 0
	Average unshared data size (kbytes): 0
	Average stack size (kbytes): 0
	Average total size (kbytes): 0
	Maximum resident set size (kbytes): 532580
	Average resident set size (kbytes): 0
	Major (requiring I/O) page faults: 0
	Minor (reclaiming a frame) page faults: 12234072
	Voluntary context switches: 497022
	Involuntary context switches: 141204
	Swaps: 0
	File system inputs: 0
	File system outputs: 13320776
	Socket messages sent: 0
	Socket messages received: 0
	Signals delivered: 0
	Page size (bytes): 4096
	Exit status: 0
/home/pjotr/opt/bin/samtools merge -@ 16 -f /home/pjotr/sam_merge.bam HG00122.mapped.ILLUMINA.bwa.GBR.low_coverage.20121211.bam_chr1.bam HG00110.mapped.ILLUMINA.bwa.GBR.low_coverage.20130415.bam_chr1.bam HG00252.mapped.ILLUMINA.bwa.GBR.low_coverage.20130415.bam_chr1.bam
	Command being timed: "/home/pjotr/opt/bin/samtools merge -@ 16 -f /home/pjotr/sam_merge.bam HG00122.mapped.ILLUMINA.bwa.GBR.low_coverage.20121211.bam_chr1.bam HG00110.mapped.ILLUMINA.bwa.GBR.low_coverage.20130415.bam_chr1.bam HG00252.mapped.ILLUMINA.bwa.GBR.low_coverage.20130415.bam_chr1.bam"
	User time (seconds): 1190.36
	System time (seconds): 65.41
	Percent of CPU this job got: 488%
	Elapsed (wall clock) time (h:mm:ss or m:ss): 4:17.30
	Average shared text size (kbytes): 0
	Average unshared data size (kbytes): 0
	Average stack size (kbytes): 0
	Average total size (kbytes): 0
	Maximum resident set size (kbytes): 267512
	Average resident set size (kbytes): 0
	Major (requiring I/O) page faults: 0
	Minor (reclaiming a frame) page faults: 12515747
	Voluntary context switches: 346402
	Involuntary context switches: 131105
	Swaps: 0
	File system inputs: 0
	File system outputs: 13320768
	Socket messages sent: 0
	Socket messages received: 0
	Signals delivered: 0
	Page size (bytes): 4096
	Exit status: 0
/home/pjotr/opt/bin/samtools merge -@ 8 -f /home/pjotr/sam_merge.bam HG00122.mapped.ILLUMINA.bwa.GBR.low_coverage.20121211.bam_chr1.bam HG00110.mapped.ILLUMINA.bwa.GBR.low_coverage.20130415.bam_chr1.bam HG00252.mapped.ILLUMINA.bwa.GBR.low_coverage.20130415.bam_chr1.bam
	Command being timed: "/home/pjotr/opt/bin/samtools merge -@ 8 -f /home/pjotr/sam_merge.bam HG00122.mapped.ILLUMINA.bwa.GBR.low_coverage.20121211.bam_chr1.bam HG00110.mapped.ILLUMINA.bwa.GBR.low_coverage.20130415.bam_chr1.bam HG00252.mapped.ILLUMINA.bwa.GBR.low_coverage.20130415.bam_chr1.bam"
	User time (seconds): 1165.86
	System time (seconds): 53.61
	Percent of CPU this job got: 387%
	Elapsed (wall clock) time (h:mm:ss or m:ss): 5:14.95
	Average shared text size (kbytes): 0
	Average unshared data size (kbytes): 0
	Average stack size (kbytes): 0
	Average total size (kbytes): 0
	Maximum resident set size (kbytes): 138748
	Average resident set size (kbytes): 0
	Major (requiring I/O) page faults: 0
	Minor (reclaiming a frame) page faults: 12062623
	Voluntary context switches: 212792
	Involuntary context switches: 125961
	Swaps: 0
	File system inputs: 0
	File system outputs: 13320792
	Socket messages sent: 0
	Socket messages received: 0
	Signals delivered: 0
	Page size (bytes): 4096
	Exit status: 0
Sun 30 Nov 14:15:25 CET 2014
merge with samtools
Sun  7 Dec 10:45:53 CET 2014
-r-------- 1 pjotr users 16G Nov 16  2012 /home/pjotr/data/1000genomes/HG01375.mapped.ILLUMINA.bwa.CLM.low_coverage.20120522.bam
lrwxrwxrwx 1 pjotr users 86 Oct 31 15:23 HG01375.mapped.ILLUMINA.bwa.CLM.low_coverage.20120522.bam -> /home/pjotr/data/1000genomes/HG01375.mapped.ILLUMINA.bwa.CLM.low_coverage.20120522.bam
ln: failed to create symbolic link 'HG00110.mapped.ILLUMINA.bwa.GBR.low_coverage.20130415.sorted.bam': File exists
ln: failed to create symbolic link 'HG00110.mapped.ILLUMINA.bwa.GBR.low_coverage.20130415.sorted.bam.bai': File exists
-r-------- 1 pjotr users 31G Aug 30 10:54 /home/pjotr/data/1000genomes/HG00110.mapped.ILLUMINA.bwa.GBR.low_coverage.20130415.bam
lrwxrwxrwx 1 pjotr users 86 Oct 31 16:58 HG00110.mapped.ILLUMINA.bwa.GBR.low_coverage.20130415.bam -> /home/pjotr/data/1000genomes/HG00110.mapped.ILLUMINA.bwa.GBR.low_coverage.20130415.bam
-r-------- 1 pjotr users 4.5G Oct 31 16:00 /home/pjotr/data/1000genomes/HG01375.mapped.ILLUMINA.bwa.CLM.low_coverage.20120522.bam.cram
lrwxrwxrwx 1 pjotr users 91 Oct 31 16:23 HG01375.mapped.ILLUMINA.bwa.CLM.low_coverage.20120522.bam.cram -> /home/pjotr/data/1000genomes/HG01375.mapped.ILLUMINA.bwa.CLM.low_coverage.20120522.bam.cram
/home/pjotr/opt/bin/samtools merge -@ 32 -f /home/pjotr/sam_merge.bam HG00122.mapped.ILLUMINA.bwa.GBR.low_coverage.20121211.bam HG00110.mapped.ILLUMINA.bwa.GBR.low_coverage.20130415.bam HG00252.mapped.ILLUMINA.bwa.GBR.low_coverage.20130415.bam
Command terminated by signal 2
	Command being timed: "/home/pjotr/opt/bin/samtools merge -@ 32 -f /home/pjotr/sam_merge.bam HG00122.mapped.ILLUMINA.bwa.GBR.low_coverage.20121211.bam HG00110.mapped.ILLUMINA.bwa.GBR.low_coverage.20130415.bam HG00252.mapped.ILLUMINA.bwa.GBR.low_coverage.20130415.bam"
	User time (seconds): 2.84
	System time (seconds): 0.31
	Percent of CPU this job got: 94%
	Elapsed (wall clock) time (h:mm:ss or m:ss): 0:03.33
	Average shared text size (kbytes): 0
	Average unshared data size (kbytes): 0
	Average stack size (kbytes): 0
	Average total size (kbytes): 0
	Maximum resident set size (kbytes): 405368
	Average resident set size (kbytes): 0
	Major (requiring I/O) page faults: 4
	Minor (reclaiming a frame) page faults: 101494
	Voluntary context switches: 114
	Involuntary context switches: 330
	Swaps: 0
	File system inputs: 872
	File system outputs: 8
	Socket messages sent: 0
	Socket messages received: 0
	Signals delivered: 0
	Page size (bytes): 4096
	Exit status: 0
merge with samtools
Sun  7 Dec 10:46:09 CET 2014
-r-------- 1 pjotr users 16G Nov 16  2012 /home/pjotr/data/1000genomes/HG01375.mapped.ILLUMINA.bwa.CLM.low_coverage.20120522.bam
lrwxrwxrwx 1 pjotr users 86 Oct 31 15:23 HG01375.mapped.ILLUMINA.bwa.CLM.low_coverage.20120522.bam -> /home/pjotr/data/1000genomes/HG01375.mapped.ILLUMINA.bwa.CLM.low_coverage.20120522.bam
ln: failed to create symbolic link 'HG00110.mapped.ILLUMINA.bwa.GBR.low_coverage.20130415.sorted.bam': File exists
ln: failed to create symbolic link 'HG00110.mapped.ILLUMINA.bwa.GBR.low_coverage.20130415.sorted.bam.bai': File exists
-r-------- 1 pjotr users 31G Aug 30 10:54 /home/pjotr/data/1000genomes/HG00110.mapped.ILLUMINA.bwa.GBR.low_coverage.20130415.bam
lrwxrwxrwx 1 pjotr users 86 Oct 31 16:58 HG00110.mapped.ILLUMINA.bwa.GBR.low_coverage.20130415.bam -> /home/pjotr/data/1000genomes/HG00110.mapped.ILLUMINA.bwa.GBR.low_coverage.20130415.bam
-r-------- 1 pjotr users 4.5G Oct 31 16:00 /home/pjotr/data/1000genomes/HG01375.mapped.ILLUMINA.bwa.CLM.low_coverage.20120522.bam.cram
lrwxrwxrwx 1 pjotr users 91 Oct 31 16:23 HG01375.mapped.ILLUMINA.bwa.CLM.low_coverage.20120522.bam.cram -> /home/pjotr/data/1000genomes/HG01375.mapped.ILLUMINA.bwa.CLM.low_coverage.20120522.bam.cram
/home/pjotr/opt/bin/samtools merge -@ 32 -f /home/pjotr/sam_merge.bam HG00122.mapped.ILLUMINA.bwa.GBR.low_coverage.20121211.bam HG00110.mapped.ILLUMINA.bwa.GBR.low_coverage.20130415.bam HG00252.mapped.ILLUMINA.bwa.GBR.low_coverage.20130415.bam
	Command being timed: "/home/pjotr/opt/bin/samtools merge -@ 32 -f /home/pjotr/sam_merge.bam HG00122.mapped.ILLUMINA.bwa.GBR.low_coverage.20121211.bam HG00110.mapped.ILLUMINA.bwa.GBR.low_coverage.20130415.bam HG00252.mapped.ILLUMINA.bwa.GBR.low_coverage.20130415.bam"
	User time (seconds): 16295.74
	System time (seconds): 1190.03
	Percent of CPU this job got: 565%
	Elapsed (wall clock) time (h:mm:ss or m:ss): 51:30.20
	Average shared text size (kbytes): 0
	Average unshared data size (kbytes): 0
	Average stack size (kbytes): 0
	Average total size (kbytes): 0
	Maximum resident set size (kbytes): 533156
	Average resident set size (kbytes): 0
	Major (requiring I/O) page faults: 0
	Minor (reclaiming a frame) page faults: 177355775
	Voluntary context switches: 6568998
	Involuntary context switches: 1876195
	Swaps: 0
	File system inputs: 0
	File system outputs: 175876992
	Socket messages sent: 0
	Socket messages received: 0
	Signals delivered: 0
	Page size (bytes): 4096
	Exit status: 0
/home/pjotr/opt/bin/samtools merge -@ 16 -f /home/pjotr/sam_merge.bam HG00122.mapped.ILLUMINA.bwa.GBR.low_coverage.20121211.bam HG00110.mapped.ILLUMINA.bwa.GBR.low_coverage.20130415.bam HG00252.mapped.ILLUMINA.bwa.GBR.low_coverage.20130415.bam
	Command being timed: "/home/pjotr/opt/bin/samtools merge -@ 16 -f /home/pjotr/sam_merge.bam HG00122.mapped.ILLUMINA.bwa.GBR.low_coverage.20121211.bam HG00110.mapped.ILLUMINA.bwa.GBR.low_coverage.20130415.bam HG00252.mapped.ILLUMINA.bwa.GBR.low_coverage.20130415.bam"
	User time (seconds): 15763.47
	System time (seconds): 874.70
	Percent of CPU this job got: 484%
	Elapsed (wall clock) time (h:mm:ss or m:ss): 57:12.84
	Average shared text size (kbytes): 0
	Average unshared data size (kbytes): 0
	Average stack size (kbytes): 0
	Average total size (kbytes): 0
	Maximum resident set size (kbytes): 267424
	Average resident set size (kbytes): 0
	Major (requiring I/O) page faults: 1
	Minor (reclaiming a frame) page faults: 166050875
	Voluntary context switches: 3892686
	Involuntary context switches: 1731321
	Swaps: 0
	File system inputs: 8
	File system outputs: 175877184
	Socket messages sent: 0
	Socket messages received: 0
	Signals delivered: 0
	Page size (bytes): 4096
	Exit status: 0
/home/pjotr/opt/bin/samtools merge -@ 8 -f /home/pjotr/sam_merge.bam HG00122.mapped.ILLUMINA.bwa.GBR.low_coverage.20121211.bam HG00110.mapped.ILLUMINA.bwa.GBR.low_coverage.20130415.bam HG00252.mapped.ILLUMINA.bwa.GBR.low_coverage.20130415.bam
	Command being timed: "/home/pjotr/opt/bin/samtools merge -@ 8 -f /home/pjotr/sam_merge.bam HG00122.mapped.ILLUMINA.bwa.GBR.low_coverage.20121211.bam HG00110.mapped.ILLUMINA.bwa.GBR.low_coverage.20130415.bam HG00252.mapped.ILLUMINA.bwa.GBR.low_coverage.20130415.bam"
	User time (seconds): 15444.31
	System time (seconds): 771.38
	Percent of CPU this job got: 384%
	Elapsed (wall clock) time (h:mm:ss or m:ss): 1:10:17
	Average shared text size (kbytes): 0
	Average unshared data size (kbytes): 0
	Average stack size (kbytes): 0
	Average total size (kbytes): 0
	Maximum resident set size (kbytes): 134816
	Average resident set size (kbytes): 0
	Major (requiring I/O) page faults: 0
	Minor (reclaiming a frame) page faults: 159631723
	Voluntary context switches: 3085743
	Involuntary context switches: 1674987
	Swaps: 0
	File system inputs: 0
	File system outputs: 175877392
	Socket messages sent: 0
	Socket messages received: 0
	Signals delivered: 0
	Page size (bytes): 4096
	Exit status: 0
Sun  7 Dec 13:45:12 CET 2014
