markduping with samtools
Thu 27 Nov 15:01:43 CET 2014
-r-------- 1 pjotr users 1.3G Nov 26 18:01 /home/pjotr/data/1000genomes/HG01375.mapped.ILLUMINA.bwa.CLM.low_coverage.20120522.bam_chr1.bam
lrwxrwxrwx 1 pjotr users 95 Nov 27 14:32 HG01375.mapped.ILLUMINA.bwa.CLM.low_coverage.20120522.bam_chr1.bam -> /home/pjotr/data/1000genomes/HG01375.mapped.ILLUMINA.bwa.CLM.low_coverage.20120522.bam_chr1.bam
-r-------- 1 pjotr users 2.3G Nov 26 17:53 /home/pjotr/data/1000genomes/HG00110.mapped.ILLUMINA.bwa.GBR.low_coverage.20130415.bam_chr1.bam
lrwxrwxrwx 1 pjotr users 95 Nov 27 14:32 HG00110.mapped.ILLUMINA.bwa.GBR.low_coverage.20130415.bam_chr1.bam -> /home/pjotr/data/1000genomes/HG00110.mapped.ILLUMINA.bwa.GBR.low_coverage.20130415.bam_chr1.bam
ln: failed to create symbolic link 'HG01375.mapped.ILLUMINA.bwa.CLM.low_coverage.20120522.bam_chr1.bam.cram': File exists
ls: cannot access /home/pjotr/data/1000genomes/HG01375.mapped.ILLUMINA.bwa.CLM.low_coverage.20120522.bam_chr1.bam.cram: No such file or directory
lrwxrwxrwx 1 pjotr users 100 Nov 27 14:32 HG01375.mapped.ILLUMINA.bwa.CLM.low_coverage.20120522.bam_chr1.bam.cram -> /home/pjotr/data/1000genomes/HG01375.mapped.ILLUMINA.bwa.CLM.low_coverage.20120522.bam_chr1.bam.cram
/home/pjotr/opt/bin/samtools rmdup HG00110.mapped.ILLUMINA.bwa.GBR.low_coverage.20130415.bam_chr1.bam /home/pjotr/sam_rmdup.bam
[bam_rmdup_core] processing reference 1...
Samtools-htslib-API: bam_get_library() not yet implemented
Command terminated by signal 6
	Command being timed: "/home/pjotr/opt/bin/samtools rmdup HG00110.mapped.ILLUMINA.bwa.GBR.low_coverage.20130415.bam_chr1.bam /home/pjotr/sam_rmdup.bam"
	User time (seconds): 0.00
	System time (seconds): 0.00
	Percent of CPU this job got: 100%
	Elapsed (wall clock) time (h:mm:ss or m:ss): 0:00.00
	Average shared text size (kbytes): 0
	Average unshared data size (kbytes): 0
	Average stack size (kbytes): 0
	Average total size (kbytes): 0
	Maximum resident set size (kbytes): 1508
	Average resident set size (kbytes): 0
	Major (requiring I/O) page faults: 0
	Minor (reclaiming a frame) page faults: 462
	Voluntary context switches: 2
	Involuntary context switches: 2
	Swaps: 0
	File system inputs: 0
	File system outputs: 8
	Socket messages sent: 0
	Socket messages received: 0
	Signals delivered: 0
	Page size (bytes): 4096
	Exit status: 0
/home/pjotr/opt/bin/samtools rmdup HG00110.mapped.ILLUMINA.bwa.GBR.low_coverage.20130415.bam_chr1.bam /home/pjotr/sam_rmdup.bam
[bam_rmdup_core] processing reference 1...
Samtools-htslib-API: bam_get_library() not yet implemented
Command terminated by signal 6
	Command being timed: "/home/pjotr/opt/bin/samtools rmdup HG00110.mapped.ILLUMINA.bwa.GBR.low_coverage.20130415.bam_chr1.bam /home/pjotr/sam_rmdup.bam"
	User time (seconds): 0.00
	System time (seconds): 0.00
	Percent of CPU this job got: 100%
	Elapsed (wall clock) time (h:mm:ss or m:ss): 0:00.00
	Average shared text size (kbytes): 0
	Average unshared data size (kbytes): 0
	Average stack size (kbytes): 0
	Average total size (kbytes): 0
	Maximum resident set size (kbytes): 1512
	Average resident set size (kbytes): 0
	Major (requiring I/O) page faults: 0
	Minor (reclaiming a frame) page faults: 463
	Voluntary context switches: 1
	Involuntary context switches: 1
	Swaps: 0
	File system inputs: 0
	File system outputs: 8
	Socket messages sent: 0
	Socket messages received: 0
	Signals delivered: 0
	Page size (bytes): 4096
	Exit status: 0
/home/pjotr/opt/bin/samtools rmdup HG00110.mapped.ILLUMINA.bwa.GBR.low_coverage.20130415.bam_chr1.bam /home/pjotr/sam_rmdup.bam
[bam_rmdup_core] processing reference 1...
Samtools-htslib-API: bam_get_library() not yet implemented
Command terminated by signal 6
	Command being timed: "/home/pjotr/opt/bin/samtools rmdup HG00110.mapped.ILLUMINA.bwa.GBR.low_coverage.20130415.bam_chr1.bam /home/pjotr/sam_rmdup.bam"
	User time (seconds): 0.00
	System time (seconds): 0.00
	Percent of CPU this job got: 100%
	Elapsed (wall clock) time (h:mm:ss or m:ss): 0:00.00
	Average shared text size (kbytes): 0
	Average unshared data size (kbytes): 0
	Average stack size (kbytes): 0
	Average total size (kbytes): 0
	Maximum resident set size (kbytes): 1512
	Average resident set size (kbytes): 0
	Major (requiring I/O) page faults: 0
	Minor (reclaiming a frame) page faults: 463
	Voluntary context switches: 0
	Involuntary context switches: 1
	Swaps: 0
	File system inputs: 0
	File system outputs: 8
	Socket messages sent: 0
	Socket messages received: 0
	Signals delivered: 0
	Page size (bytes): 4096
	Exit status: 0
Thu 27 Nov 15:01:43 CET 2014
markduping with samtools
Thu 27 Nov 15:56:53 CET 2014
-r-------- 1 pjotr users 1.3G Nov 26 18:01 /home/pjotr/data/1000genomes/HG01375.mapped.ILLUMINA.bwa.CLM.low_coverage.20120522.bam_chr1.bam
lrwxrwxrwx 1 pjotr users 95 Nov 27 14:32 HG01375.mapped.ILLUMINA.bwa.CLM.low_coverage.20120522.bam_chr1.bam -> /home/pjotr/data/1000genomes/HG01375.mapped.ILLUMINA.bwa.CLM.low_coverage.20120522.bam_chr1.bam
-r-------- 1 pjotr users 2.3G Nov 26 17:53 /home/pjotr/data/1000genomes/HG00110.mapped.ILLUMINA.bwa.GBR.low_coverage.20130415.bam_chr1.bam
lrwxrwxrwx 1 pjotr users 95 Nov 27 14:32 HG00110.mapped.ILLUMINA.bwa.GBR.low_coverage.20130415.bam_chr1.bam -> /home/pjotr/data/1000genomes/HG00110.mapped.ILLUMINA.bwa.GBR.low_coverage.20130415.bam_chr1.bam
ln: failed to create symbolic link 'HG01375.mapped.ILLUMINA.bwa.CLM.low_coverage.20120522.bam_chr1.bam.cram': File exists
ls: cannot access /home/pjotr/data/1000genomes/HG01375.mapped.ILLUMINA.bwa.CLM.low_coverage.20120522.bam_chr1.bam.cram: No such file or directory
lrwxrwxrwx 1 pjotr users 100 Nov 27 14:32 HG01375.mapped.ILLUMINA.bwa.CLM.low_coverage.20120522.bam_chr1.bam.cram -> /home/pjotr/data/1000genomes/HG01375.mapped.ILLUMINA.bwa.CLM.low_coverage.20120522.bam_chr1.bam.cram
/home/pjotr/opt/samtools-0.1.19/samtools rmdup HG00110.mapped.ILLUMINA.bwa.GBR.low_coverage.20130415.bam_chr1.bam /home/pjotr/sam_rmdup.bam
[bam_rmdup_core] processing reference 1...
[bam_rmdup_core] 221270 / 9043353 = 0.0245 in library 'SZAIPI021747-17'
	Command being timed: "/home/pjotr/opt/samtools-0.1.19/samtools rmdup HG00110.mapped.ILLUMINA.bwa.GBR.low_coverage.20130415.bam_chr1.bam /home/pjotr/sam_rmdup.bam"
	User time (seconds): 387.68
	System time (seconds): 13.71
	Percent of CPU this job got: 99%
	Elapsed (wall clock) time (h:mm:ss or m:ss): 6:42.09
	Average shared text size (kbytes): 0
	Average unshared data size (kbytes): 0
	Average stack size (kbytes): 0
	Average total size (kbytes): 0
	Maximum resident set size (kbytes): 20632
	Average resident set size (kbytes): 0
	Major (requiring I/O) page faults: 0
	Minor (reclaiming a frame) page faults: 3366897
	Voluntary context switches: 54
	Involuntary context switches: 40512
	Swaps: 0
	File system inputs: 0
	File system outputs: 4695464
	Socket messages sent: 0
	Socket messages received: 0
	Signals delivered: 0
	Page size (bytes): 4096
	Exit status: 0
/home/pjotr/opt/samtools-0.1.19/samtools rmdup HG00110.mapped.ILLUMINA.bwa.GBR.low_coverage.20130415.bam_chr1.bam /home/pjotr/sam_rmdup.bam
[bam_rmdup_core] processing reference 1...
[bam_rmdup_core] 221270 / 9043353 = 0.0245 in library 'SZAIPI021747-17'
	Command being timed: "/home/pjotr/opt/samtools-0.1.19/samtools rmdup HG00110.mapped.ILLUMINA.bwa.GBR.low_coverage.20130415.bam_chr1.bam /home/pjotr/sam_rmdup.bam"
	User time (seconds): 386.36
	System time (seconds): 14.00
	Percent of CPU this job got: 99%
	Elapsed (wall clock) time (h:mm:ss or m:ss): 6:41.11
	Average shared text size (kbytes): 0
	Average unshared data size (kbytes): 0
	Average stack size (kbytes): 0
	Average total size (kbytes): 0
	Maximum resident set size (kbytes): 20632
	Average resident set size (kbytes): 0
	Major (requiring I/O) page faults: 0
	Minor (reclaiming a frame) page faults: 3363985
	Voluntary context switches: 37
	Involuntary context switches: 40497
	Swaps: 0
	File system inputs: 0
	File system outputs: 4695464
	Socket messages sent: 0
	Socket messages received: 0
	Signals delivered: 0
	Page size (bytes): 4096
	Exit status: 0
/home/pjotr/opt/samtools-0.1.19/samtools rmdup HG00110.mapped.ILLUMINA.bwa.GBR.low_coverage.20130415.bam_chr1.bam /home/pjotr/sam_rmdup.bam
[bam_rmdup_core] processing reference 1...
[bam_rmdup_core] 221270 / 9043353 = 0.0245 in library 'SZAIPI021747-17'
	Command being timed: "/home/pjotr/opt/samtools-0.1.19/samtools rmdup HG00110.mapped.ILLUMINA.bwa.GBR.low_coverage.20130415.bam_chr1.bam /home/pjotr/sam_rmdup.bam"
	User time (seconds): 385.88
	System time (seconds): 14.22
	Percent of CPU this job got: 99%
	Elapsed (wall clock) time (h:mm:ss or m:ss): 6:40.83
	Average shared text size (kbytes): 0
	Average unshared data size (kbytes): 0
	Average stack size (kbytes): 0
	Average total size (kbytes): 0
	Maximum resident set size (kbytes): 20632
	Average resident set size (kbytes): 0
	Major (requiring I/O) page faults: 0
	Minor (reclaiming a frame) page faults: 3362844
	Voluntary context switches: 13
	Involuntary context switches: 40387
	Swaps: 0
	File system inputs: 8
	File system outputs: 4695472
	Socket messages sent: 0
	Socket messages received: 0
	Signals delivered: 0
	Page size (bytes): 4096
	Exit status: 0
Thu 27 Nov 16:16:57 CET 2014
markduping with samtools
Sun  7 Dec 19:17:35 CET 2014
-r-------- 1 pjotr users 16G Nov 16  2012 /home/pjotr/data/1000genomes/HG01375.mapped.ILLUMINA.bwa.CLM.low_coverage.20120522.bam
lrwxrwxrwx 1 pjotr users 86 Oct 31 15:23 HG01375.mapped.ILLUMINA.bwa.CLM.low_coverage.20120522.bam -> /home/pjotr/data/1000genomes/HG01375.mapped.ILLUMINA.bwa.CLM.low_coverage.20120522.bam
ln: failed to create symbolic link 'HG00110.mapped.ILLUMINA.bwa.GBR.low_coverage.20130415.sorted.bam': File exists
ln: failed to create symbolic link 'HG00110.mapped.ILLUMINA.bwa.GBR.low_coverage.20130415.sorted.bam.bai': File exists
-r-------- 1 pjotr users 31G Aug 30 10:54 /home/pjotr/data/1000genomes/HG00110.mapped.ILLUMINA.bwa.GBR.low_coverage.20130415.bam
lrwxrwxrwx 1 pjotr users 86 Oct 31 16:58 HG00110.mapped.ILLUMINA.bwa.GBR.low_coverage.20130415.bam -> /home/pjotr/data/1000genomes/HG00110.mapped.ILLUMINA.bwa.GBR.low_coverage.20130415.bam
-r-------- 1 pjotr users 4.5G Oct 31 16:00 /home/pjotr/data/1000genomes/HG01375.mapped.ILLUMINA.bwa.CLM.low_coverage.20120522.bam.cram
lrwxrwxrwx 1 pjotr users 91 Oct 31 16:23 HG01375.mapped.ILLUMINA.bwa.CLM.low_coverage.20120522.bam.cram -> /home/pjotr/data/1000genomes/HG01375.mapped.ILLUMINA.bwa.CLM.low_coverage.20120522.bam.cram
/home/pjotr/opt/samtools-0.1.19/samtools rmdup HG00110.mapped.ILLUMINA.bwa.GBR.low_coverage.20130415.bam /home/pjotr/sam_rmdup.bam
[bam_rmdup_core] processing reference 1...
[bam_rmdup_core] 1 unmatched pairs
[bam_rmdup_core] processing reference 2...
[bam_rmdup_core] 2 unmatched pairs
[bam_rmdup_core] processing reference 3...
[bam_rmdup_core] processing reference 4...
[bam_rmdup_core] 5 unmatched pairs
[bam_rmdup_core] processing reference 5...
[bam_rmdup_core] processing reference 6...
[bam_rmdup_core] 1 unmatched pairs
[bam_rmdup_core] processing reference 7...
[bam_rmdup_core] processing reference 8...
[bam_rmdup_core] processing reference 9...
[bam_rmdup_core] processing reference 10...
[bam_rmdup_core] 1 unmatched pairs
[bam_rmdup_core] processing reference 11...
[bam_rmdup_core] 6 unmatched pairs
[bam_rmdup_core] processing reference 12...
[bam_rmdup_core] 1 unmatched pairs
[bam_rmdup_core] processing reference 13...
[bam_rmdup_core] 2 unmatched pairs
[bam_rmdup_core] processing reference 14...
[bam_rmdup_core] 1 unmatched pairs
[bam_rmdup_core] processing reference 15...
[bam_rmdup_core] 2 unmatched pairs
[bam_rmdup_core] processing reference 16...
[bam_rmdup_core] 1 unmatched pairs
[bam_rmdup_core] processing reference 17...
[bam_rmdup_core] processing reference 18...
[bam_rmdup_core] 1 unmatched pairs
[bam_rmdup_core] processing reference 19...
[bam_rmdup_core] 1 unmatched pairs
[bam_rmdup_core] processing reference 20...
[bam_rmdup_core] 2 unmatched pairs
[bam_rmdup_core] processing reference 21...
[bam_rmdup_core] processing reference 22...
[bam_rmdup_core] processing reference X...
[bam_rmdup_core] processing reference Y...
[bam_rmdup_core] processing reference MT...
[bam_rmdup_core] processing reference GL000207.1...
[bam_rmdup_core] processing reference GL000226.1...
[bam_rmdup_core] processing reference GL000229.1...
[bam_rmdup_core] processing reference GL000231.1...
[bam_rmdup_core] processing reference GL000210.1...
[bam_rmdup_core] processing reference GL000239.1...
[bam_rmdup_core] processing reference GL000235.1...
[bam_rmdup_core] processing reference GL000201.1...
[bam_rmdup_core] processing reference GL000247.1...
[bam_rmdup_core] processing reference GL000245.1...
[bam_rmdup_core] processing reference GL000197.1...
[bam_rmdup_core] processing reference GL000203.1...
[bam_rmdup_core] processing reference GL000246.1...
[bam_rmdup_core] processing reference GL000249.1...
[bam_rmdup_core] processing reference GL000196.1...
[bam_rmdup_core] processing reference GL000248.1...
[bam_rmdup_core] processing reference GL000244.1...
[bam_rmdup_core] processing reference GL000238.1...
[bam_rmdup_core] processing reference GL000202.1...
[bam_rmdup_core] processing reference GL000234.1...
[bam_rmdup_core] processing reference GL000232.1...
[bam_rmdup_core] processing reference GL000206.1...
[bam_rmdup_core] processing reference GL000240.1...
[bam_rmdup_core] processing reference GL000236.1...
[bam_rmdup_core] processing reference GL000241.1...
[bam_rmdup_core] processing reference GL000243.1...
[bam_rmdup_core] processing reference GL000242.1...
[bam_rmdup_core] processing reference GL000230.1...
[bam_rmdup_core] processing reference GL000237.1...
[bam_rmdup_core] processing reference GL000233.1...
[bam_rmdup_core] processing reference GL000204.1...
[bam_rmdup_core] processing reference GL000198.1...
[bam_rmdup_core] processing reference GL000208.1...
[bam_rmdup_core] processing reference GL000191.1...
[bam_rmdup_core] processing reference GL000227.1...
[bam_rmdup_core] processing reference GL000228.1...
[bam_rmdup_core] processing reference GL000214.1...
[bam_rmdup_core] processing reference GL000221.1...
[bam_rmdup_core] processing reference GL000209.1...
[bam_rmdup_core] processing reference GL000218.1...
[bam_rmdup_core] processing reference GL000220.1...
[bam_rmdup_core] processing reference GL000213.1...
[bam_rmdup_core] processing reference GL000211.1...
[bam_rmdup_core] processing reference GL000199.1...
[bam_rmdup_core] processing reference GL000217.1...
[bam_rmdup_core] processing reference GL000216.1...
[bam_rmdup_core] processing reference GL000215.1...
[bam_rmdup_core] processing reference GL000205.1...
[bam_rmdup_core] processing reference GL000219.1...
[bam_rmdup_core] processing reference GL000224.1...
[bam_rmdup_core] processing reference GL000223.1...
[bam_rmdup_core] processing reference GL000195.1...
[bam_rmdup_core] processing reference GL000212.1...
[bam_rmdup_core] processing reference GL000222.1...
[bam_rmdup_core] processing reference GL000200.1...
[bam_rmdup_core] processing reference GL000193.1...
[bam_rmdup_core] processing reference GL000194.1...
[bam_rmdup_core] processing reference GL000225.1...
[bam_rmdup_core] processing reference GL000192.1...
[bam_rmdup_core] processing reference NC_007605...
[bam_rmdup_core] processing reference hs37d5...
[bam_rmdup_core] 4926137 / 119183657 = 0.0413 in library 'SZAIPI021747-17'
	Command being timed: "/home/pjotr/opt/samtools-0.1.19/samtools rmdup HG00110.mapped.ILLUMINA.bwa.GBR.low_coverage.20130415.bam /home/pjotr/sam_rmdup.bam"
	User time (seconds): 5084.33
	System time (seconds): 151.70
	Percent of CPU this job got: 99%
	Elapsed (wall clock) time (h:mm:ss or m:ss): 1:27:30
	Average shared text size (kbytes): 0
	Average unshared data size (kbytes): 0
	Average stack size (kbytes): 0
	Average total size (kbytes): 0
	Maximum resident set size (kbytes): 22144
	Average resident set size (kbytes): 0
	Major (requiring I/O) page faults: 3
	Minor (reclaiming a frame) page faults: 30861693
	Voluntary context switches: 202
	Involuntary context switches: 532334
	Swaps: 0
	File system inputs: 960
	File system outputs: 61378296
	Socket messages sent: 0
	Socket messages received: 0
	Signals delivered: 0
	Page size (bytes): 4096
	Exit status: 0
/home/pjotr/opt/samtools-0.1.19/samtools rmdup HG00110.mapped.ILLUMINA.bwa.GBR.low_coverage.20130415.bam /home/pjotr/sam_rmdup.bam
[bam_rmdup_core] processing reference 1...
[bam_rmdup_core] 1 unmatched pairs
[bam_rmdup_core] processing reference 2...
[bam_rmdup_core] 2 unmatched pairs
[bam_rmdup_core] processing reference 3...
[bam_rmdup_core] processing reference 4...
[bam_rmdup_core] 5 unmatched pairs
[bam_rmdup_core] processing reference 5...
[bam_rmdup_core] processing reference 6...
[bam_rmdup_core] 1 unmatched pairs
[bam_rmdup_core] processing reference 7...
[bam_rmdup_core] processing reference 8...
[bam_rmdup_core] processing reference 9...
[bam_rmdup_core] processing reference 10...
[bam_rmdup_core] 1 unmatched pairs
[bam_rmdup_core] processing reference 11...
[bam_rmdup_core] 6 unmatched pairs
[bam_rmdup_core] processing reference 12...
[bam_rmdup_core] 1 unmatched pairs
[bam_rmdup_core] processing reference 13...
[bam_rmdup_core] 2 unmatched pairs
[bam_rmdup_core] processing reference 14...
[bam_rmdup_core] 1 unmatched pairs
[bam_rmdup_core] processing reference 15...
[bam_rmdup_core] 2 unmatched pairs
[bam_rmdup_core] processing reference 16...
[bam_rmdup_core] 1 unmatched pairs
[bam_rmdup_core] processing reference 17...
[bam_rmdup_core] processing reference 18...
[bam_rmdup_core] 1 unmatched pairs
[bam_rmdup_core] processing reference 19...
[bam_rmdup_core] 1 unmatched pairs
[bam_rmdup_core] processing reference 20...
[bam_rmdup_core] 2 unmatched pairs
[bam_rmdup_core] processing reference 21...
[bam_rmdup_core] processing reference 22...
[bam_rmdup_core] processing reference X...
[bam_rmdup_core] processing reference Y...
[bam_rmdup_core] processing reference MT...
[bam_rmdup_core] processing reference GL000207.1...
[bam_rmdup_core] processing reference GL000226.1...
[bam_rmdup_core] processing reference GL000229.1...
[bam_rmdup_core] processing reference GL000231.1...
[bam_rmdup_core] processing reference GL000210.1...
[bam_rmdup_core] processing reference GL000239.1...
[bam_rmdup_core] processing reference GL000235.1...
[bam_rmdup_core] processing reference GL000201.1...
[bam_rmdup_core] processing reference GL000247.1...
[bam_rmdup_core] processing reference GL000245.1...
[bam_rmdup_core] processing reference GL000197.1...
[bam_rmdup_core] processing reference GL000203.1...
[bam_rmdup_core] processing reference GL000246.1...
[bam_rmdup_core] processing reference GL000249.1...
[bam_rmdup_core] processing reference GL000196.1...
[bam_rmdup_core] processing reference GL000248.1...
[bam_rmdup_core] processing reference GL000244.1...
[bam_rmdup_core] processing reference GL000238.1...
[bam_rmdup_core] processing reference GL000202.1...
[bam_rmdup_core] processing reference GL000234.1...
[bam_rmdup_core] processing reference GL000232.1...
[bam_rmdup_core] processing reference GL000206.1...
[bam_rmdup_core] processing reference GL000240.1...
[bam_rmdup_core] processing reference GL000236.1...
[bam_rmdup_core] processing reference GL000241.1...
[bam_rmdup_core] processing reference GL000243.1...
[bam_rmdup_core] processing reference GL000242.1...
[bam_rmdup_core] processing reference GL000230.1...
[bam_rmdup_core] processing reference GL000237.1...
[bam_rmdup_core] processing reference GL000233.1...
[bam_rmdup_core] processing reference GL000204.1...
[bam_rmdup_core] processing reference GL000198.1...
[bam_rmdup_core] processing reference GL000208.1...
[bam_rmdup_core] processing reference GL000191.1...
[bam_rmdup_core] processing reference GL000227.1...
[bam_rmdup_core] processing reference GL000228.1...
[bam_rmdup_core] processing reference GL000214.1...
[bam_rmdup_core] processing reference GL000221.1...
[bam_rmdup_core] processing reference GL000209.1...
[bam_rmdup_core] processing reference GL000218.1...
[bam_rmdup_core] processing reference GL000220.1...
[bam_rmdup_core] processing reference GL000213.1...
[bam_rmdup_core] processing reference GL000211.1...
[bam_rmdup_core] processing reference GL000199.1...
[bam_rmdup_core] processing reference GL000217.1...
[bam_rmdup_core] processing reference GL000216.1...
[bam_rmdup_core] processing reference GL000215.1...
[bam_rmdup_core] processing reference GL000205.1...
[bam_rmdup_core] processing reference GL000219.1...
[bam_rmdup_core] processing reference GL000224.1...
[bam_rmdup_core] processing reference GL000223.1...
[bam_rmdup_core] processing reference GL000195.1...
[bam_rmdup_core] processing reference GL000212.1...
[bam_rmdup_core] processing reference GL000222.1...
[bam_rmdup_core] processing reference GL000200.1...
[bam_rmdup_core] processing reference GL000193.1...
[bam_rmdup_core] processing reference GL000194.1...
[bam_rmdup_core] processing reference GL000225.1...
[bam_rmdup_core] processing reference GL000192.1...
[bam_rmdup_core] processing reference NC_007605...
[bam_rmdup_core] processing reference hs37d5...
[bam_rmdup_core] 4926137 / 119183657 = 0.0413 in library 'SZAIPI021747-17'
	Command being timed: "/home/pjotr/opt/samtools-0.1.19/samtools rmdup HG00110.mapped.ILLUMINA.bwa.GBR.low_coverage.20130415.bam /home/pjotr/sam_rmdup.bam"
	User time (seconds): 5104.98
	System time (seconds): 161.82
	Percent of CPU this job got: 99%
	Elapsed (wall clock) time (h:mm:ss or m:ss): 1:28:12
	Average shared text size (kbytes): 0
	Average unshared data size (kbytes): 0
	Average stack size (kbytes): 0
	Average total size (kbytes): 0
	Maximum resident set size (kbytes): 22140
	Average resident set size (kbytes): 0
	Major (requiring I/O) page faults: 0
	Minor (reclaiming a frame) page faults: 30946946
	Voluntary context switches: 364
	Involuntary context switches: 532874
	Swaps: 0
	File system inputs: 8
	File system outputs: 61378296
	Socket messages sent: 0
	Socket messages received: 0
	Signals delivered: 0
	Page size (bytes): 4096
	Exit status: 0
/home/pjotr/opt/samtools-0.1.19/samtools rmdup HG00110.mapped.ILLUMINA.bwa.GBR.low_coverage.20130415.bam /home/pjotr/sam_rmdup.bam
[bam_rmdup_core] processing reference 1...
[bam_rmdup_core] 1 unmatched pairs
[bam_rmdup_core] processing reference 2...
[bam_rmdup_core] 2 unmatched pairs
[bam_rmdup_core] processing reference 3...
[bam_rmdup_core] processing reference 4...
[bam_rmdup_core] 5 unmatched pairs
[bam_rmdup_core] processing reference 5...
[bam_rmdup_core] processing reference 6...
[bam_rmdup_core] 1 unmatched pairs
[bam_rmdup_core] processing reference 7...
[bam_rmdup_core] processing reference 8...
[bam_rmdup_core] processing reference 9...
[bam_rmdup_core] processing reference 10...
[bam_rmdup_core] 1 unmatched pairs
[bam_rmdup_core] processing reference 11...
[bam_rmdup_core] 6 unmatched pairs
[bam_rmdup_core] processing reference 12...
[bam_rmdup_core] 1 unmatched pairs
[bam_rmdup_core] processing reference 13...
[bam_rmdup_core] 2 unmatched pairs
[bam_rmdup_core] processing reference 14...
[bam_rmdup_core] 1 unmatched pairs
[bam_rmdup_core] processing reference 15...
[bam_rmdup_core] 2 unmatched pairs
[bam_rmdup_core] processing reference 16...
[bam_rmdup_core] 1 unmatched pairs
[bam_rmdup_core] processing reference 17...
[bam_rmdup_core] processing reference 18...
[bam_rmdup_core] 1 unmatched pairs
[bam_rmdup_core] processing reference 19...
[bam_rmdup_core] 1 unmatched pairs
[bam_rmdup_core] processing reference 20...
[bam_rmdup_core] 2 unmatched pairs
[bam_rmdup_core] processing reference 21...
[bam_rmdup_core] processing reference 22...
[bam_rmdup_core] processing reference X...
[bam_rmdup_core] processing reference Y...
[bam_rmdup_core] processing reference MT...
[bam_rmdup_core] processing reference GL000207.1...
[bam_rmdup_core] processing reference GL000226.1...
[bam_rmdup_core] processing reference GL000229.1...
[bam_rmdup_core] processing reference GL000231.1...
[bam_rmdup_core] processing reference GL000210.1...
[bam_rmdup_core] processing reference GL000239.1...
[bam_rmdup_core] processing reference GL000235.1...
[bam_rmdup_core] processing reference GL000201.1...
[bam_rmdup_core] processing reference GL000247.1...
[bam_rmdup_core] processing reference GL000245.1...
[bam_rmdup_core] processing reference GL000197.1...
[bam_rmdup_core] processing reference GL000203.1...
[bam_rmdup_core] processing reference GL000246.1...
[bam_rmdup_core] processing reference GL000249.1...
[bam_rmdup_core] processing reference GL000196.1...
[bam_rmdup_core] processing reference GL000248.1...
[bam_rmdup_core] processing reference GL000244.1...
[bam_rmdup_core] processing reference GL000238.1...
[bam_rmdup_core] processing reference GL000202.1...
[bam_rmdup_core] processing reference GL000234.1...
[bam_rmdup_core] processing reference GL000232.1...
[bam_rmdup_core] processing reference GL000206.1...
[bam_rmdup_core] processing reference GL000240.1...
[bam_rmdup_core] processing reference GL000236.1...
[bam_rmdup_core] processing reference GL000241.1...
[bam_rmdup_core] processing reference GL000243.1...
[bam_rmdup_core] processing reference GL000242.1...
[bam_rmdup_core] processing reference GL000230.1...
[bam_rmdup_core] processing reference GL000237.1...
[bam_rmdup_core] processing reference GL000233.1...
[bam_rmdup_core] processing reference GL000204.1...
[bam_rmdup_core] processing reference GL000198.1...
[bam_rmdup_core] processing reference GL000208.1...
[bam_rmdup_core] processing reference GL000191.1...
[bam_rmdup_core] processing reference GL000227.1...
[bam_rmdup_core] processing reference GL000228.1...
[bam_rmdup_core] processing reference GL000214.1...
[bam_rmdup_core] processing reference GL000221.1...
[bam_rmdup_core] processing reference GL000209.1...
[bam_rmdup_core] processing reference GL000218.1...
[bam_rmdup_core] processing reference GL000220.1...
[bam_rmdup_core] processing reference GL000213.1...
[bam_rmdup_core] processing reference GL000211.1...
[bam_rmdup_core] processing reference GL000199.1...
[bam_rmdup_core] processing reference GL000217.1...
[bam_rmdup_core] processing reference GL000216.1...
[bam_rmdup_core] processing reference GL000215.1...
[bam_rmdup_core] processing reference GL000205.1...
[bam_rmdup_core] processing reference GL000219.1...
[bam_rmdup_core] processing reference GL000224.1...
[bam_rmdup_core] processing reference GL000223.1...
[bam_rmdup_core] processing reference GL000195.1...
[bam_rmdup_core] processing reference GL000212.1...
[bam_rmdup_core] processing reference GL000222.1...
[bam_rmdup_core] processing reference GL000200.1...
[bam_rmdup_core] processing reference GL000193.1...
[bam_rmdup_core] processing reference GL000194.1...
[bam_rmdup_core] processing reference GL000225.1...
[bam_rmdup_core] processing reference GL000192.1...
[bam_rmdup_core] processing reference NC_007605...
[bam_rmdup_core] processing reference hs37d5...
[bam_rmdup_core] 4926137 / 119183657 = 0.0413 in library 'SZAIPI021747-17'
	Command being timed: "/home/pjotr/opt/samtools-0.1.19/samtools rmdup HG00110.mapped.ILLUMINA.bwa.GBR.low_coverage.20130415.bam /home/pjotr/sam_rmdup.bam"
	User time (seconds): 5064.57
	System time (seconds): 159.94
	Percent of CPU this job got: 99%
	Elapsed (wall clock) time (h:mm:ss or m:ss): 1:27:33
	Average shared text size (kbytes): 0
	Average unshared data size (kbytes): 0
	Average stack size (kbytes): 0
	Average total size (kbytes): 0
	Maximum resident set size (kbytes): 22140
	Average resident set size (kbytes): 0
	Major (requiring I/O) page faults: 0
	Minor (reclaiming a frame) page faults: 30876911
	Voluntary context switches: 355
	Involuntary context switches: 526492
	Swaps: 0
	File system inputs: 0
	File system outputs: 61378296
	Socket messages sent: 0
	Socket messages received: 0
	Signals delivered: 0
	Page size (bytes): 4096
	Exit status: 0
Sun  7 Dec 23:40:51 CET 2014
