Indexing with samtools
Fri 31 Oct 15:39:38 CET 2014
-r-------- 1 pjotr users 16G Nov 16  2012 /home/pjotr/data/1000genomes/HG01375.mapped.ILLUMINA.bwa.CLM.low_coverage.20120522.bam
lrwxrwxrwx 1 pjotr users 86 Oct 31 15:23 HG01375.mapped.ILLUMINA.bwa.CLM.low_coverage.20120522.bam -> /home/pjotr/data/1000genomes/HG01375.mapped.ILLUMINA.bwa.CLM.low_coverage.20120522.bam
/home/pjotr/opt/bin/samtools index HG01375.mapped.ILLUMINA.bwa.CLM.low_coverage.20120522.bam

real	5m11.523s
user	5m4.670s
sys	0m6.404s
/home/pjotr/opt/bin/samtools index HG01375.mapped.ILLUMINA.bwa.CLM.low_coverage.20120522.bam

real	5m9.676s
user	5m2.674s
sys	0m6.565s
/home/pjotr/opt/bin/samtools index HG01375.mapped.ILLUMINA.bwa.CLM.low_coverage.20120522.bam

real	5m10.325s
user	5m3.770s
sys	0m6.111s
Fri 31 Oct 15:55:10 CET 2014
Indexing with samtools
Fri 31 Oct 17:40:59 CET 2014
-r-------- 1 pjotr users 16G Nov 16  2012 /home/pjotr/data/1000genomes/HG01375.mapped.ILLUMINA.bwa.CLM.low_coverage.20120522.bam
lrwxrwxrwx 1 pjotr users 86 Oct 31 15:23 HG01375.mapped.ILLUMINA.bwa.CLM.low_coverage.20120522.bam -> /home/pjotr/data/1000genomes/HG01375.mapped.ILLUMINA.bwa.CLM.low_coverage.20120522.bam
-r-------- 1 pjotr users 31G Aug 30 10:54 /home/pjotr/data/1000genomes/HG00110.mapped.ILLUMINA.bwa.GBR.low_coverage.20130415.bam
lrwxrwxrwx 1 pjotr users 86 Oct 31 16:58 HG00110.mapped.ILLUMINA.bwa.GBR.low_coverage.20130415.bam -> /home/pjotr/data/1000genomes/HG00110.mapped.ILLUMINA.bwa.GBR.low_coverage.20130415.bam
-rw-r--r-- 1 pjotr users 4.5G Oct 31 16:00 /home/pjotr/data/1000genomes/HG01375.mapped.ILLUMINA.bwa.CLM.low_coverage.20120522.bam.cram
lrwxrwxrwx 1 pjotr users 91 Oct 31 16:23 HG01375.mapped.ILLUMINA.bwa.CLM.low_coverage.20120522.bam.cram -> /home/pjotr/data/1000genomes/HG01375.mapped.ILLUMINA.bwa.CLM.low_coverage.20120522.bam.cram
/home/pjotr/opt/bin/samtools index HG00110.mapped.ILLUMINA.bwa.GBR.low_coverage.20130415.bam

real	9m38.800s
user	9m17.688s
sys	0m20.273s
/home/pjotr/opt/bin/samtools index HG00110.mapped.ILLUMINA.bwa.GBR.low_coverage.20130415.bam

real	9m39.096s
user	9m17.377s
sys	0m20.889s
/home/pjotr/opt/bin/samtools index HG00110.mapped.ILLUMINA.bwa.GBR.low_coverage.20130415.bam

real	9m43.091s
user	9m21.733s
sys	0m20.506s
Fri 31 Oct 18:10:00 CET 2014
Indexing with samtools
Thu 27 Nov 14:44:30 CET 2014
-r-------- 1 pjotr users 1.3G Nov 26 18:01 /home/pjotr/data/1000genomes/HG01375.mapped.ILLUMINA.bwa.CLM.low_coverage.20120522.bam_chr1.bam
lrwxrwxrwx 1 pjotr users 95 Nov 27 14:32 HG01375.mapped.ILLUMINA.bwa.CLM.low_coverage.20120522.bam_chr1.bam -> /home/pjotr/data/1000genomes/HG01375.mapped.ILLUMINA.bwa.CLM.low_coverage.20120522.bam_chr1.bam
-r-------- 1 pjotr users 2.3G Nov 26 17:53 /home/pjotr/data/1000genomes/HG00110.mapped.ILLUMINA.bwa.GBR.low_coverage.20130415.bam_chr1.bam
lrwxrwxrwx 1 pjotr users 95 Nov 27 14:32 HG00110.mapped.ILLUMINA.bwa.GBR.low_coverage.20130415.bam_chr1.bam -> /home/pjotr/data/1000genomes/HG00110.mapped.ILLUMINA.bwa.GBR.low_coverage.20130415.bam_chr1.bam
ln: failed to create symbolic link 'HG01375.mapped.ILLUMINA.bwa.CLM.low_coverage.20120522.bam_chr1.bam.cram': File exists
ls: cannot access /home/pjotr/data/1000genomes/HG01375.mapped.ILLUMINA.bwa.CLM.low_coverage.20120522.bam_chr1.bam.cram: No such file or directory
lrwxrwxrwx 1 pjotr users 100 Nov 27 14:32 HG01375.mapped.ILLUMINA.bwa.CLM.low_coverage.20120522.bam_chr1.bam.cram -> /home/pjotr/data/1000genomes/HG01375.mapped.ILLUMINA.bwa.CLM.low_coverage.20120522.bam_chr1.bam.cram
/home/pjotr/opt/bin/samtools index HG00110.mapped.ILLUMINA.bwa.GBR.low_coverage.20130415.bam_chr1.bam
./scripts/sam_index.sh: line 13: -v: command not found

real	0m43.586s
user	0m41.879s
sys	0m1.606s
/home/pjotr/opt/bin/samtools index HG00110.mapped.ILLUMINA.bwa.GBR.low_coverage.20130415.bam_chr1.bam
./scripts/sam_index.sh: line 13: -v: command not found

real	0m44.057s
user	0m42.287s
sys	0m1.705s
/home/pjotr/opt/bin/samtools index HG00110.mapped.ILLUMINA.bwa.GBR.low_coverage.20130415.bam_chr1.bam
./scripts/sam_index.sh: line 13: -v: command not found

real	0m43.916s
user	0m42.239s
sys	0m1.613s
Thu 27 Nov 14:46:42 CET 2014
Indexing with samtools
Sun  7 Dec 14:51:32 CET 2014
-r-------- 1 pjotr users 16G Nov 16  2012 /home/pjotr/data/1000genomes/HG01375.mapped.ILLUMINA.bwa.CLM.low_coverage.20120522.bam
lrwxrwxrwx 1 pjotr users 86 Oct 31 15:23 HG01375.mapped.ILLUMINA.bwa.CLM.low_coverage.20120522.bam -> /home/pjotr/data/1000genomes/HG01375.mapped.ILLUMINA.bwa.CLM.low_coverage.20120522.bam
ln: failed to create symbolic link 'HG00110.mapped.ILLUMINA.bwa.GBR.low_coverage.20130415.sorted.bam': File exists
ln: failed to create symbolic link 'HG00110.mapped.ILLUMINA.bwa.GBR.low_coverage.20130415.sorted.bam.bai': File exists
-r-------- 1 pjotr users 31G Aug 30 10:54 /home/pjotr/data/1000genomes/HG00110.mapped.ILLUMINA.bwa.GBR.low_coverage.20130415.bam
lrwxrwxrwx 1 pjotr users 86 Oct 31 16:58 HG00110.mapped.ILLUMINA.bwa.GBR.low_coverage.20130415.bam -> /home/pjotr/data/1000genomes/HG00110.mapped.ILLUMINA.bwa.GBR.low_coverage.20130415.bam
-r-------- 1 pjotr users 4.5G Oct 31 16:00 /home/pjotr/data/1000genomes/HG01375.mapped.ILLUMINA.bwa.CLM.low_coverage.20120522.bam.cram
lrwxrwxrwx 1 pjotr users 91 Oct 31 16:23 HG01375.mapped.ILLUMINA.bwa.CLM.low_coverage.20120522.bam.cram -> /home/pjotr/data/1000genomes/HG01375.mapped.ILLUMINA.bwa.CLM.low_coverage.20120522.bam.cram
/home/pjotr/opt/bin/samtools index HG00110.mapped.ILLUMINA.bwa.GBR.low_coverage.20130415.bam
	Command being timed: "/home/pjotr/opt/bin/samtools index HG00110.mapped.ILLUMINA.bwa.GBR.low_coverage.20130415.bam"
	User time (seconds): 556.92
	System time (seconds): 19.65
	Percent of CPU this job got: 99%
	Elapsed (wall clock) time (h:mm:ss or m:ss): 9:37.40
	Average shared text size (kbytes): 0
	Average unshared data size (kbytes): 0
	Average stack size (kbytes): 0
	Average total size (kbytes): 0
	Maximum resident set size (kbytes): 23476
	Average resident set size (kbytes): 0
	Major (requiring I/O) page faults: 0
	Minor (reclaiming a frame) page faults: 11699
	Voluntary context switches: 1
	Involuntary context switches: 58182
	Swaps: 0
	File system inputs: 0
	File system outputs: 17176
	Socket messages sent: 0
	Socket messages received: 0
	Signals delivered: 0
	Page size (bytes): 4096
	Exit status: 0
/home/pjotr/opt/bin/samtools index HG00110.mapped.ILLUMINA.bwa.GBR.low_coverage.20130415.bam
	Command being timed: "/home/pjotr/opt/bin/samtools index HG00110.mapped.ILLUMINA.bwa.GBR.low_coverage.20130415.bam"
	User time (seconds): 560.22
	System time (seconds): 19.96
	Percent of CPU this job got: 99%
	Elapsed (wall clock) time (h:mm:ss or m:ss): 9:41.01
	Average shared text size (kbytes): 0
	Average unshared data size (kbytes): 0
	Average stack size (kbytes): 0
	Average total size (kbytes): 0
	Maximum resident set size (kbytes): 23476
	Average resident set size (kbytes): 0
	Major (requiring I/O) page faults: 0
	Minor (reclaiming a frame) page faults: 10029
	Voluntary context switches: 0
	Involuntary context switches: 58542
	Swaps: 0
	File system inputs: 0
	File system outputs: 17176
	Socket messages sent: 0
	Socket messages received: 0
	Signals delivered: 0
	Page size (bytes): 4096
	Exit status: 0
/home/pjotr/opt/bin/samtools index HG00110.mapped.ILLUMINA.bwa.GBR.low_coverage.20130415.bam
	Command being timed: "/home/pjotr/opt/bin/samtools index HG00110.mapped.ILLUMINA.bwa.GBR.low_coverage.20130415.bam"
	User time (seconds): 557.10
	System time (seconds): 19.76
	Percent of CPU this job got: 99%
	Elapsed (wall clock) time (h:mm:ss or m:ss): 9:37.67
	Average shared text size (kbytes): 0
	Average unshared data size (kbytes): 0
	Average stack size (kbytes): 0
	Average total size (kbytes): 0
	Maximum resident set size (kbytes): 23476
	Average resident set size (kbytes): 0
	Major (requiring I/O) page faults: 0
	Minor (reclaiming a frame) page faults: 11941
	Voluntary context switches: 1
	Involuntary context switches: 58211
	Swaps: 0
	File system inputs: 0
	File system outputs: 17176
	Socket messages sent: 0
	Socket messages received: 0
	Signals delivered: 0
	Page size (bytes): 4096
	Exit status: 0
Sun  7 Dec 15:20:28 CET 2014
