cram2saming with samtools
Sun 30 Nov 13:32:35 CET 2014
-r-------- 1 pjotr users 1.3G Nov 26 18:01 /home/pjotr/data/1000genomes/HG01375.mapped.ILLUMINA.bwa.CLM.low_coverage.20120522.bam_chr1.bam
lrwxrwxrwx 1 pjotr users 95 Nov 27 14:32 HG01375.mapped.ILLUMINA.bwa.CLM.low_coverage.20120522.bam_chr1.bam -> /home/pjotr/data/1000genomes/HG01375.mapped.ILLUMINA.bwa.CLM.low_coverage.20120522.bam_chr1.bam
-r-------- 1 pjotr users 2.3G Nov 26 17:53 /home/pjotr/data/1000genomes/HG00110.mapped.ILLUMINA.bwa.GBR.low_coverage.20130415.bam_chr1.bam
lrwxrwxrwx 1 pjotr users 95 Nov 27 14:32 HG00110.mapped.ILLUMINA.bwa.GBR.low_coverage.20130415.bam_chr1.bam -> /home/pjotr/data/1000genomes/HG00110.mapped.ILLUMINA.bwa.GBR.low_coverage.20130415.bam_chr1.bam
-r-------- 1 pjotr users 4.5G Oct 31 16:00 /home/pjotr/data/1000genomes/HG01375.mapped.ILLUMINA.bwa.CLM.low_coverage.20120522.bam.cram
lrwxrwxrwx 1 pjotr users 91 Oct 31 16:23 HG01375.mapped.ILLUMINA.bwa.CLM.low_coverage.20120522.bam.cram -> /home/pjotr/data/1000genomes/HG01375.mapped.ILLUMINA.bwa.CLM.low_coverage.20120522.bam.cram
/home/pjotr/opt/bin/samtools view -@ 32 HG01375.mapped.ILLUMINA.bwa.CLM.low_coverage.20120522.bam.cram -o sam_cram2sam.sam
Slice ends beyond reference end.
Slice ends beyond reference end.
Slice ends beyond reference end.
Slice ends beyond reference end.
Slice ends beyond reference end.
Slice ends beyond reference end.
Slice ends beyond reference end.
Slice ends beyond reference end.
Slice ends beyond reference end.
Slice ends beyond reference end.
Slice ends beyond reference end.
Slice ends beyond reference end.
Slice ends beyond reference end.
Slice ends beyond reference end.
Slice ends beyond reference end.
Slice ends beyond reference end.
Slice ends beyond reference end.
Slice ends beyond reference end.
Slice ends beyond reference end.
Slice ends beyond reference end.
Slice ends beyond reference end.
Slice ends beyond reference end.
Slice ends beyond reference end.
Slice ends beyond reference end.
Slice ends beyond reference end.
Slice ends beyond reference end.
Slice ends beyond reference end.
Slice ends beyond reference end.
Slice ends beyond reference end.
Slice ends beyond reference end.
[W::hts_close] EOF marker is absent. The input is probably truncated.
	Command being timed: "/home/pjotr/opt/bin/samtools view -@ 32 HG01375.mapped.ILLUMINA.bwa.CLM.low_coverage.20120522.bam.cram -o sam_cram2sam.sam"
	User time (seconds): 839.71
	System time (seconds): 154.01
	Percent of CPU this job got: 87%
	Elapsed (wall clock) time (h:mm:ss or m:ss): 18:54.18
	Average shared text size (kbytes): 0
	Average unshared data size (kbytes): 0
	Average stack size (kbytes): 0
	Average total size (kbytes): 0
	Maximum resident set size (kbytes): 491204
	Average resident set size (kbytes): 0
	Major (requiring I/O) page faults: 0
	Minor (reclaiming a frame) page faults: 22040181
	Voluntary context switches: 147583
	Involuntary context switches: 106695
	Swaps: 0
	File system inputs: 0
	File system outputs: 131719488
	Socket messages sent: 0
	Socket messages received: 0
	Signals delivered: 0
	Page size (bytes): 4096
	Exit status: 0
/home/pjotr/opt/bin/samtools view -@ 16 HG01375.mapped.ILLUMINA.bwa.CLM.low_coverage.20120522.bam.cram -o sam_cram2sam.sam
Command terminated by signal 2
	Command being timed: "/home/pjotr/opt/bin/samtools view -@ 16 HG01375.mapped.ILLUMINA.bwa.CLM.low_coverage.20120522.bam.cram -o sam_cram2sam.sam"
	User time (seconds): 193.26
	System time (seconds): 44.97
	Percent of CPU this job got: 87%
	Elapsed (wall clock) time (h:mm:ss or m:ss): 4:32.58
	Average shared text size (kbytes): 0
	Average unshared data size (kbytes): 0
	Average stack size (kbytes): 0
	Average total size (kbytes): 0
	Maximum resident set size (kbytes): 489556
	Average resident set size (kbytes): 0
	Major (requiring I/O) page faults: 0
	Minor (reclaiming a frame) page faults: 5194484
	Voluntary context switches: 44176
	Involuntary context switches: 25547
	Swaps: 0
	File system inputs: 0
	File system outputs: 30337632
	Socket messages sent: 0
	Socket messages received: 0
	Signals delivered: 0
	Page size (bytes): 4096
	Exit status: 0
cram2saming with samtools
Sun 30 Nov 16:45:48 CET 2014
-r-------- 1 pjotr users 1.3G Nov 26 18:01 /home/pjotr/data/1000genomes/HG01375.mapped.ILLUMINA.bwa.CLM.low_coverage.20120522.bam_chr1.bam
lrwxrwxrwx 1 pjotr users 95 Nov 27 14:32 HG01375.mapped.ILLUMINA.bwa.CLM.low_coverage.20120522.bam_chr1.bam -> /home/pjotr/data/1000genomes/HG01375.mapped.ILLUMINA.bwa.CLM.low_coverage.20120522.bam_chr1.bam
-r-------- 1 pjotr users 2.3G Nov 26 17:53 /home/pjotr/data/1000genomes/HG00110.mapped.ILLUMINA.bwa.GBR.low_coverage.20130415.bam_chr1.bam
lrwxrwxrwx 1 pjotr users 95 Nov 27 14:32 HG00110.mapped.ILLUMINA.bwa.GBR.low_coverage.20130415.bam_chr1.bam -> /home/pjotr/data/1000genomes/HG00110.mapped.ILLUMINA.bwa.GBR.low_coverage.20130415.bam_chr1.bam
-r-------- 1 pjotr users 4.5G Oct 31 16:00 /home/pjotr/data/1000genomes/HG01375.mapped.ILLUMINA.bwa.CLM.low_coverage.20120522.bam.cram
lrwxrwxrwx 1 pjotr users 91 Oct 31 16:23 HG01375.mapped.ILLUMINA.bwa.CLM.low_coverage.20120522.bam.cram -> /home/pjotr/data/1000genomes/HG01375.mapped.ILLUMINA.bwa.CLM.low_coverage.20120522.bam.cram
/home/pjotr/opt/bin/samtools view -@ 32 HG01375.mapped.ILLUMINA.bwa.CLM.low_coverage.20120522.bam.cram -o sam_cram2sam_32.sam
Slice ends beyond reference end.
Slice ends beyond reference end.
Slice ends beyond reference end.
Slice ends beyond reference end.
Slice ends beyond reference end.
Slice ends beyond reference end.
Slice ends beyond reference end.
Slice ends beyond reference end.
Slice ends beyond reference end.
Slice ends beyond reference end.
Slice ends beyond reference end.
Slice ends beyond reference end.
Slice ends beyond reference end.
Slice ends beyond reference end.
Slice ends beyond reference end.
Slice ends beyond reference end.
Slice ends beyond reference end.
Slice ends beyond reference end.
Slice ends beyond reference end.
Slice ends beyond reference end.
Slice ends beyond reference end.
Slice ends beyond reference end.
Slice ends beyond reference end.
Slice ends beyond reference end.
Slice ends beyond reference end.
Slice ends beyond reference end.
Slice ends beyond reference end.
Slice ends beyond reference end.
Slice ends beyond reference end.
Slice ends beyond reference end.
[W::hts_close] EOF marker is absent. The input is probably truncated.
	Command being timed: "/home/pjotr/opt/bin/samtools view -@ 32 HG01375.mapped.ILLUMINA.bwa.CLM.low_coverage.20120522.bam.cram -o sam_cram2sam_32.sam"
	User time (seconds): 842.96
	System time (seconds): 205.05
	Percent of CPU this job got: 89%
	Elapsed (wall clock) time (h:mm:ss or m:ss): 19:36.76
	Average shared text size (kbytes): 0
	Average unshared data size (kbytes): 0
	Average stack size (kbytes): 0
	Average total size (kbytes): 0
	Maximum resident set size (kbytes): 492692
	Average resident set size (kbytes): 0
	Major (requiring I/O) page faults: 0
	Minor (reclaiming a frame) page faults: 22105270
	Voluntary context switches: 183065
	Involuntary context switches: 112280
	Swaps: 0
	File system inputs: 0
	File system outputs: 131952280
	Socket messages sent: 0
	Socket messages received: 0
	Signals delivered: 0
	Page size (bytes): 4096
	Exit status: 0
-rw-r--r-- 1 pjotr users 67438653207 Nov 30 17:05 sam_cram2sam_32.sam
/home/pjotr/opt/bin/samtools view -@ 16 HG01375.mapped.ILLUMINA.bwa.CLM.low_coverage.20120522.bam.cram -o sam_cram2sam_16.sam
Slice ends beyond reference end.
Slice ends beyond reference end.
Slice ends beyond reference end.
Slice ends beyond reference end.
Slice ends beyond reference end.
Slice ends beyond reference end.
Slice ends beyond reference end.
Slice ends beyond reference end.
Slice ends beyond reference end.
Slice ends beyond reference end.
Slice ends beyond reference end.
Slice ends beyond reference end.
Slice ends beyond reference end.
Slice ends beyond reference end.
Slice ends beyond reference end.
Slice ends beyond reference end.
Slice ends beyond reference end.
Slice ends beyond reference end.
Slice ends beyond reference end.
Slice ends beyond reference end.
Slice ends beyond reference end.
Slice ends beyond reference end.
Slice ends beyond reference end.
Slice ends beyond reference end.
Slice ends beyond reference end.
Slice ends beyond reference end.
Slice ends beyond reference end.
Slice ends beyond reference end.
Slice ends beyond reference end.
Slice ends beyond reference end.
[W::hts_close] EOF marker is absent. The input is probably truncated.
	Command being timed: "/home/pjotr/opt/bin/samtools view -@ 16 HG01375.mapped.ILLUMINA.bwa.CLM.low_coverage.20120522.bam.cram -o sam_cram2sam_16.sam"
	User time (seconds): 835.21
	System time (seconds): 168.26
	Percent of CPU this job got: 88%
	Elapsed (wall clock) time (h:mm:ss or m:ss): 18:57.40
	Average shared text size (kbytes): 0
	Average unshared data size (kbytes): 0
	Average stack size (kbytes): 0
	Average total size (kbytes): 0
	Maximum resident set size (kbytes): 488912
	Average resident set size (kbytes): 0
	Major (requiring I/O) page faults: 1
	Minor (reclaiming a frame) page faults: 22329689
	Voluntary context switches: 178490
	Involuntary context switches: 108770
	Swaps: 0
	File system inputs: 248
	File system outputs: 131752944
	Socket messages sent: 0
	Socket messages received: 0
	Signals delivered: 0
	Page size (bytes): 4096
	Exit status: 0
-rw-r--r-- 1 pjotr users 67438653207 Nov 30 17:24 sam_cram2sam_16.sam
/home/pjotr/opt/bin/samtools view -@ 8 HG01375.mapped.ILLUMINA.bwa.CLM.low_coverage.20120522.bam.cram -o sam_cram2sam_8.sam
Slice ends beyond reference end.
Slice ends beyond reference end.
Slice ends beyond reference end.
Slice ends beyond reference end.
Slice ends beyond reference end.
Slice ends beyond reference end.
Slice ends beyond reference end.
Slice ends beyond reference end.
Slice ends beyond reference end.
Slice ends beyond reference end.
Slice ends beyond reference end.
Slice ends beyond reference end.
Slice ends beyond reference end.
Slice ends beyond reference end.
Slice ends beyond reference end.
Slice ends beyond reference end.
Slice ends beyond reference end.
Slice ends beyond reference end.
Slice ends beyond reference end.
Slice ends beyond reference end.
Slice ends beyond reference end.
Slice ends beyond reference end.
Slice ends beyond reference end.
Slice ends beyond reference end.
Slice ends beyond reference end.
Slice ends beyond reference end.
Slice ends beyond reference end.
Slice ends beyond reference end.
Slice ends beyond reference end.
Slice ends beyond reference end.
[W::hts_close] EOF marker is absent. The input is probably truncated.
	Command being timed: "/home/pjotr/opt/bin/samtools view -@ 8 HG01375.mapped.ILLUMINA.bwa.CLM.low_coverage.20120522.bam.cram -o sam_cram2sam_8.sam"
	User time (seconds): 833.75
	System time (seconds): 157.37
	Percent of CPU this job got: 86%
	Elapsed (wall clock) time (h:mm:ss or m:ss): 19:10.92
	Average shared text size (kbytes): 0
	Average unshared data size (kbytes): 0
	Average stack size (kbytes): 0
	Average total size (kbytes): 0
	Maximum resident set size (kbytes): 488916
	Average resident set size (kbytes): 0
	Major (requiring I/O) page faults: 1
	Minor (reclaiming a frame) page faults: 22466814
	Voluntary context switches: 171103
	Involuntary context switches: 112540
	Swaps: 0
	File system inputs: 1279624
	File system outputs: 131717144
	Socket messages sent: 0
	Socket messages received: 0
	Signals delivered: 0
	Page size (bytes): 4096
	Exit status: 0
-rw-r--r-- 1 pjotr users 67438653207 Nov 30 17:43 sam_cram2sam_8.sam
Sun 30 Nov 17:43:33 CET 2014
cram2saming with samtools
Thu  4 Dec 20:30:10 CET 2014
-r-------- 1 pjotr users 1.3G Nov 26 18:01 /home/pjotr/data/1000genomes/HG01375.mapped.ILLUMINA.bwa.CLM.low_coverage.20120522.bam_chr1.bam
lrwxrwxrwx 1 pjotr users 95 Nov 27 14:32 HG01375.mapped.ILLUMINA.bwa.CLM.low_coverage.20120522.bam_chr1.bam -> /home/pjotr/data/1000genomes/HG01375.mapped.ILLUMINA.bwa.CLM.low_coverage.20120522.bam_chr1.bam
-r-------- 1 pjotr users 2.3G Nov 26 17:53 /home/pjotr/data/1000genomes/HG00110.mapped.ILLUMINA.bwa.GBR.low_coverage.20130415.bam_chr1.bam
lrwxrwxrwx 1 pjotr users 95 Nov 27 14:32 HG00110.mapped.ILLUMINA.bwa.GBR.low_coverage.20130415.bam_chr1.bam -> /home/pjotr/data/1000genomes/HG00110.mapped.ILLUMINA.bwa.GBR.low_coverage.20130415.bam_chr1.bam
-r-------- 1 pjotr users 4.5G Oct 31 16:00 /home/pjotr/data/1000genomes/HG01375.mapped.ILLUMINA.bwa.CLM.low_coverage.20120522.bam.cram
lrwxrwxrwx 1 pjotr users 91 Oct 31 16:23 HG01375.mapped.ILLUMINA.bwa.CLM.low_coverage.20120522.bam.cram -> /home/pjotr/data/1000genomes/HG01375.mapped.ILLUMINA.bwa.CLM.low_coverage.20120522.bam.cram
/home/pjotr/opt/bin/samtools view -@ 48 HG01375.mapped.ILLUMINA.bwa.CLM.low_coverage.20120522.bam.cram -o sam_cram2sam_48.sam
Slice ends beyond reference end.
Slice ends beyond reference end.
Slice ends beyond reference end.
Slice ends beyond reference end.
Slice ends beyond reference end.
Slice ends beyond reference end.
Slice ends beyond reference end.
Slice ends beyond reference end.
Slice ends beyond reference end.
Slice ends beyond reference end.
Slice ends beyond reference end.
Slice ends beyond reference end.
Slice ends beyond reference end.
Slice ends beyond reference end.
Slice ends beyond reference end.
Slice ends beyond reference end.
Slice ends beyond reference end.
Slice ends beyond reference end.
Slice ends beyond reference end.
Slice ends beyond reference end.
Slice ends beyond reference end.
Slice ends beyond reference end.
Slice ends beyond reference end.
Slice ends beyond reference end.
Slice ends beyond reference end.
Slice ends beyond reference end.
Slice ends beyond reference end.
Slice ends beyond reference end.
Slice ends beyond reference end.
Slice ends beyond reference end.
[W::hts_close] EOF marker is absent. The input is probably truncated.
	Command being timed: "/home/pjotr/opt/bin/samtools view -@ 48 HG01375.mapped.ILLUMINA.bwa.CLM.low_coverage.20120522.bam.cram -o sam_cram2sam_48.sam"
	User time (seconds): 846.20
	System time (seconds): 154.47
	Percent of CPU this job got: 83%
	Elapsed (wall clock) time (h:mm:ss or m:ss): 19:54.46
	Average shared text size (kbytes): 0
	Average unshared data size (kbytes): 0
	Average stack size (kbytes): 0
	Average total size (kbytes): 0
	Maximum resident set size (kbytes): 490296
	Average resident set size (kbytes): 0
	Major (requiring I/O) page faults: 0
	Minor (reclaiming a frame) page faults: 22265210
	Voluntary context switches: 186938
	Involuntary context switches: 108880
	Swaps: 0
	File system inputs: 0
	File system outputs: 131716136
	Socket messages sent: 0
	Socket messages received: 0
	Signals delivered: 0
	Page size (bytes): 4096
	Exit status: 0
-rw-r--r-- 1 pjotr users 67438653207 Dec  4 20:50 sam_cram2sam_48.sam
/home/pjotr/opt/bin/samtools view -@ 32 HG01375.mapped.ILLUMINA.bwa.CLM.low_coverage.20120522.bam.cram -o sam_cram2sam_32.sam
Slice ends beyond reference end.
Slice ends beyond reference end.
Slice ends beyond reference end.
Slice ends beyond reference end.
Slice ends beyond reference end.
Slice ends beyond reference end.
Slice ends beyond reference end.
Slice ends beyond reference end.
Slice ends beyond reference end.
Slice ends beyond reference end.
Slice ends beyond reference end.
Slice ends beyond reference end.
Slice ends beyond reference end.
Slice ends beyond reference end.
Slice ends beyond reference end.
Slice ends beyond reference end.
Slice ends beyond reference end.
Slice ends beyond reference end.
Slice ends beyond reference end.
Slice ends beyond reference end.
Slice ends beyond reference end.
Slice ends beyond reference end.
Slice ends beyond reference end.
Slice ends beyond reference end.
Slice ends beyond reference end.
Slice ends beyond reference end.
Slice ends beyond reference end.
Slice ends beyond reference end.
Slice ends beyond reference end.
Slice ends beyond reference end.
[W::hts_close] EOF marker is absent. The input is probably truncated.
	Command being timed: "/home/pjotr/opt/bin/samtools view -@ 32 HG01375.mapped.ILLUMINA.bwa.CLM.low_coverage.20120522.bam.cram -o sam_cram2sam_32.sam"
	User time (seconds): 853.23
	System time (seconds): 169.85
	Percent of CPU this job got: 82%
	Elapsed (wall clock) time (h:mm:ss or m:ss): 20:37.05
	Average shared text size (kbytes): 0
	Average unshared data size (kbytes): 0
	Average stack size (kbytes): 0
	Average total size (kbytes): 0
	Maximum resident set size (kbytes): 491164
	Average resident set size (kbytes): 0
	Major (requiring I/O) page faults: 0
	Minor (reclaiming a frame) page faults: 21784279
	Voluntary context switches: 194265
	Involuntary context switches: 109956
	Swaps: 0
	File system inputs: 0
	File system outputs: 131716136
	Socket messages sent: 0
	Socket messages received: 0
	Signals delivered: 0
	Page size (bytes): 4096
	Exit status: 0
-rw-r--r-- 1 pjotr users 67438653207 Dec  4 21:10 sam_cram2sam_32.sam
/home/pjotr/opt/bin/samtools view -@ 16 HG01375.mapped.ILLUMINA.bwa.CLM.low_coverage.20120522.bam.cram -o sam_cram2sam_16.sam
Slice ends beyond reference end.
Slice ends beyond reference end.
Slice ends beyond reference end.
Slice ends beyond reference end.
Slice ends beyond reference end.
Slice ends beyond reference end.
Slice ends beyond reference end.
Slice ends beyond reference end.
Slice ends beyond reference end.
Slice ends beyond reference end.
Slice ends beyond reference end.
Slice ends beyond reference end.
Slice ends beyond reference end.
Slice ends beyond reference end.
Slice ends beyond reference end.
Slice ends beyond reference end.
Slice ends beyond reference end.
Slice ends beyond reference end.
Slice ends beyond reference end.
Slice ends beyond reference end.
Slice ends beyond reference end.
Slice ends beyond reference end.
Slice ends beyond reference end.
Slice ends beyond reference end.
Slice ends beyond reference end.
Slice ends beyond reference end.
Slice ends beyond reference end.
Slice ends beyond reference end.
Slice ends beyond reference end.
Slice ends beyond reference end.
[W::hts_close] EOF marker is absent. The input is probably truncated.
	Command being timed: "/home/pjotr/opt/bin/samtools view -@ 16 HG01375.mapped.ILLUMINA.bwa.CLM.low_coverage.20120522.bam.cram -o sam_cram2sam_16.sam"
	User time (seconds): 847.87
	System time (seconds): 156.91
	Percent of CPU this job got: 82%
	Elapsed (wall clock) time (h:mm:ss or m:ss): 20:16.37
	Average shared text size (kbytes): 0
	Average unshared data size (kbytes): 0
	Average stack size (kbytes): 0
	Average total size (kbytes): 0
	Maximum resident set size (kbytes): 489024
	Average resident set size (kbytes): 0
	Major (requiring I/O) page faults: 0
	Minor (reclaiming a frame) page faults: 22212329
	Voluntary context switches: 162394
	Involuntary context switches: 109459
	Swaps: 0
	File system inputs: 0
	File system outputs: 131716136
	Socket messages sent: 0
	Socket messages received: 0
	Signals delivered: 0
	Page size (bytes): 4096
	Exit status: 0
-rw-r--r-- 1 pjotr users 67438653207 Dec  4 21:30 sam_cram2sam_16.sam
/home/pjotr/opt/bin/samtools view -@ 8 HG01375.mapped.ILLUMINA.bwa.CLM.low_coverage.20120522.bam.cram -o sam_cram2sam_8.sam
Slice ends beyond reference end.
Slice ends beyond reference end.
Slice ends beyond reference end.
Slice ends beyond reference end.
Slice ends beyond reference end.
Slice ends beyond reference end.
Slice ends beyond reference end.
Slice ends beyond reference end.
Slice ends beyond reference end.
Slice ends beyond reference end.
Slice ends beyond reference end.
Slice ends beyond reference end.
Slice ends beyond reference end.
Slice ends beyond reference end.
Slice ends beyond reference end.
Slice ends beyond reference end.
Slice ends beyond reference end.
Slice ends beyond reference end.
Slice ends beyond reference end.
Slice ends beyond reference end.
Slice ends beyond reference end.
Slice ends beyond reference end.
Slice ends beyond reference end.
Slice ends beyond reference end.
Slice ends beyond reference end.
Slice ends beyond reference end.
Slice ends beyond reference end.
Slice ends beyond reference end.
Slice ends beyond reference end.
Slice ends beyond reference end.
[W::hts_close] EOF marker is absent. The input is probably truncated.
	Command being timed: "/home/pjotr/opt/bin/samtools view -@ 8 HG01375.mapped.ILLUMINA.bwa.CLM.low_coverage.20120522.bam.cram -o sam_cram2sam_8.sam"
	User time (seconds): 838.71
	System time (seconds): 157.90
	Percent of CPU this job got: 82%
	Elapsed (wall clock) time (h:mm:ss or m:ss): 20:02.20
	Average shared text size (kbytes): 0
	Average unshared data size (kbytes): 0
	Average stack size (kbytes): 0
	Average total size (kbytes): 0
	Maximum resident set size (kbytes): 488992
	Average resident set size (kbytes): 0
	Major (requiring I/O) page faults: 1
	Minor (reclaiming a frame) page faults: 22555393
	Voluntary context switches: 199359
	Involuntary context switches: 108829
	Swaps: 0
	File system inputs: 248
	File system outputs: 131734320
	Socket messages sent: 0
	Socket messages received: 0
	Signals delivered: 0
	Page size (bytes): 4096
	Exit status: 0
-rw-r--r-- 1 pjotr users 67438653207 Dec  4 21:50 sam_cram2sam_8.sam
/home/pjotr/opt/bin/samtools view -@ 4 HG01375.mapped.ILLUMINA.bwa.CLM.low_coverage.20120522.bam.cram -o sam_cram2sam_4.sam
Slice ends beyond reference end.
Slice ends beyond reference end.
Slice ends beyond reference end.
Slice ends beyond reference end.
Slice ends beyond reference end.
Slice ends beyond reference end.
Slice ends beyond reference end.
Slice ends beyond reference end.
Slice ends beyond reference end.
Slice ends beyond reference end.
Slice ends beyond reference end.
Slice ends beyond reference end.
Slice ends beyond reference end.
Slice ends beyond reference end.
Slice ends beyond reference end.
Slice ends beyond reference end.
Slice ends beyond reference end.
Slice ends beyond reference end.
Slice ends beyond reference end.
Slice ends beyond reference end.
Slice ends beyond reference end.
Slice ends beyond reference end.
Slice ends beyond reference end.
Slice ends beyond reference end.
Slice ends beyond reference end.
Slice ends beyond reference end.
Slice ends beyond reference end.
Slice ends beyond reference end.
Slice ends beyond reference end.
Slice ends beyond reference end.
[W::hts_close] EOF marker is absent. The input is probably truncated.
	Command being timed: "/home/pjotr/opt/bin/samtools view -@ 4 HG01375.mapped.ILLUMINA.bwa.CLM.low_coverage.20120522.bam.cram -o sam_cram2sam_4.sam"
	User time (seconds): 840.45
	System time (seconds): 157.56
	Percent of CPU this job got: 87%
	Elapsed (wall clock) time (h:mm:ss or m:ss): 19:06.08
	Average shared text size (kbytes): 0
	Average unshared data size (kbytes): 0
	Average stack size (kbytes): 0
	Average total size (kbytes): 0
	Maximum resident set size (kbytes): 488808
	Average resident set size (kbytes): 0
	Major (requiring I/O) page faults: 0
	Minor (reclaiming a frame) page faults: 22555987
	Voluntary context switches: 183038
	Involuntary context switches: 108338
	Swaps: 0
	File system inputs: 0
	File system outputs: 131718072
	Socket messages sent: 0
	Socket messages received: 0
	Signals delivered: 0
	Page size (bytes): 4096
	Exit status: 0
-rw-r--r-- 1 pjotr users 67438653207 Dec  4 22:10 sam_cram2sam_4.sam
/home/pjotr/opt/bin/samtools view -@ 1 HG01375.mapped.ILLUMINA.bwa.CLM.low_coverage.20120522.bam.cram -o sam_cram2sam_1.sam
Slice ends beyond reference end.
Slice ends beyond reference end.
Slice ends beyond reference end.
Slice ends beyond reference end.
Slice ends beyond reference end.
Slice ends beyond reference end.
Slice ends beyond reference end.
Slice ends beyond reference end.
Slice ends beyond reference end.
Slice ends beyond reference end.
Slice ends beyond reference end.
Slice ends beyond reference end.
Slice ends beyond reference end.
Slice ends beyond reference end.
Slice ends beyond reference end.
Slice ends beyond reference end.
Slice ends beyond reference end.
Slice ends beyond reference end.
Slice ends beyond reference end.
Slice ends beyond reference end.
Slice ends beyond reference end.
Slice ends beyond reference end.
Slice ends beyond reference end.
Slice ends beyond reference end.
Slice ends beyond reference end.
Slice ends beyond reference end.
Slice ends beyond reference end.
Slice ends beyond reference end.
Slice ends beyond reference end.
Slice ends beyond reference end.
[W::hts_close] EOF marker is absent. The input is probably truncated.
	Command being timed: "/home/pjotr/opt/bin/samtools view -@ 1 HG01375.mapped.ILLUMINA.bwa.CLM.low_coverage.20120522.bam.cram -o sam_cram2sam_1.sam"
	User time (seconds): 837.00
	System time (seconds): 155.66
	Percent of CPU this job got: 80%
	Elapsed (wall clock) time (h:mm:ss or m:ss): 20:32.35
	Average shared text size (kbytes): 0
	Average unshared data size (kbytes): 0
	Average stack size (kbytes): 0
	Average total size (kbytes): 0
	Maximum resident set size (kbytes): 488868
	Average resident set size (kbytes): 0
	Major (requiring I/O) page faults: 2
	Minor (reclaiming a frame) page faults: 22571775
	Voluntary context switches: 170091
	Involuntary context switches: 109474
	Swaps: 0
	File system inputs: 112
	File system outputs: 131724776
	Socket messages sent: 0
	Socket messages received: 0
	Signals delivered: 0
	Page size (bytes): 4096
	Exit status: 0
-rw-r--r-- 1 pjotr users 67438653207 Dec  4 22:30 sam_cram2sam_1.sam
Thu  4 Dec 22:30:38 CET 2014
cram2saming with samtools
Mon  8 Dec 17:37:21 CET 2014
-r-------- 1 pjotr users 16G Nov 16  2012 /home/pjotr/data/1000genomes/HG01375.mapped.ILLUMINA.bwa.CLM.low_coverage.20120522.bam
lrwxrwxrwx 1 pjotr users 86 Oct 31 15:23 HG01375.mapped.ILLUMINA.bwa.CLM.low_coverage.20120522.bam -> /home/pjotr/data/1000genomes/HG01375.mapped.ILLUMINA.bwa.CLM.low_coverage.20120522.bam
ln: failed to create symbolic link 'HG00110.mapped.ILLUMINA.bwa.GBR.low_coverage.20130415.sorted.bam': File exists
ln: failed to create symbolic link 'HG00110.mapped.ILLUMINA.bwa.GBR.low_coverage.20130415.sorted.bam.bai': File exists
-r-------- 1 pjotr users 31G Aug 30 10:54 /home/pjotr/data/1000genomes/HG00110.mapped.ILLUMINA.bwa.GBR.low_coverage.20130415.bam
lrwxrwxrwx 1 pjotr users 86 Oct 31 16:58 HG00110.mapped.ILLUMINA.bwa.GBR.low_coverage.20130415.bam -> /home/pjotr/data/1000genomes/HG00110.mapped.ILLUMINA.bwa.GBR.low_coverage.20130415.bam
-r-------- 1 pjotr users 4.5G Oct 31 16:00 /home/pjotr/data/1000genomes/HG01375.mapped.ILLUMINA.bwa.CLM.low_coverage.20120522.bam.cram
lrwxrwxrwx 1 pjotr users 91 Oct 31 16:23 HG01375.mapped.ILLUMINA.bwa.CLM.low_coverage.20120522.bam.cram -> /home/pjotr/data/1000genomes/HG01375.mapped.ILLUMINA.bwa.CLM.low_coverage.20120522.bam.cram
/home/pjotr/opt/bin/samtools view -@ 48 HG01375.mapped.ILLUMINA.bwa.CLM.low_coverage.20120522.bam.cram -o sam_cram2sam_48.sam
Slice ends beyond reference end.
Slice ends beyond reference end.
Slice ends beyond reference end.
Slice ends beyond reference end.
Slice ends beyond reference end.
Slice ends beyond reference end.
Slice ends beyond reference end.
Slice ends beyond reference end.
Slice ends beyond reference end.
Slice ends beyond reference end.
Slice ends beyond reference end.
Slice ends beyond reference end.
Slice ends beyond reference end.
Slice ends beyond reference end.
Slice ends beyond reference end.
Slice ends beyond reference end.
Slice ends beyond reference end.
Slice ends beyond reference end.
Slice ends beyond reference end.
Slice ends beyond reference end.
Slice ends beyond reference end.
Slice ends beyond reference end.
Slice ends beyond reference end.
Slice ends beyond reference end.
Slice ends beyond reference end.
Slice ends beyond reference end.
Slice ends beyond reference end.
Slice ends beyond reference end.
Slice ends beyond reference end.
Slice ends beyond reference end.
[W::hts_close] EOF marker is absent. The input is probably truncated.
	Command being timed: "/home/pjotr/opt/bin/samtools view -@ 48 HG01375.mapped.ILLUMINA.bwa.CLM.low_coverage.20120522.bam.cram -o sam_cram2sam_48.sam"
	User time (seconds): 845.97
	System time (seconds): 195.16
	Percent of CPU this job got: 78%
	Elapsed (wall clock) time (h:mm:ss or m:ss): 22:13.26
	Average shared text size (kbytes): 0
	Average unshared data size (kbytes): 0
	Average stack size (kbytes): 0
	Average total size (kbytes): 0
	Maximum resident set size (kbytes): 489588
	Average resident set size (kbytes): 0
	Major (requiring I/O) page faults: 1
	Minor (reclaiming a frame) page faults: 21880203
	Voluntary context switches: 199807
	Involuntary context switches: 126284
	Swaps: 0
	File system inputs: 3206216
	File system outputs: 131802696
	Socket messages sent: 0
	Socket messages received: 0
	Signals delivered: 0
	Page size (bytes): 4096
	Exit status: 0
-rw-r--r-- 1 pjotr users 67438653207 Dec  8 17:59 sam_cram2sam_48.sam
/home/pjotr/opt/bin/samtools view -@ 32 HG01375.mapped.ILLUMINA.bwa.CLM.low_coverage.20120522.bam.cram -o sam_cram2sam_32.sam
Slice ends beyond reference end.
Slice ends beyond reference end.
Slice ends beyond reference end.
Slice ends beyond reference end.
Slice ends beyond reference end.
Slice ends beyond reference end.
Slice ends beyond reference end.
Slice ends beyond reference end.
Slice ends beyond reference end.
Slice ends beyond reference end.
Slice ends beyond reference end.
Slice ends beyond reference end.
Slice ends beyond reference end.
Slice ends beyond reference end.
Slice ends beyond reference end.
Slice ends beyond reference end.
Slice ends beyond reference end.
Slice ends beyond reference end.
Slice ends beyond reference end.
Slice ends beyond reference end.
Slice ends beyond reference end.
Slice ends beyond reference end.
Slice ends beyond reference end.
Slice ends beyond reference end.
Slice ends beyond reference end.
Slice ends beyond reference end.
Slice ends beyond reference end.
Slice ends beyond reference end.
Slice ends beyond reference end.
Slice ends beyond reference end.
[W::hts_close] EOF marker is absent. The input is probably truncated.
	Command being timed: "/home/pjotr/opt/bin/samtools view -@ 32 HG01375.mapped.ILLUMINA.bwa.CLM.low_coverage.20120522.bam.cram -o sam_cram2sam_32.sam"
	User time (seconds): 846.76
	System time (seconds): 230.03
	Percent of CPU this job got: 83%
	Elapsed (wall clock) time (h:mm:ss or m:ss): 21:30.74
	Average shared text size (kbytes): 0
	Average unshared data size (kbytes): 0
	Average stack size (kbytes): 0
	Average total size (kbytes): 0
	Maximum resident set size (kbytes): 489756
	Average resident set size (kbytes): 0
	Major (requiring I/O) page faults: 0
	Minor (reclaiming a frame) page faults: 22577066
	Voluntary context switches: 151133
	Involuntary context switches: 117979
	Swaps: 0
	File system inputs: 88
	File system outputs: 131902376
	Socket messages sent: 0
	Socket messages received: 0
	Signals delivered: 0
	Page size (bytes): 4096
	Exit status: 0
-rw-r--r-- 1 pjotr users 67438653207 Dec  8 18:21 sam_cram2sam_32.sam
/home/pjotr/opt/bin/samtools view -@ 16 HG01375.mapped.ILLUMINA.bwa.CLM.low_coverage.20120522.bam.cram -o sam_cram2sam_16.sam
Slice ends beyond reference end.
Slice ends beyond reference end.
Slice ends beyond reference end.
Slice ends beyond reference end.
Slice ends beyond reference end.
Slice ends beyond reference end.
Slice ends beyond reference end.
Slice ends beyond reference end.
Slice ends beyond reference end.
Slice ends beyond reference end.
Slice ends beyond reference end.
Slice ends beyond reference end.
Slice ends beyond reference end.
Slice ends beyond reference end.
Slice ends beyond reference end.
Slice ends beyond reference end.
Slice ends beyond reference end.
Slice ends beyond reference end.
Slice ends beyond reference end.
Slice ends beyond reference end.
Slice ends beyond reference end.
Slice ends beyond reference end.
Slice ends beyond reference end.
Slice ends beyond reference end.
Slice ends beyond reference end.
Slice ends beyond reference end.
Slice ends beyond reference end.
Slice ends beyond reference end.
Slice ends beyond reference end.
Slice ends beyond reference end.
[W::hts_close] EOF marker is absent. The input is probably truncated.
	Command being timed: "/home/pjotr/opt/bin/samtools view -@ 16 HG01375.mapped.ILLUMINA.bwa.CLM.low_coverage.20120522.bam.cram -o sam_cram2sam_16.sam"
	User time (seconds): 837.80
	System time (seconds): 210.70
	Percent of CPU this job got: 82%
	Elapsed (wall clock) time (h:mm:ss or m:ss): 21:15.00
	Average shared text size (kbytes): 0
	Average unshared data size (kbytes): 0
	Average stack size (kbytes): 0
	Average total size (kbytes): 0
	Maximum resident set size (kbytes): 489832
	Average resident set size (kbytes): 0
	Major (requiring I/O) page faults: 0
	Minor (reclaiming a frame) page faults: 22326921
	Voluntary context switches: 149248
	Involuntary context switches: 114924
	Swaps: 0
	File system inputs: 0
	File system outputs: 131824120
	Socket messages sent: 0
	Socket messages received: 0
	Signals delivered: 0
	Page size (bytes): 4096
	Exit status: 0
-rw-r--r-- 1 pjotr users 67438653207 Dec  8 18:42 sam_cram2sam_16.sam
/home/pjotr/opt/bin/samtools view -@ 8 HG01375.mapped.ILLUMINA.bwa.CLM.low_coverage.20120522.bam.cram -o sam_cram2sam_8.sam
Slice ends beyond reference end.
Slice ends beyond reference end.
Slice ends beyond reference end.
Slice ends beyond reference end.
Slice ends beyond reference end.
Slice ends beyond reference end.
Slice ends beyond reference end.
Slice ends beyond reference end.
Slice ends beyond reference end.
Slice ends beyond reference end.
Slice ends beyond reference end.
Slice ends beyond reference end.
Slice ends beyond reference end.
Slice ends beyond reference end.
Slice ends beyond reference end.
Slice ends beyond reference end.
Slice ends beyond reference end.
Slice ends beyond reference end.
Slice ends beyond reference end.
Slice ends beyond reference end.
Slice ends beyond reference end.
Slice ends beyond reference end.
Slice ends beyond reference end.
Slice ends beyond reference end.
Slice ends beyond reference end.
Slice ends beyond reference end.
Slice ends beyond reference end.
Slice ends beyond reference end.
Slice ends beyond reference end.
Slice ends beyond reference end.
[W::hts_close] EOF marker is absent. The input is probably truncated.
	Command being timed: "/home/pjotr/opt/bin/samtools view -@ 8 HG01375.mapped.ILLUMINA.bwa.CLM.low_coverage.20120522.bam.cram -o sam_cram2sam_8.sam"
	User time (seconds): 830.86
	System time (seconds): 218.07
	Percent of CPU this job got: 83%
	Elapsed (wall clock) time (h:mm:ss or m:ss): 20:51.31
	Average shared text size (kbytes): 0
	Average unshared data size (kbytes): 0
	Average stack size (kbytes): 0
	Average total size (kbytes): 0
	Maximum resident set size (kbytes): 488948
	Average resident set size (kbytes): 0
	Major (requiring I/O) page faults: 2
	Minor (reclaiming a frame) page faults: 22538182
	Voluntary context switches: 151494
	Involuntary context switches: 115004
	Swaps: 0
	File system inputs: 376
	File system outputs: 131830824
	Socket messages sent: 0
	Socket messages received: 0
	Signals delivered: 0
	Page size (bytes): 4096
	Exit status: 0
-rw-r--r-- 1 pjotr users 67438653207 Dec  8 19:03 sam_cram2sam_8.sam
/home/pjotr/opt/bin/samtools view -@ 4 HG01375.mapped.ILLUMINA.bwa.CLM.low_coverage.20120522.bam.cram -o sam_cram2sam_4.sam
Slice ends beyond reference end.
Slice ends beyond reference end.
Slice ends beyond reference end.
Slice ends beyond reference end.
Slice ends beyond reference end.
Slice ends beyond reference end.
Slice ends beyond reference end.
Slice ends beyond reference end.
Slice ends beyond reference end.
Slice ends beyond reference end.
Slice ends beyond reference end.
Slice ends beyond reference end.
Slice ends beyond reference end.
Slice ends beyond reference end.
Slice ends beyond reference end.
Slice ends beyond reference end.
Slice ends beyond reference end.
Slice ends beyond reference end.
Slice ends beyond reference end.
Slice ends beyond reference end.
Slice ends beyond reference end.
Slice ends beyond reference end.
Slice ends beyond reference end.
Slice ends beyond reference end.
Slice ends beyond reference end.
Slice ends beyond reference end.
Slice ends beyond reference end.
Slice ends beyond reference end.
Slice ends beyond reference end.
Slice ends beyond reference end.
[W::hts_close] EOF marker is absent. The input is probably truncated.
	Command being timed: "/home/pjotr/opt/bin/samtools view -@ 4 HG01375.mapped.ILLUMINA.bwa.CLM.low_coverage.20120522.bam.cram -o sam_cram2sam_4.sam"
	User time (seconds): 845.82
	System time (seconds): 182.20
	Percent of CPU this job got: 84%
	Elapsed (wall clock) time (h:mm:ss or m:ss): 20:23.18
	Average shared text size (kbytes): 0
	Average unshared data size (kbytes): 0
	Average stack size (kbytes): 0
	Average total size (kbytes): 0
	Maximum resident set size (kbytes): 488920
	Average resident set size (kbytes): 0
	Major (requiring I/O) page faults: 0
	Minor (reclaiming a frame) page faults: 22582141
	Voluntary context switches: 174069
	Involuntary context switches: 112613
	Swaps: 0
	File system inputs: 0
	File system outputs: 131737448
	Socket messages sent: 0
	Socket messages received: 0
	Signals delivered: 0
	Page size (bytes): 4096
	Exit status: 0
-rw-r--r-- 1 pjotr users 67438653207 Dec  8 19:23 sam_cram2sam_4.sam
/home/pjotr/opt/bin/samtools view -@ 1 HG01375.mapped.ILLUMINA.bwa.CLM.low_coverage.20120522.bam.cram -o sam_cram2sam_1.sam
Command terminated by signal 2
	Command being timed: "/home/pjotr/opt/bin/samtools view -@ 1 HG01375.mapped.ILLUMINA.bwa.CLM.low_coverage.20120522.bam.cram -o sam_cram2sam_1.sam"
	User time (seconds): 288.17
	System time (seconds): 58.10
	Percent of CPU this job got: 80%
	Elapsed (wall clock) time (h:mm:ss or m:ss): 7:08.34
	Average shared text size (kbytes): 0
	Average unshared data size (kbytes): 0
	Average stack size (kbytes): 0
	Average total size (kbytes): 0
	Maximum resident set size (kbytes): 490136
	Average resident set size (kbytes): 0
	Major (requiring I/O) page faults: 0
	Minor (reclaiming a frame) page faults: 7649382
	Voluntary context switches: 72039
	Involuntary context switches: 38143
	Swaps: 0
	File system inputs: 0
	File system outputs: 45928912
	Socket messages sent: 0
	Socket messages received: 0
	Signals delivered: 0
	Page size (bytes): 4096
	Exit status: 0
cram2saming with samtools
Tue  9 Dec 15:27:44 CET 2014
-r-------- 1 pjotr users 16G Nov 16  2012 /home/pjotr/data/1000genomes/HG01375.mapped.ILLUMINA.bwa.CLM.low_coverage.20120522.bam
lrwxrwxrwx 1 pjotr users 86 Oct 31 15:23 HG01375.mapped.ILLUMINA.bwa.CLM.low_coverage.20120522.bam -> /home/pjotr/data/1000genomes/HG01375.mapped.ILLUMINA.bwa.CLM.low_coverage.20120522.bam
ln: failed to create symbolic link 'HG00110.mapped.ILLUMINA.bwa.GBR.low_coverage.20130415.sorted.bam': File exists
ln: failed to create symbolic link 'HG00110.mapped.ILLUMINA.bwa.GBR.low_coverage.20130415.sorted.bam.bai': File exists
-r-------- 1 pjotr users 31G Aug 30 10:54 /home/pjotr/data/1000genomes/HG00110.mapped.ILLUMINA.bwa.GBR.low_coverage.20130415.bam
lrwxrwxrwx 1 pjotr users 86 Oct 31 16:58 HG00110.mapped.ILLUMINA.bwa.GBR.low_coverage.20130415.bam -> /home/pjotr/data/1000genomes/HG00110.mapped.ILLUMINA.bwa.GBR.low_coverage.20130415.bam
-r-------- 1 pjotr users 4.5G Oct 31 16:00 /home/pjotr/data/1000genomes/HG01375.mapped.ILLUMINA.bwa.CLM.low_coverage.20120522.bam.cram
lrwxrwxrwx 1 pjotr users 91 Oct 31 16:23 HG01375.mapped.ILLUMINA.bwa.CLM.low_coverage.20120522.bam.cram -> /home/pjotr/data/1000genomes/HG01375.mapped.ILLUMINA.bwa.CLM.low_coverage.20120522.bam.cram
/home/pjotr/opt/bin/samtools view -@ 48 HG00110.mapped.ILLUMINA.bwa.GBR.low_coverage.20130415.bam.cram -o sam_cram2sam_48.sam
Slice ends beyond reference end.
Slice ends beyond reference end.
Slice ends beyond reference end.
Slice ends beyond reference end.
Slice ends beyond reference end.
Slice ends beyond reference end.
Slice ends beyond reference end.
Slice ends beyond reference end.
Slice ends beyond reference end.
Slice ends beyond reference end.
Slice ends beyond reference end.
Slice ends beyond reference end.
Slice ends beyond reference end.
Slice ends beyond reference end.
Slice ends beyond reference end.
Slice ends beyond reference end.
Slice ends beyond reference end.
Slice ends beyond reference end.
Slice ends beyond reference end.
Slice ends beyond reference end.
Slice ends beyond reference end.
Slice ends beyond reference end.
Slice ends beyond reference end.
Slice ends beyond reference end.
Slice ends beyond reference end.
Slice ends beyond reference end.
Slice ends beyond reference end.
Slice ends beyond reference end.
Slice ends beyond reference end.
Slice ends beyond reference end.
Slice ends beyond reference end.
Slice ends beyond reference end.
Slice ends beyond reference end.
Slice ends beyond reference end.
Slice ends beyond reference end.
Slice ends beyond reference end.
Slice ends beyond reference end.
Slice ends beyond reference end.
Slice ends beyond reference end.
Slice ends beyond reference end.
Slice ends beyond reference end.
Slice ends beyond reference end.
[W::hts_close] EOF marker is absent. The input is probably truncated.
	Command being timed: "/home/pjotr/opt/bin/samtools view -@ 48 HG00110.mapped.ILLUMINA.bwa.GBR.low_coverage.20130415.bam.cram -o sam_cram2sam_48.sam"
	User time (seconds): 1449.14
	System time (seconds): 220.65
	Percent of CPU this job got: 90%
	Elapsed (wall clock) time (h:mm:ss or m:ss): 30:49.38
	Average shared text size (kbytes): 0
	Average unshared data size (kbytes): 0
	Average stack size (kbytes): 0
	Average total size (kbytes): 0
	Maximum resident set size (kbytes): 487752
	Average resident set size (kbytes): 0
	Major (requiring I/O) page faults: 2
	Minor (reclaiming a frame) page faults: 17039554
	Voluntary context switches: 188830
	Involuntary context switches: 177799
	Swaps: 0
	File system inputs: 384
	File system outputs: 225403744
	Socket messages sent: 0
	Socket messages received: 0
	Signals delivered: 0
	Page size (bytes): 4096
	Exit status: 0
-rw-r--r-- 1 pjotr users 115378330121 Dec  9 15:58 sam_cram2sam_48.sam
/home/pjotr/opt/bin/samtools view -@ 32 HG00110.mapped.ILLUMINA.bwa.GBR.low_coverage.20130415.bam.cram -o sam_cram2sam_32.sam
Slice ends beyond reference end.
Slice ends beyond reference end.
Slice ends beyond reference end.
Slice ends beyond reference end.
Slice ends beyond reference end.
Slice ends beyond reference end.
Slice ends beyond reference end.
Slice ends beyond reference end.
Slice ends beyond reference end.
Slice ends beyond reference end.
Slice ends beyond reference end.
Slice ends beyond reference end.
Slice ends beyond reference end.
Slice ends beyond reference end.
Slice ends beyond reference end.
Slice ends beyond reference end.
Slice ends beyond reference end.
Slice ends beyond reference end.
Slice ends beyond reference end.
Slice ends beyond reference end.
Slice ends beyond reference end.
Slice ends beyond reference end.
Slice ends beyond reference end.
Slice ends beyond reference end.
Slice ends beyond reference end.
Slice ends beyond reference end.
Slice ends beyond reference end.
Slice ends beyond reference end.
Slice ends beyond reference end.
Slice ends beyond reference end.
Slice ends beyond reference end.
Slice ends beyond reference end.
Slice ends beyond reference end.
Slice ends beyond reference end.
Slice ends beyond reference end.
Slice ends beyond reference end.
Slice ends beyond reference end.
Slice ends beyond reference end.
Slice ends beyond reference end.
Slice ends beyond reference end.
Slice ends beyond reference end.
Slice ends beyond reference end.
[W::hts_close] EOF marker is absent. The input is probably truncated.
	Command being timed: "/home/pjotr/opt/bin/samtools view -@ 32 HG00110.mapped.ILLUMINA.bwa.GBR.low_coverage.20130415.bam.cram -o sam_cram2sam_32.sam"
	User time (seconds): 1457.44
	System time (seconds): 233.30
	Percent of CPU this job got: 91%
	Elapsed (wall clock) time (h:mm:ss or m:ss): 30:51.93
	Average shared text size (kbytes): 0
	Average unshared data size (kbytes): 0
	Average stack size (kbytes): 0
	Average total size (kbytes): 0
	Maximum resident set size (kbytes): 487688
	Average resident set size (kbytes): 0
	Major (requiring I/O) page faults: 0
	Minor (reclaiming a frame) page faults: 17004250
	Voluntary context switches: 184572
	Involuntary context switches: 178726
	Swaps: 0
	File system inputs: 0
	File system outputs: 225348720
	Socket messages sent: 0
	Socket messages received: 0
	Signals delivered: 0
	Page size (bytes): 4096
	Exit status: 0
-rw-r--r-- 1 pjotr users 115378330121 Dec  9 16:29 sam_cram2sam_32.sam
/home/pjotr/opt/bin/samtools view -@ 16 HG00110.mapped.ILLUMINA.bwa.GBR.low_coverage.20130415.bam.cram -o sam_cram2sam_16.sam
Slice ends beyond reference end.
Slice ends beyond reference end.
Slice ends beyond reference end.
Slice ends beyond reference end.
Slice ends beyond reference end.
Slice ends beyond reference end.
Slice ends beyond reference end.
Slice ends beyond reference end.
Slice ends beyond reference end.
Slice ends beyond reference end.
Slice ends beyond reference end.
Slice ends beyond reference end.
Slice ends beyond reference end.
Slice ends beyond reference end.
Slice ends beyond reference end.
Slice ends beyond reference end.
Slice ends beyond reference end.
Slice ends beyond reference end.
Slice ends beyond reference end.
Slice ends beyond reference end.
Slice ends beyond reference end.
Slice ends beyond reference end.
Slice ends beyond reference end.
Slice ends beyond reference end.
Slice ends beyond reference end.
Slice ends beyond reference end.
Slice ends beyond reference end.
Slice ends beyond reference end.
Slice ends beyond reference end.
Slice ends beyond reference end.
Slice ends beyond reference end.
Slice ends beyond reference end.
Slice ends beyond reference end.
Slice ends beyond reference end.
Slice ends beyond reference end.
Slice ends beyond reference end.
Slice ends beyond reference end.
Slice ends beyond reference end.
Slice ends beyond reference end.
Slice ends beyond reference end.
Slice ends beyond reference end.
Slice ends beyond reference end.
[W::hts_close] EOF marker is absent. The input is probably truncated.
	Command being timed: "/home/pjotr/opt/bin/samtools view -@ 16 HG00110.mapped.ILLUMINA.bwa.GBR.low_coverage.20130415.bam.cram -o sam_cram2sam_16.sam"
	User time (seconds): 1457.28
	System time (seconds): 223.86
	Percent of CPU this job got: 91%
	Elapsed (wall clock) time (h:mm:ss or m:ss): 30:32.75
	Average shared text size (kbytes): 0
	Average unshared data size (kbytes): 0
	Average stack size (kbytes): 0
	Average total size (kbytes): 0
	Maximum resident set size (kbytes): 487808
	Average resident set size (kbytes): 0
	Major (requiring I/O) page faults: 2
	Minor (reclaiming a frame) page faults: 17072491
	Voluntary context switches: 151160
	Involuntary context switches: 177839
	Swaps: 0
	File system inputs: 376
	File system outputs: 225369752
	Socket messages sent: 0
	Socket messages received: 0
	Signals delivered: 0
	Page size (bytes): 4096
	Exit status: 0
-rw-r--r-- 1 pjotr users 115378330121 Dec  9 16:59 sam_cram2sam_16.sam
/home/pjotr/opt/bin/samtools view -@ 8 HG00110.mapped.ILLUMINA.bwa.GBR.low_coverage.20130415.bam.cram -o sam_cram2sam_8.sam
Slice ends beyond reference end.
Slice ends beyond reference end.
Slice ends beyond reference end.
Slice ends beyond reference end.
Slice ends beyond reference end.
Slice ends beyond reference end.
Slice ends beyond reference end.
Slice ends beyond reference end.
Slice ends beyond reference end.
Slice ends beyond reference end.
Slice ends beyond reference end.
Slice ends beyond reference end.
Slice ends beyond reference end.
Slice ends beyond reference end.
Slice ends beyond reference end.
Slice ends beyond reference end.
Slice ends beyond reference end.
Slice ends beyond reference end.
Slice ends beyond reference end.
Slice ends beyond reference end.
Slice ends beyond reference end.
Slice ends beyond reference end.
Slice ends beyond reference end.
Slice ends beyond reference end.
Slice ends beyond reference end.
Slice ends beyond reference end.
Slice ends beyond reference end.
Slice ends beyond reference end.
Slice ends beyond reference end.
Slice ends beyond reference end.
Slice ends beyond reference end.
Slice ends beyond reference end.
Slice ends beyond reference end.
Slice ends beyond reference end.
Slice ends beyond reference end.
Slice ends beyond reference end.
Slice ends beyond reference end.
Slice ends beyond reference end.
Slice ends beyond reference end.
Slice ends beyond reference end.
Slice ends beyond reference end.
Slice ends beyond reference end.
[W::hts_close] EOF marker is absent. The input is probably truncated.
	Command being timed: "/home/pjotr/opt/bin/samtools view -@ 8 HG00110.mapped.ILLUMINA.bwa.GBR.low_coverage.20130415.bam.cram -o sam_cram2sam_8.sam"
	User time (seconds): 1470.25
	System time (seconds): 206.40
	Percent of CPU this job got: 91%
	Elapsed (wall clock) time (h:mm:ss or m:ss): 30:26.81
	Average shared text size (kbytes): 0
	Average unshared data size (kbytes): 0
	Average stack size (kbytes): 0
	Average total size (kbytes): 0
	Maximum resident set size (kbytes): 487824
	Average resident set size (kbytes): 0
	Major (requiring I/O) page faults: 0
	Minor (reclaiming a frame) page faults: 17031394
	Voluntary context switches: 176608
	Involuntary context switches: 177220
	Swaps: 0
	File system inputs: 0
	File system outputs: 225351624
	Socket messages sent: 0
	Socket messages received: 0
	Signals delivered: 0
	Page size (bytes): 4096
	Exit status: 0
-rw-r--r-- 1 pjotr users 115378330121 Dec  9 17:30 sam_cram2sam_8.sam
/home/pjotr/opt/bin/samtools view -@ 4 HG00110.mapped.ILLUMINA.bwa.GBR.low_coverage.20130415.bam.cram -o sam_cram2sam_4.sam
Slice ends beyond reference end.
Slice ends beyond reference end.
Slice ends beyond reference end.
Slice ends beyond reference end.
Slice ends beyond reference end.
Slice ends beyond reference end.
Slice ends beyond reference end.
Slice ends beyond reference end.
Slice ends beyond reference end.
Slice ends beyond reference end.
Slice ends beyond reference end.
Slice ends beyond reference end.
Slice ends beyond reference end.
Slice ends beyond reference end.
Slice ends beyond reference end.
Slice ends beyond reference end.
Slice ends beyond reference end.
Slice ends beyond reference end.
Slice ends beyond reference end.
Slice ends beyond reference end.
Slice ends beyond reference end.
Slice ends beyond reference end.
Slice ends beyond reference end.
Slice ends beyond reference end.
Slice ends beyond reference end.
Slice ends beyond reference end.
Slice ends beyond reference end.
Slice ends beyond reference end.
Slice ends beyond reference end.
Slice ends beyond reference end.
Slice ends beyond reference end.
Slice ends beyond reference end.
Slice ends beyond reference end.
Slice ends beyond reference end.
Slice ends beyond reference end.
Slice ends beyond reference end.
Slice ends beyond reference end.
Slice ends beyond reference end.
Slice ends beyond reference end.
Slice ends beyond reference end.
Slice ends beyond reference end.
Slice ends beyond reference end.
[W::hts_close] EOF marker is absent. The input is probably truncated.
	Command being timed: "/home/pjotr/opt/bin/samtools view -@ 4 HG00110.mapped.ILLUMINA.bwa.GBR.low_coverage.20130415.bam.cram -o sam_cram2sam_4.sam"
	User time (seconds): 1450.69
	System time (seconds): 214.28
	Percent of CPU this job got: 89%
	Elapsed (wall clock) time (h:mm:ss or m:ss): 30:53.50
	Average shared text size (kbytes): 0
	Average unshared data size (kbytes): 0
	Average stack size (kbytes): 0
	Average total size (kbytes): 0
	Maximum resident set size (kbytes): 487840
	Average resident set size (kbytes): 0
	Major (requiring I/O) page faults: 2
	Minor (reclaiming a frame) page faults: 17033162
	Voluntary context switches: 149204
	Involuntary context switches: 176475
	Swaps: 0
	File system inputs: 376
	File system outputs: 225349728
	Socket messages sent: 0
	Socket messages received: 0
	Signals delivered: 0
	Page size (bytes): 4096
	Exit status: 0
-rw-r--r-- 1 pjotr users 115378330121 Dec  9 18:01 sam_cram2sam_4.sam
/home/pjotr/opt/bin/samtools view -@ 1 HG00110.mapped.ILLUMINA.bwa.GBR.low_coverage.20130415.bam.cram -o sam_cram2sam_1.sam
Slice ends beyond reference end.
Slice ends beyond reference end.
Slice ends beyond reference end.
Slice ends beyond reference end.
Slice ends beyond reference end.
Slice ends beyond reference end.
Slice ends beyond reference end.
Slice ends beyond reference end.
Slice ends beyond reference end.
Slice ends beyond reference end.
Slice ends beyond reference end.
Slice ends beyond reference end.
Slice ends beyond reference end.
Slice ends beyond reference end.
Slice ends beyond reference end.
Slice ends beyond reference end.
Slice ends beyond reference end.
Slice ends beyond reference end.
Slice ends beyond reference end.
Slice ends beyond reference end.
Slice ends beyond reference end.
Slice ends beyond reference end.
Slice ends beyond reference end.
Slice ends beyond reference end.
Slice ends beyond reference end.
Slice ends beyond reference end.
Slice ends beyond reference end.
Slice ends beyond reference end.
Slice ends beyond reference end.
Slice ends beyond reference end.
Slice ends beyond reference end.
Slice ends beyond reference end.
Slice ends beyond reference end.
Slice ends beyond reference end.
Slice ends beyond reference end.
Slice ends beyond reference end.
Slice ends beyond reference end.
Slice ends beyond reference end.
Slice ends beyond reference end.
Slice ends beyond reference end.
Slice ends beyond reference end.
Slice ends beyond reference end.
[W::hts_close] EOF marker is absent. The input is probably truncated.
	Command being timed: "/home/pjotr/opt/bin/samtools view -@ 1 HG00110.mapped.ILLUMINA.bwa.GBR.low_coverage.20130415.bam.cram -o sam_cram2sam_1.sam"
	User time (seconds): 1448.47
	System time (seconds): 219.81
	Percent of CPU this job got: 92%
	Elapsed (wall clock) time (h:mm:ss or m:ss): 30:09.57
	Average shared text size (kbytes): 0
	Average unshared data size (kbytes): 0
	Average stack size (kbytes): 0
	Average total size (kbytes): 0
	Maximum resident set size (kbytes): 487912
	Average resident set size (kbytes): 0
	Major (requiring I/O) page faults: 0
	Minor (reclaiming a frame) page faults: 17057216
	Voluntary context switches: 225942
	Involuntary context switches: 176388
	Swaps: 0
	File system inputs: 0
	File system outputs: 225351648
	Socket messages sent: 0
	Socket messages received: 0
	Signals delivered: 0
	Page size (bytes): 4096
	Exit status: 0
-rw-r--r-- 1 pjotr users 115378330121 Dec  9 18:31 sam_cram2sam_1.sam
Tue  9 Dec 18:31:28 CET 2014
cram2saming with samtools
Wed 10 Dec 22:56:12 CET 2014
-r-------- 1 pjotr users 16G Nov 16  2012 /home/pjotr/data/1000genomes/HG01375.mapped.ILLUMINA.bwa.CLM.low_coverage.20120522.bam
lrwxrwxrwx 1 pjotr users 86 Oct 31 15:23 HG01375.mapped.ILLUMINA.bwa.CLM.low_coverage.20120522.bam -> /home/pjotr/data/1000genomes/HG01375.mapped.ILLUMINA.bwa.CLM.low_coverage.20120522.bam
ln: failed to create symbolic link 'HG00110.mapped.ILLUMINA.bwa.GBR.low_coverage.20130415.sorted.bam': File exists
ln: failed to create symbolic link 'HG00110.mapped.ILLUMINA.bwa.GBR.low_coverage.20130415.sorted.bam.bai': File exists
-r-------- 1 pjotr users 31G Aug 30 10:54 /home/pjotr/data/1000genomes/HG00110.mapped.ILLUMINA.bwa.GBR.low_coverage.20130415.bam
lrwxrwxrwx 1 pjotr users 86 Oct 31 16:58 HG00110.mapped.ILLUMINA.bwa.GBR.low_coverage.20130415.bam -> /home/pjotr/data/1000genomes/HG00110.mapped.ILLUMINA.bwa.GBR.low_coverage.20130415.bam
-r-------- 1 pjotr users 4.5G Oct 31 16:00 /home/pjotr/data/1000genomes/HG01375.mapped.ILLUMINA.bwa.CLM.low_coverage.20120522.bam.cram
lrwxrwxrwx 1 pjotr users 91 Oct 31 16:23 HG01375.mapped.ILLUMINA.bwa.CLM.low_coverage.20120522.bam.cram -> /home/pjotr/data/1000genomes/HG01375.mapped.ILLUMINA.bwa.CLM.low_coverage.20120522.bam.cram
/home/pjotr/opt/bin/samtools view -@ 48 HG00110.mapped.ILLUMINA.bwa.GBR.low_coverage.20130415.bam.cram -o /mnt/ramdisk/sam_cram2sam.sam
Slice ends beyond reference end.
Slice ends beyond reference end.
Slice ends beyond reference end.
Slice ends beyond reference end.
Slice ends beyond reference end.
Slice ends beyond reference end.
Slice ends beyond reference end.
Slice ends beyond reference end.
Slice ends beyond reference end.
Slice ends beyond reference end.
Slice ends beyond reference end.
Slice ends beyond reference end.
Slice ends beyond reference end.
Slice ends beyond reference end.
Slice ends beyond reference end.
Slice ends beyond reference end.
Slice ends beyond reference end.
Slice ends beyond reference end.
Slice ends beyond reference end.
Slice ends beyond reference end.
Slice ends beyond reference end.
Slice ends beyond reference end.
Slice ends beyond reference end.
Slice ends beyond reference end.
Slice ends beyond reference end.
Slice ends beyond reference end.
Slice ends beyond reference end.
Slice ends beyond reference end.
Slice ends beyond reference end.
Slice ends beyond reference end.
Slice ends beyond reference end.
Slice ends beyond reference end.
Slice ends beyond reference end.
Slice ends beyond reference end.
Slice ends beyond reference end.
Slice ends beyond reference end.
Slice ends beyond reference end.
Slice ends beyond reference end.
Slice ends beyond reference end.
Slice ends beyond reference end.
Slice ends beyond reference end.
Slice ends beyond reference end.
[W::hts_close] EOF marker is absent. The input is probably truncated.
	Command being timed: "/home/pjotr/opt/bin/samtools view -@ 48 HG00110.mapped.ILLUMINA.bwa.GBR.low_coverage.20130415.bam.cram -o /mnt/ramdisk/sam_cram2sam.sam"
	User time (seconds): 1492.68
	System time (seconds): 179.42
	Percent of CPU this job got: 91%
	Elapsed (wall clock) time (h:mm:ss or m:ss): 30:32.90
	Average shared text size (kbytes): 0
	Average unshared data size (kbytes): 0
	Average stack size (kbytes): 0
	Average total size (kbytes): 0
	Maximum resident set size (kbytes): 490000
	Average resident set size (kbytes): 0
	Major (requiring I/O) page faults: 5
	Minor (reclaiming a frame) page faults: 16182597
	Voluntary context switches: 150147
	Involuntary context switches: 176411
	Swaps: 0
	File system inputs: 1856
	File system outputs: 64
	Socket messages sent: 0
	Socket messages received: 0
	Signals delivered: 0
	Page size (bytes): 4096
	Exit status: 0
-rw-r--r-- 1 pjotr users 115378330121 Dec 10 23:27 /mnt/ramdisk/sam_cram2sam.sam
/home/pjotr/opt/bin/samtools view -@ 32 HG00110.mapped.ILLUMINA.bwa.GBR.low_coverage.20130415.bam.cram -o /mnt/ramdisk/sam_cram2sam.sam
Slice ends beyond reference end.
Slice ends beyond reference end.
Slice ends beyond reference end.
Slice ends beyond reference end.
Slice ends beyond reference end.
Slice ends beyond reference end.
Slice ends beyond reference end.
Slice ends beyond reference end.
Slice ends beyond reference end.
Slice ends beyond reference end.
Slice ends beyond reference end.
Slice ends beyond reference end.
Slice ends beyond reference end.
Slice ends beyond reference end.
Slice ends beyond reference end.
Slice ends beyond reference end.
Slice ends beyond reference end.
Slice ends beyond reference end.
Slice ends beyond reference end.
Slice ends beyond reference end.
Slice ends beyond reference end.
Slice ends beyond reference end.
Slice ends beyond reference end.
Slice ends beyond reference end.
Slice ends beyond reference end.
Slice ends beyond reference end.
Slice ends beyond reference end.
Slice ends beyond reference end.
Slice ends beyond reference end.
Slice ends beyond reference end.
Slice ends beyond reference end.
Slice ends beyond reference end.
Slice ends beyond reference end.
Slice ends beyond reference end.
Slice ends beyond reference end.
Slice ends beyond reference end.
Slice ends beyond reference end.
Slice ends beyond reference end.
Slice ends beyond reference end.
Slice ends beyond reference end.
Slice ends beyond reference end.
Slice ends beyond reference end.
[W::hts_close] EOF marker is absent. The input is probably truncated.
	Command being timed: "/home/pjotr/opt/bin/samtools view -@ 32 HG00110.mapped.ILLUMINA.bwa.GBR.low_coverage.20130415.bam.cram -o /mnt/ramdisk/sam_cram2sam.sam"
	User time (seconds): 1487.52
	System time (seconds): 171.42
	Percent of CPU this job got: 92%
	Elapsed (wall clock) time (h:mm:ss or m:ss): 30:00.77
	Average shared text size (kbytes): 0
	Average unshared data size (kbytes): 0
	Average stack size (kbytes): 0
	Average total size (kbytes): 0
	Maximum resident set size (kbytes): 489912
	Average resident set size (kbytes): 0
	Major (requiring I/O) page faults: 0
	Minor (reclaiming a frame) page faults: 16177000
	Voluntary context switches: 145587
	Involuntary context switches: 175014
	Swaps: 0
	File system inputs: 0
	File system outputs: 56
	Socket messages sent: 0
	Socket messages received: 0
	Signals delivered: 0
	Page size (bytes): 4096
	Exit status: 0
-rw-r--r-- 1 pjotr users 115378330121 Dec 10 23:57 /mnt/ramdisk/sam_cram2sam.sam
/home/pjotr/opt/bin/samtools view -@ 16 HG00110.mapped.ILLUMINA.bwa.GBR.low_coverage.20130415.bam.cram -o /mnt/ramdisk/sam_cram2sam.sam
Slice ends beyond reference end.
Slice ends beyond reference end.
Slice ends beyond reference end.
Slice ends beyond reference end.
Slice ends beyond reference end.
Slice ends beyond reference end.
Slice ends beyond reference end.
Slice ends beyond reference end.
Slice ends beyond reference end.
Slice ends beyond reference end.
Slice ends beyond reference end.
Slice ends beyond reference end.
Slice ends beyond reference end.
Slice ends beyond reference end.
Slice ends beyond reference end.
Slice ends beyond reference end.
Slice ends beyond reference end.
Slice ends beyond reference end.
Slice ends beyond reference end.
Slice ends beyond reference end.
Slice ends beyond reference end.
Slice ends beyond reference end.
Slice ends beyond reference end.
Slice ends beyond reference end.
Slice ends beyond reference end.
Slice ends beyond reference end.
Slice ends beyond reference end.
Slice ends beyond reference end.
Slice ends beyond reference end.
Slice ends beyond reference end.
Slice ends beyond reference end.
Slice ends beyond reference end.
Slice ends beyond reference end.
Slice ends beyond reference end.
Slice ends beyond reference end.
Slice ends beyond reference end.
Slice ends beyond reference end.
Slice ends beyond reference end.
Slice ends beyond reference end.
Slice ends beyond reference end.
Slice ends beyond reference end.
Slice ends beyond reference end.
[W::hts_close] EOF marker is absent. The input is probably truncated.
	Command being timed: "/home/pjotr/opt/bin/samtools view -@ 16 HG00110.mapped.ILLUMINA.bwa.GBR.low_coverage.20130415.bam.cram -o /mnt/ramdisk/sam_cram2sam.sam"
	User time (seconds): 1499.74
	System time (seconds): 175.94
	Percent of CPU this job got: 92%
	Elapsed (wall clock) time (h:mm:ss or m:ss): 30:19.88
	Average shared text size (kbytes): 0
	Average unshared data size (kbytes): 0
	Average stack size (kbytes): 0
	Average total size (kbytes): 0
	Maximum resident set size (kbytes): 490472
	Average resident set size (kbytes): 0
	Major (requiring I/O) page faults: 0
	Minor (reclaiming a frame) page faults: 16183799
	Voluntary context switches: 149331
	Involuntary context switches: 176576
	Swaps: 0
	File system inputs: 0
	File system outputs: 64
	Socket messages sent: 0
	Socket messages received: 0
	Signals delivered: 0
	Page size (bytes): 4096
	Exit status: 0
-rw-r--r-- 1 pjotr users 115378330121 Dec 11 00:28 /mnt/ramdisk/sam_cram2sam.sam
/home/pjotr/opt/bin/samtools view -@ 8 HG00110.mapped.ILLUMINA.bwa.GBR.low_coverage.20130415.bam.cram -o /mnt/ramdisk/sam_cram2sam.sam
Slice ends beyond reference end.
Slice ends beyond reference end.
Slice ends beyond reference end.
Slice ends beyond reference end.
Slice ends beyond reference end.
Slice ends beyond reference end.
Slice ends beyond reference end.
Slice ends beyond reference end.
Slice ends beyond reference end.
Slice ends beyond reference end.
Slice ends beyond reference end.
Slice ends beyond reference end.
Slice ends beyond reference end.
Slice ends beyond reference end.
Slice ends beyond reference end.
Slice ends beyond reference end.
Slice ends beyond reference end.
Slice ends beyond reference end.
Slice ends beyond reference end.
Slice ends beyond reference end.
Slice ends beyond reference end.
Slice ends beyond reference end.
Slice ends beyond reference end.
Slice ends beyond reference end.
Slice ends beyond reference end.
Slice ends beyond reference end.
Slice ends beyond reference end.
Slice ends beyond reference end.
Slice ends beyond reference end.
Slice ends beyond reference end.
Slice ends beyond reference end.
Slice ends beyond reference end.
Slice ends beyond reference end.
Slice ends beyond reference end.
Slice ends beyond reference end.
Slice ends beyond reference end.
Slice ends beyond reference end.
Slice ends beyond reference end.
Slice ends beyond reference end.
Slice ends beyond reference end.
Slice ends beyond reference end.
Slice ends beyond reference end.
[W::hts_close] EOF marker is absent. The input is probably truncated.
	Command being timed: "/home/pjotr/opt/bin/samtools view -@ 8 HG00110.mapped.ILLUMINA.bwa.GBR.low_coverage.20130415.bam.cram -o /mnt/ramdisk/sam_cram2sam.sam"
	User time (seconds): 1487.43
	System time (seconds): 176.85
	Percent of CPU this job got: 90%
	Elapsed (wall clock) time (h:mm:ss or m:ss): 30:35.73
	Average shared text size (kbytes): 0
	Average unshared data size (kbytes): 0
	Average stack size (kbytes): 0
	Average total size (kbytes): 0
	Maximum resident set size (kbytes): 488984
	Average resident set size (kbytes): 0
	Major (requiring I/O) page faults: 0
	Minor (reclaiming a frame) page faults: 16179459
	Voluntary context switches: 159606
	Involuntary context switches: 176027
	Swaps: 0
	File system inputs: 0
	File system outputs: 56
	Socket messages sent: 0
	Socket messages received: 0
	Signals delivered: 0
	Page size (bytes): 4096
	Exit status: 0
-rw-r--r-- 1 pjotr users 115378330121 Dec 11 00:58 /mnt/ramdisk/sam_cram2sam.sam
/home/pjotr/opt/bin/samtools view -@ 4 HG00110.mapped.ILLUMINA.bwa.GBR.low_coverage.20130415.bam.cram -o /mnt/ramdisk/sam_cram2sam.sam
Slice ends beyond reference end.
Slice ends beyond reference end.
Slice ends beyond reference end.
Slice ends beyond reference end.
Slice ends beyond reference end.
Slice ends beyond reference end.
Slice ends beyond reference end.
Slice ends beyond reference end.
Slice ends beyond reference end.
Slice ends beyond reference end.
Slice ends beyond reference end.
Slice ends beyond reference end.
Slice ends beyond reference end.
Slice ends beyond reference end.
Slice ends beyond reference end.
Slice ends beyond reference end.
Slice ends beyond reference end.
Slice ends beyond reference end.
Slice ends beyond reference end.
Slice ends beyond reference end.
Slice ends beyond reference end.
Slice ends beyond reference end.
Slice ends beyond reference end.
Slice ends beyond reference end.
Slice ends beyond reference end.
Slice ends beyond reference end.
Slice ends beyond reference end.
Slice ends beyond reference end.
Slice ends beyond reference end.
Slice ends beyond reference end.
Slice ends beyond reference end.
Slice ends beyond reference end.
Slice ends beyond reference end.
Slice ends beyond reference end.
Slice ends beyond reference end.
Slice ends beyond reference end.
Slice ends beyond reference end.
Slice ends beyond reference end.
Slice ends beyond reference end.
Slice ends beyond reference end.
Slice ends beyond reference end.
Slice ends beyond reference end.
[W::hts_close] EOF marker is absent. The input is probably truncated.
	Command being timed: "/home/pjotr/opt/bin/samtools view -@ 4 HG00110.mapped.ILLUMINA.bwa.GBR.low_coverage.20130415.bam.cram -o /mnt/ramdisk/sam_cram2sam.sam"
	User time (seconds): 1493.61
	System time (seconds): 175.17
	Percent of CPU this job got: 91%
	Elapsed (wall clock) time (h:mm:ss or m:ss): 30:17.01
	Average shared text size (kbytes): 0
	Average unshared data size (kbytes): 0
	Average stack size (kbytes): 0
	Average total size (kbytes): 0
	Maximum resident set size (kbytes): 490388
	Average resident set size (kbytes): 0
	Major (requiring I/O) page faults: 0
	Minor (reclaiming a frame) page faults: 16183194
	Voluntary context switches: 148514
	Involuntary context switches: 176031
	Swaps: 0
	File system inputs: 0
	File system outputs: 56
	Socket messages sent: 0
	Socket messages received: 0
	Signals delivered: 0
	Page size (bytes): 4096
	Exit status: 0
-rw-r--r-- 1 pjotr users 115378330121 Dec 11 01:29 /mnt/ramdisk/sam_cram2sam.sam
/home/pjotr/opt/bin/samtools view -@ 1 HG00110.mapped.ILLUMINA.bwa.GBR.low_coverage.20130415.bam.cram -o /mnt/ramdisk/sam_cram2sam.sam
Slice ends beyond reference end.
Slice ends beyond reference end.
Slice ends beyond reference end.
Slice ends beyond reference end.
Slice ends beyond reference end.
Slice ends beyond reference end.
Slice ends beyond reference end.
Slice ends beyond reference end.
Slice ends beyond reference end.
Slice ends beyond reference end.
Slice ends beyond reference end.
Slice ends beyond reference end.
Slice ends beyond reference end.
Slice ends beyond reference end.
Slice ends beyond reference end.
Slice ends beyond reference end.
Slice ends beyond reference end.
Slice ends beyond reference end.
Slice ends beyond reference end.
Slice ends beyond reference end.
Slice ends beyond reference end.
Slice ends beyond reference end.
Slice ends beyond reference end.
Slice ends beyond reference end.
Slice ends beyond reference end.
Slice ends beyond reference end.
Slice ends beyond reference end.
Slice ends beyond reference end.
Slice ends beyond reference end.
Slice ends beyond reference end.
Slice ends beyond reference end.
Slice ends beyond reference end.
Slice ends beyond reference end.
Slice ends beyond reference end.
Slice ends beyond reference end.
Slice ends beyond reference end.
Slice ends beyond reference end.
Slice ends beyond reference end.
Slice ends beyond reference end.
Slice ends beyond reference end.
Slice ends beyond reference end.
Slice ends beyond reference end.
[W::hts_close] EOF marker is absent. The input is probably truncated.
	Command being timed: "/home/pjotr/opt/bin/samtools view -@ 1 HG00110.mapped.ILLUMINA.bwa.GBR.low_coverage.20130415.bam.cram -o /mnt/ramdisk/sam_cram2sam.sam"
	User time (seconds): 1495.35
	System time (seconds): 177.89
	Percent of CPU this job got: 90%
	Elapsed (wall clock) time (h:mm:ss or m:ss): 30:45.48
	Average shared text size (kbytes): 0
	Average unshared data size (kbytes): 0
	Average stack size (kbytes): 0
	Average total size (kbytes): 0
	Maximum resident set size (kbytes): 491500
	Average resident set size (kbytes): 0
	Major (requiring I/O) page faults: 0
	Minor (reclaiming a frame) page faults: 16175900
	Voluntary context switches: 154386
	Involuntary context switches: 176906
	Swaps: 0
	File system inputs: 0
	File system outputs: 64
	Socket messages sent: 0
	Socket messages received: 0
	Signals delivered: 0
	Page size (bytes): 4096
	Exit status: 0
-rw-r--r-- 1 pjotr users 115378330121 Dec 11 02:00 /mnt/ramdisk/sam_cram2sam.sam
Thu 11 Dec 02:00:33 CET 2014
