filter with sambamba
Fri 28 Nov 19:37:43 CET 2014
-r-------- 1 pjotr users 1.3G Nov 26 18:01 /home/pjotr/data/1000genomes/HG01375.mapped.ILLUMINA.bwa.CLM.low_coverage.20120522.bam_chr1.bam
lrwxrwxrwx 1 pjotr users 95 Nov 27 14:32 HG01375.mapped.ILLUMINA.bwa.CLM.low_coverage.20120522.bam_chr1.bam -> /home/pjotr/data/1000genomes/HG01375.mapped.ILLUMINA.bwa.CLM.low_coverage.20120522.bam_chr1.bam
-r-------- 1 pjotr users 2.3G Nov 26 17:53 /home/pjotr/data/1000genomes/HG00110.mapped.ILLUMINA.bwa.GBR.low_coverage.20130415.bam_chr1.bam
lrwxrwxrwx 1 pjotr users 95 Nov 27 14:32 HG00110.mapped.ILLUMINA.bwa.GBR.low_coverage.20130415.bam_chr1.bam -> /home/pjotr/data/1000genomes/HG00110.mapped.ILLUMINA.bwa.GBR.low_coverage.20130415.bam_chr1.bam
ln: failed to create symbolic link 'HG01375.mapped.ILLUMINA.bwa.CLM.low_coverage.20120522.bam_chr1.bam.cram': File exists
ls: cannot access /home/pjotr/data/1000genomes/HG01375.mapped.ILLUMINA.bwa.CLM.low_coverage.20120522.bam_chr1.bam.cram: No such file or directory
lrwxrwxrwx 1 pjotr users 100 Nov 27 14:32 HG01375.mapped.ILLUMINA.bwa.CLM.low_coverage.20120522.bam_chr1.bam.cram -> /home/pjotr/data/1000genomes/HG01375.mapped.ILLUMINA.bwa.CLM.low_coverage.20120522.bam_chr1.bam.cram
/home/pjotr/opt/sambamba-0.5.0-alhpa_ldc-0.15 view -t 47 -F 'mapping_quality>30 and ref_id==0' -o smb_filter.sam HG00110.mapped.ILLUMINA.bwa.GBR.low_coverage.20130415.bam_chr1.bam
	Command being timed: "/home/pjotr/opt/sambamba-0.5.0-alhpa_ldc-0.15 view -t 47 -F mapping_quality>30 and ref_id==0 -o smb_filter.sam HG00110.mapped.ILLUMINA.bwa.GBR.low_coverage.20130415.bam_chr1.bam"
	User time (seconds): 227.30
	System time (seconds): 20.29
	Percent of CPU this job got: 705%
	Elapsed (wall clock) time (h:mm:ss or m:ss): 0:35.07
	Average shared text size (kbytes): 0
	Average unshared data size (kbytes): 0
	Average stack size (kbytes): 0
	Average total size (kbytes): 0
	Maximum resident set size (kbytes): 198364
	Average resident set size (kbytes): 0
	Major (requiring I/O) page faults: 0
	Minor (reclaiming a frame) page faults: 102207
	Voluntary context switches: 192341
	Involuntary context switches: 103135
	Swaps: 0
	File system inputs: 0
	File system outputs: 17604784
	Socket messages sent: 0
	Socket messages received: 0
	Signals delivered: 0
	Page size (bytes): 4096
	Exit status: 0
/home/pjotr/opt/sambamba-0.5.0-alhpa_ldc-0.15 view -t 31 -F 'mapping_quality>30 and ref_id==0' -o smb_filter.sam HG00110.mapped.ILLUMINA.bwa.GBR.low_coverage.20130415.bam_chr1.bam
	Command being timed: "/home/pjotr/opt/sambamba-0.5.0-alhpa_ldc-0.15 view -t 31 -F mapping_quality>30 and ref_id==0 -o smb_filter.sam HG00110.mapped.ILLUMINA.bwa.GBR.low_coverage.20130415.bam_chr1.bam"
	User time (seconds): 230.97
	System time (seconds): 22.61
	Percent of CPU this job got: 697%
	Elapsed (wall clock) time (h:mm:ss or m:ss): 0:36.36
	Average shared text size (kbytes): 0
	Average unshared data size (kbytes): 0
	Average stack size (kbytes): 0
	Average total size (kbytes): 0
	Maximum resident set size (kbytes): 134480
	Average resident set size (kbytes): 0
	Major (requiring I/O) page faults: 0
	Minor (reclaiming a frame) page faults: 65091
	Voluntary context switches: 190709
	Involuntary context switches: 96557
	Swaps: 0
	File system inputs: 0
	File system outputs: 17604768
	Socket messages sent: 0
	Socket messages received: 0
	Signals delivered: 0
	Page size (bytes): 4096
	Exit status: 0
/home/pjotr/opt/sambamba-0.5.0-alhpa_ldc-0.15 view -t 15 -F 'mapping_quality>30 and ref_id==0' -o smb_filter.sam HG00110.mapped.ILLUMINA.bwa.GBR.low_coverage.20130415.bam_chr1.bam
	Command being timed: "/home/pjotr/opt/sambamba-0.5.0-alhpa_ldc-0.15 view -t 15 -F mapping_quality>30 and ref_id==0 -o smb_filter.sam HG00110.mapped.ILLUMINA.bwa.GBR.low_coverage.20130415.bam_chr1.bam"
	User time (seconds): 194.57
	System time (seconds): 21.28
	Percent of CPU this job got: 625%
	Elapsed (wall clock) time (h:mm:ss or m:ss): 0:34.53
	Average shared text size (kbytes): 0
	Average unshared data size (kbytes): 0
	Average stack size (kbytes): 0
	Average total size (kbytes): 0
	Maximum resident set size (kbytes): 72364
	Average resident set size (kbytes): 0
	Major (requiring I/O) page faults: 0
	Minor (reclaiming a frame) page faults: 35271
	Voluntary context switches: 189740
	Involuntary context switches: 49789
	Swaps: 0
	File system inputs: 0
	File system outputs: 17604768
	Socket messages sent: 0
	Socket messages received: 0
	Signals delivered: 0
	Page size (bytes): 4096
	Exit status: 0
/home/pjotr/opt/sambamba-0.5.0-alhpa_ldc-0.15 view -t 7 -F 'mapping_quality>30 and ref_id==0' -o smb_filter.sam HG00110.mapped.ILLUMINA.bwa.GBR.low_coverage.20130415.bam_chr1.bam
	Command being timed: "/home/pjotr/opt/sambamba-0.5.0-alhpa_ldc-0.15 view -t 7 -F mapping_quality>30 and ref_id==0 -o smb_filter.sam HG00110.mapped.ILLUMINA.bwa.GBR.low_coverage.20130415.bam_chr1.bam"
	User time (seconds): 147.93
	System time (seconds): 20.82
	Percent of CPU this job got: 472%
	Elapsed (wall clock) time (h:mm:ss or m:ss): 0:35.71
	Average shared text size (kbytes): 0
	Average unshared data size (kbytes): 0
	Average stack size (kbytes): 0
	Average total size (kbytes): 0
	Maximum resident set size (kbytes): 34640
	Average resident set size (kbytes): 0
	Major (requiring I/O) page faults: 0
	Minor (reclaiming a frame) page faults: 21625
	Voluntary context switches: 189215
	Involuntary context switches: 26681
	Swaps: 0
	File system inputs: 0
	File system outputs: 17604776
	Socket messages sent: 0
	Socket messages received: 0
	Signals delivered: 0
	Page size (bytes): 4096
	Exit status: 0
Fri 28 Nov 19:40:05 CET 2014
filter with sambamba
Mon  8 Dec 14:19:06 CET 2014
-r-------- 1 pjotr users 16G Nov 16  2012 /home/pjotr/data/1000genomes/HG01375.mapped.ILLUMINA.bwa.CLM.low_coverage.20120522.bam
lrwxrwxrwx 1 pjotr users 86 Oct 31 15:23 HG01375.mapped.ILLUMINA.bwa.CLM.low_coverage.20120522.bam -> /home/pjotr/data/1000genomes/HG01375.mapped.ILLUMINA.bwa.CLM.low_coverage.20120522.bam
ln: failed to create symbolic link 'HG00110.mapped.ILLUMINA.bwa.GBR.low_coverage.20130415.sorted.bam': File exists
ln: failed to create symbolic link 'HG00110.mapped.ILLUMINA.bwa.GBR.low_coverage.20130415.sorted.bam.bai': File exists
-r-------- 1 pjotr users 31G Aug 30 10:54 /home/pjotr/data/1000genomes/HG00110.mapped.ILLUMINA.bwa.GBR.low_coverage.20130415.bam
lrwxrwxrwx 1 pjotr users 86 Oct 31 16:58 HG00110.mapped.ILLUMINA.bwa.GBR.low_coverage.20130415.bam -> /home/pjotr/data/1000genomes/HG00110.mapped.ILLUMINA.bwa.GBR.low_coverage.20130415.bam
-r-------- 1 pjotr users 4.5G Oct 31 16:00 /home/pjotr/data/1000genomes/HG01375.mapped.ILLUMINA.bwa.CLM.low_coverage.20120522.bam.cram
lrwxrwxrwx 1 pjotr users 91 Oct 31 16:23 HG01375.mapped.ILLUMINA.bwa.CLM.low_coverage.20120522.bam.cram -> /home/pjotr/data/1000genomes/HG01375.mapped.ILLUMINA.bwa.CLM.low_coverage.20120522.bam.cram
/home/pjotr/opt/bin/sambamba_ldc-0.14.0 view -t 47 -F 'mapping_quality>30 and ref_id==0' -o smb_filter.sam HG00110.mapped.ILLUMINA.bwa.GBR.low_coverage.20130415.bam
filter with sambamba
Mon  8 Dec 15:31:46 CET 2014
-r-------- 1 pjotr users 16G Nov 16  2012 /home/pjotr/data/1000genomes/HG01375.mapped.ILLUMINA.bwa.CLM.low_coverage.20120522.bam
lrwxrwxrwx 1 pjotr users 86 Oct 31 15:23 HG01375.mapped.ILLUMINA.bwa.CLM.low_coverage.20120522.bam -> /home/pjotr/data/1000genomes/HG01375.mapped.ILLUMINA.bwa.CLM.low_coverage.20120522.bam
ln: failed to create symbolic link 'HG00110.mapped.ILLUMINA.bwa.GBR.low_coverage.20130415.sorted.bam': File exists
ln: failed to create symbolic link 'HG00110.mapped.ILLUMINA.bwa.GBR.low_coverage.20130415.sorted.bam.bai': File exists
-r-------- 1 pjotr users 31G Aug 30 10:54 /home/pjotr/data/1000genomes/HG00110.mapped.ILLUMINA.bwa.GBR.low_coverage.20130415.bam
lrwxrwxrwx 1 pjotr users 86 Oct 31 16:58 HG00110.mapped.ILLUMINA.bwa.GBR.low_coverage.20130415.bam -> /home/pjotr/data/1000genomes/HG00110.mapped.ILLUMINA.bwa.GBR.low_coverage.20130415.bam
-r-------- 1 pjotr users 4.5G Oct 31 16:00 /home/pjotr/data/1000genomes/HG01375.mapped.ILLUMINA.bwa.CLM.low_coverage.20120522.bam.cram
lrwxrwxrwx 1 pjotr users 91 Oct 31 16:23 HG01375.mapped.ILLUMINA.bwa.CLM.low_coverage.20120522.bam.cram -> /home/pjotr/data/1000genomes/HG01375.mapped.ILLUMINA.bwa.CLM.low_coverage.20120522.bam.cram
/home/pjotr/opt/bin/sambamba_ldc-0.14.0 view -t 47 -F 'mapping_quality>30 and ref_id==0' -o smb_filter.sam HG00110.mapped.ILLUMINA.bwa.GBR.low_coverage.20130415.bam
	Command being timed: "/home/pjotr/opt/bin/sambamba_ldc-0.14.0 view -t 47 -F mapping_quality>30 and ref_id==0 -o smb_filter.sam HG00110.mapped.ILLUMINA.bwa.GBR.low_coverage.20130415.bam"
	User time (seconds): 1794.53
	System time (seconds): 97.44
	Percent of CPU this job got: 837%
	Elapsed (wall clock) time (h:mm:ss or m:ss): 3:45.99
	Average shared text size (kbytes): 0
	Average unshared data size (kbytes): 0
	Average stack size (kbytes): 0
	Average total size (kbytes): 0
	Maximum resident set size (kbytes): 201408
	Average resident set size (kbytes): 0
	Major (requiring I/O) page faults: 0
	Minor (reclaiming a frame) page faults: 52778
	Voluntary context switches: 1814918
	Involuntary context switches: 790365
	Swaps: 0
	File system inputs: 0
	File system outputs: 17604792
	Socket messages sent: 0
	Socket messages received: 0
	Signals delivered: 0
	Page size (bytes): 4096
	Exit status: 0
/home/pjotr/opt/bin/sambamba_ldc-0.14.0 view -t 31 -F 'mapping_quality>30 and ref_id==0' -o smb_filter.sam HG00110.mapped.ILLUMINA.bwa.GBR.low_coverage.20130415.bam
	Command being timed: "/home/pjotr/opt/bin/sambamba_ldc-0.14.0 view -t 31 -F mapping_quality>30 and ref_id==0 -o smb_filter.sam HG00110.mapped.ILLUMINA.bwa.GBR.low_coverage.20130415.bam"
	User time (seconds): 1734.84
	System time (seconds): 100.51
	Percent of CPU this job got: 841%
	Elapsed (wall clock) time (h:mm:ss or m:ss): 3:38.13
	Average shared text size (kbytes): 0
	Average unshared data size (kbytes): 0
	Average stack size (kbytes): 0
	Average total size (kbytes): 0
	Maximum resident set size (kbytes): 137100
	Average resident set size (kbytes): 0
	Major (requiring I/O) page faults: 0
	Minor (reclaiming a frame) page faults: 48238
	Voluntary context switches: 1826857
	Involuntary context switches: 599630
	Swaps: 0
	File system inputs: 0
	File system outputs: 17604760
	Socket messages sent: 0
	Socket messages received: 0
	Signals delivered: 0
	Page size (bytes): 4096
	Exit status: 0
/home/pjotr/opt/bin/sambamba_ldc-0.14.0 view -t 15 -F 'mapping_quality>30 and ref_id==0' -o smb_filter.sam HG00110.mapped.ILLUMINA.bwa.GBR.low_coverage.20130415.bam
	Command being timed: "/home/pjotr/opt/bin/sambamba_ldc-0.14.0 view -t 15 -F mapping_quality>30 and ref_id==0 -o smb_filter.sam HG00110.mapped.ILLUMINA.bwa.GBR.low_coverage.20130415.bam"
	User time (seconds): 1362.17
	System time (seconds): 84.52
	Percent of CPU this job got: 739%
	Elapsed (wall clock) time (h:mm:ss or m:ss): 3:15.72
	Average shared text size (kbytes): 0
	Average unshared data size (kbytes): 0
	Average stack size (kbytes): 0
	Average total size (kbytes): 0
	Maximum resident set size (kbytes): 69012
	Average resident set size (kbytes): 0
	Major (requiring I/O) page faults: 0
	Minor (reclaiming a frame) page faults: 46946
	Voluntary context switches: 1817996
	Involuntary context switches: 292242
	Swaps: 0
	File system inputs: 0
	File system outputs: 17604760
	Socket messages sent: 0
	Socket messages received: 0
	Signals delivered: 0
	Page size (bytes): 4096
	Exit status: 0
/home/pjotr/opt/bin/sambamba_ldc-0.14.0 view -t 7 -F 'mapping_quality>30 and ref_id==0' -o smb_filter.sam HG00110.mapped.ILLUMINA.bwa.GBR.low_coverage.20130415.bam
	Command being timed: "/home/pjotr/opt/bin/sambamba_ldc-0.14.0 view -t 7 -F mapping_quality>30 and ref_id==0 -o smb_filter.sam HG00110.mapped.ILLUMINA.bwa.GBR.low_coverage.20130415.bam"
	User time (seconds): 1053.48
	System time (seconds): 75.16
	Percent of CPU this job got: 541%
	Elapsed (wall clock) time (h:mm:ss or m:ss): 3:28.50
	Average shared text size (kbytes): 0
	Average unshared data size (kbytes): 0
	Average stack size (kbytes): 0
	Average total size (kbytes): 0
	Maximum resident set size (kbytes): 32672
	Average resident set size (kbytes): 0
	Major (requiring I/O) page faults: 0
	Minor (reclaiming a frame) page faults: 7321
	Voluntary context switches: 1804252
	Involuntary context switches: 164940
	Swaps: 0
	File system inputs: 0
	File system outputs: 17604760
	Socket messages sent: 0
	Socket messages received: 0
	Signals delivered: 0
	Page size (bytes): 4096
	Exit status: 0
Mon  8 Dec 15:45:55 CET 2014
filter with sambamba
Mon  8 Dec 19:30:29 CET 2014
-r-------- 1 pjotr users 16G Nov 16  2012 /home/pjotr/data/1000genomes/HG01375.mapped.ILLUMINA.bwa.CLM.low_coverage.20120522.bam
lrwxrwxrwx 1 pjotr users 86 Oct 31 15:23 HG01375.mapped.ILLUMINA.bwa.CLM.low_coverage.20120522.bam -> /home/pjotr/data/1000genomes/HG01375.mapped.ILLUMINA.bwa.CLM.low_coverage.20120522.bam
ln: failed to create symbolic link 'HG00110.mapped.ILLUMINA.bwa.GBR.low_coverage.20130415.sorted.bam': File exists
ln: failed to create symbolic link 'HG00110.mapped.ILLUMINA.bwa.GBR.low_coverage.20130415.sorted.bam.bai': File exists
-r-------- 1 pjotr users 31G Aug 30 10:54 /home/pjotr/data/1000genomes/HG00110.mapped.ILLUMINA.bwa.GBR.low_coverage.20130415.bam
lrwxrwxrwx 1 pjotr users 86 Oct 31 16:58 HG00110.mapped.ILLUMINA.bwa.GBR.low_coverage.20130415.bam -> /home/pjotr/data/1000genomes/HG00110.mapped.ILLUMINA.bwa.GBR.low_coverage.20130415.bam
-r-------- 1 pjotr users 4.5G Oct 31 16:00 /home/pjotr/data/1000genomes/HG01375.mapped.ILLUMINA.bwa.CLM.low_coverage.20120522.bam.cram
lrwxrwxrwx 1 pjotr users 91 Oct 31 16:23 HG01375.mapped.ILLUMINA.bwa.CLM.low_coverage.20120522.bam.cram -> /home/pjotr/data/1000genomes/HG01375.mapped.ILLUMINA.bwa.CLM.low_coverage.20120522.bam.cram
/home/pjotr/opt/bin/sambamba_ldc-0.14.0 view -t 47 -F 'mapping_quality>30' -o smb_filter.sam HG00110.mapped.ILLUMINA.bwa.GBR.low_coverage.20130415.bam 1
Command terminated by signal 2
	Command being timed: "/home/pjotr/opt/bin/sambamba_ldc-0.14.0 view -t 47 -F mapping_quality>30 -o smb_filter.sam HG00110.mapped.ILLUMINA.bwa.GBR.low_coverage.20130415.bam 1"
	User time (seconds): 4.45
	System time (seconds): 3.00
	Percent of CPU this job got: 231%
	Elapsed (wall clock) time (h:mm:ss or m:ss): 0:03.21
	Average shared text size (kbytes): 0
	Average unshared data size (kbytes): 0
	Average stack size (kbytes): 0
	Average total size (kbytes): 0
	Maximum resident set size (kbytes): 202704
	Average resident set size (kbytes): 0
	Major (requiring I/O) page faults: 5
	Minor (reclaiming a frame) page faults: 13333
	Voluntary context switches: 6473
	Involuntary context switches: 2191
	Swaps: 0
	File system inputs: 520
	File system outputs: 244648
	Socket messages sent: 0
	Socket messages received: 0
	Signals delivered: 0
	Page size (bytes): 4096
	Exit status: 0
filter with sambamba
Mon  8 Dec 19:30:46 CET 2014
-r-------- 1 pjotr users 16G Nov 16  2012 /home/pjotr/data/1000genomes/HG01375.mapped.ILLUMINA.bwa.CLM.low_coverage.20120522.bam
lrwxrwxrwx 1 pjotr users 86 Oct 31 15:23 HG01375.mapped.ILLUMINA.bwa.CLM.low_coverage.20120522.bam -> /home/pjotr/data/1000genomes/HG01375.mapped.ILLUMINA.bwa.CLM.low_coverage.20120522.bam
ln: failed to create symbolic link 'HG00110.mapped.ILLUMINA.bwa.GBR.low_coverage.20130415.sorted.bam': File exists
ln: failed to create symbolic link 'HG00110.mapped.ILLUMINA.bwa.GBR.low_coverage.20130415.sorted.bam.bai': File exists
-r-------- 1 pjotr users 31G Aug 30 10:54 /home/pjotr/data/1000genomes/HG00110.mapped.ILLUMINA.bwa.GBR.low_coverage.20130415.bam
lrwxrwxrwx 1 pjotr users 86 Oct 31 16:58 HG00110.mapped.ILLUMINA.bwa.GBR.low_coverage.20130415.bam -> /home/pjotr/data/1000genomes/HG00110.mapped.ILLUMINA.bwa.GBR.low_coverage.20130415.bam
-r-------- 1 pjotr users 4.5G Oct 31 16:00 /home/pjotr/data/1000genomes/HG01375.mapped.ILLUMINA.bwa.CLM.low_coverage.20120522.bam.cram
lrwxrwxrwx 1 pjotr users 91 Oct 31 16:23 HG01375.mapped.ILLUMINA.bwa.CLM.low_coverage.20120522.bam.cram -> /home/pjotr/data/1000genomes/HG01375.mapped.ILLUMINA.bwa.CLM.low_coverage.20120522.bam.cram
/home/pjotr/opt/bin/sambamba_ldc-0.14.0 view -t 47 -F 'mapping_quality>30' -o smb_filter.sam HG00110.mapped.ILLUMINA.bwa.GBR.low_coverage.20130415.bam 1
	Command being timed: "/home/pjotr/opt/bin/sambamba_ldc-0.14.0 view -t 47 -F mapping_quality>30 -o smb_filter.sam HG00110.mapped.ILLUMINA.bwa.GBR.low_coverage.20130415.bam 1"
	User time (seconds): 227.75
	System time (seconds): 20.17
	Percent of CPU this job got: 690%
	Elapsed (wall clock) time (h:mm:ss or m:ss): 0:35.90
	Average shared text size (kbytes): 0
	Average unshared data size (kbytes): 0
	Average stack size (kbytes): 0
	Average total size (kbytes): 0
	Maximum resident set size (kbytes): 193492
	Average resident set size (kbytes): 0
	Major (requiring I/O) page faults: 0
	Minor (reclaiming a frame) page faults: 65050
	Voluntary context switches: 194456
	Involuntary context switches: 108616
	Swaps: 0
	File system inputs: 0
	File system outputs: 17604760
	Socket messages sent: 0
	Socket messages received: 0
	Signals delivered: 0
	Page size (bytes): 4096
	Exit status: 0
/home/pjotr/opt/bin/sambamba_ldc-0.14.0 view -t 31 -F 'mapping_quality>30' -o smb_filter.sam HG00110.mapped.ILLUMINA.bwa.GBR.low_coverage.20130415.bam 1
	Command being timed: "/home/pjotr/opt/bin/sambamba_ldc-0.14.0 view -t 31 -F mapping_quality>30 -o smb_filter.sam HG00110.mapped.ILLUMINA.bwa.GBR.low_coverage.20130415.bam 1"
	User time (seconds): 228.38
	System time (seconds): 22.16
	Percent of CPU this job got: 679%
	Elapsed (wall clock) time (h:mm:ss or m:ss): 0:36.84
	Average shared text size (kbytes): 0
	Average unshared data size (kbytes): 0
	Average stack size (kbytes): 0
	Average total size (kbytes): 0
	Maximum resident set size (kbytes): 135660
	Average resident set size (kbytes): 0
	Major (requiring I/O) page faults: 0
	Minor (reclaiming a frame) page faults: 23657
	Voluntary context switches: 192392
	Involuntary context switches: 96223
	Swaps: 0
	File system inputs: 0
	File system outputs: 17604784
	Socket messages sent: 0
	Socket messages received: 0
	Signals delivered: 0
	Page size (bytes): 4096
	Exit status: 0
/home/pjotr/opt/bin/sambamba_ldc-0.14.0 view -t 15 -F 'mapping_quality>30' -o smb_filter.sam HG00110.mapped.ILLUMINA.bwa.GBR.low_coverage.20130415.bam 1
	Command being timed: "/home/pjotr/opt/bin/sambamba_ldc-0.14.0 view -t 15 -F mapping_quality>30 -o smb_filter.sam HG00110.mapped.ILLUMINA.bwa.GBR.low_coverage.20130415.bam 1"
	User time (seconds): 203.04
	System time (seconds): 22.50
	Percent of CPU this job got: 600%
	Elapsed (wall clock) time (h:mm:ss or m:ss): 0:37.54
	Average shared text size (kbytes): 0
	Average unshared data size (kbytes): 0
	Average stack size (kbytes): 0
	Average total size (kbytes): 0
	Maximum resident set size (kbytes): 75348
	Average resident set size (kbytes): 0
	Major (requiring I/O) page faults: 0
	Minor (reclaiming a frame) page faults: 23602
	Voluntary context switches: 189219
	Involuntary context switches: 55142
	Swaps: 0
	File system inputs: 0
	File system outputs: 17604760
	Socket messages sent: 0
	Socket messages received: 0
	Signals delivered: 0
	Page size (bytes): 4096
	Exit status: 0
/home/pjotr/opt/bin/sambamba_ldc-0.14.0 view -t 7 -F 'mapping_quality>30' -o smb_filter.sam HG00110.mapped.ILLUMINA.bwa.GBR.low_coverage.20130415.bam 1
	Command being timed: "/home/pjotr/opt/bin/sambamba_ldc-0.14.0 view -t 7 -F mapping_quality>30 -o smb_filter.sam HG00110.mapped.ILLUMINA.bwa.GBR.low_coverage.20130415.bam 1"
	User time (seconds): 143.51
	System time (seconds): 20.74
	Percent of CPU this job got: 471%
	Elapsed (wall clock) time (h:mm:ss or m:ss): 0:34.85
	Average shared text size (kbytes): 0
	Average unshared data size (kbytes): 0
	Average stack size (kbytes): 0
	Average total size (kbytes): 0
	Maximum resident set size (kbytes): 41052
	Average resident set size (kbytes): 0
	Major (requiring I/O) page faults: 0
	Minor (reclaiming a frame) page faults: 12521
	Voluntary context switches: 188406
	Involuntary context switches: 25728
	Swaps: 0
	File system inputs: 0
	File system outputs: 17604768
	Socket messages sent: 0
	Socket messages received: 0
	Signals delivered: 0
	Page size (bytes): 4096
	Exit status: 0
Mon  8 Dec 19:33:11 CET 2014
