sort with sambamba
Wed 26 Nov 17:35:58 CET 2014
-r-------- 1 pjotr users 16G Nov 16  2012 /home/pjotr/data/1000genomes/HG01375.mapped.ILLUMINA.bwa.CLM.low_coverage.20120522.bam
lrwxrwxrwx 1 pjotr users 86 Oct 31 15:23 HG01375.mapped.ILLUMINA.bwa.CLM.low_coverage.20120522.bam -> /home/pjotr/data/1000genomes/HG01375.mapped.ILLUMINA.bwa.CLM.low_coverage.20120522.bam
-r-------- 1 pjotr users 31G Aug 30 10:54 /home/pjotr/data/1000genomes/HG00110.mapped.ILLUMINA.bwa.GBR.low_coverage.20130415.bam
lrwxrwxrwx 1 pjotr users 86 Oct 31 16:58 HG00110.mapped.ILLUMINA.bwa.GBR.low_coverage.20130415.bam -> /home/pjotr/data/1000genomes/HG00110.mapped.ILLUMINA.bwa.GBR.low_coverage.20130415.bam
-rw-r--r-- 1 pjotr users 4.5G Oct 31 16:00 /home/pjotr/data/1000genomes/HG01375.mapped.ILLUMINA.bwa.CLM.low_coverage.20120522.bam.cram
lrwxrwxrwx 1 pjotr users 91 Oct 31 16:23 HG01375.mapped.ILLUMINA.bwa.CLM.low_coverage.20120522.bam.cram -> /home/pjotr/data/1000genomes/HG01375.mapped.ILLUMINA.bwa.CLM.low_coverage.20120522.bam.cram
/home/pjotr/opt/sambamba-0.5.0-alhpa_ldc-0.15 sort -t 47 -m 180G HG00110.mapped.ILLUMINA.bwa.GBR.low_coverage.20130415.bam -o smb_sort_test47.bam
sort with sambamba
Fri 28 Nov 15:28:57 CET 2014
-r-------- 1 pjotr users 1.3G Nov 26 18:01 /home/pjotr/data/1000genomes/HG01375.mapped.ILLUMINA.bwa.CLM.low_coverage.20120522.bam_chr1.bam
lrwxrwxrwx 1 pjotr users 95 Nov 27 14:32 HG01375.mapped.ILLUMINA.bwa.CLM.low_coverage.20120522.bam_chr1.bam -> /home/pjotr/data/1000genomes/HG01375.mapped.ILLUMINA.bwa.CLM.low_coverage.20120522.bam_chr1.bam
-r-------- 1 pjotr users 2.3G Nov 26 17:53 /home/pjotr/data/1000genomes/HG00110.mapped.ILLUMINA.bwa.GBR.low_coverage.20130415.bam_chr1.bam
lrwxrwxrwx 1 pjotr users 95 Nov 27 14:32 HG00110.mapped.ILLUMINA.bwa.GBR.low_coverage.20130415.bam_chr1.bam -> /home/pjotr/data/1000genomes/HG00110.mapped.ILLUMINA.bwa.GBR.low_coverage.20130415.bam_chr1.bam
ln: failed to create symbolic link 'HG01375.mapped.ILLUMINA.bwa.CLM.low_coverage.20120522.bam_chr1.bam.cram': File exists
ls: cannot access /home/pjotr/data/1000genomes/HG01375.mapped.ILLUMINA.bwa.CLM.low_coverage.20120522.bam_chr1.bam.cram: No such file or directory
lrwxrwxrwx 1 pjotr users 100 Nov 27 14:32 HG01375.mapped.ILLUMINA.bwa.CLM.low_coverage.20120522.bam_chr1.bam.cram -> /home/pjotr/data/1000genomes/HG01375.mapped.ILLUMINA.bwa.CLM.low_coverage.20120522.bam_chr1.bam.cram
/home/pjotr/opt/sambamba-0.5.0-alhpa_ldc-0.15 sort -t 47 --memory-limit=5000000000 HG00110.mapped.ILLUMINA.bwa.GBR.low_coverage.20130415.bam_chr1.bam -o smb_sort.bam
	Command being timed: "/home/pjotr/opt/sambamba-0.5.0-alhpa_ldc-0.15 sort -t 47 --memory-limit=5000000000 HG00110.mapped.ILLUMINA.bwa.GBR.low_coverage.20130415.bam_chr1.bam -o smb_sort.bam"
	User time (seconds): 1315.28
	System time (seconds): 91.42
	Percent of CPU this job got: 1548%
	Elapsed (wall clock) time (h:mm:ss or m:ss): 1:30.85
	Average shared text size (kbytes): 0
	Average unshared data size (kbytes): 0
	Average stack size (kbytes): 0
	Average total size (kbytes): 0
	Maximum resident set size (kbytes): 4963432
	Average resident set size (kbytes): 0
	Major (requiring I/O) page faults: 0
	Minor (reclaiming a frame) page faults: 8991550
	Voluntary context switches: 551520
	Involuntary context switches: 347423
	Swaps: 0
	File system inputs: 0
	File system outputs: 10076720
	Socket messages sent: 0
	Socket messages received: 0
	Signals delivered: 0
	Page size (bytes): 4096
	Exit status: 0
/home/pjotr/opt/sambamba-0.5.0-alhpa_ldc-0.15 sort -t 31 --memory-limit=5000000000 HG00110.mapped.ILLUMINA.bwa.GBR.low_coverage.20130415.bam_chr1.bam -o smb_sort.bam
	Command being timed: "/home/pjotr/opt/sambamba-0.5.0-alhpa_ldc-0.15 sort -t 31 --memory-limit=5000000000 HG00110.mapped.ILLUMINA.bwa.GBR.low_coverage.20130415.bam_chr1.bam -o smb_sort.bam"
	User time (seconds): 1157.41
	System time (seconds): 81.69
	Percent of CPU this job got: 1326%
	Elapsed (wall clock) time (h:mm:ss or m:ss): 1:33.42
	Average shared text size (kbytes): 0
	Average unshared data size (kbytes): 0
	Average stack size (kbytes): 0
	Average total size (kbytes): 0
	Maximum resident set size (kbytes): 4919080
	Average resident set size (kbytes): 0
	Major (requiring I/O) page faults: 0
	Minor (reclaiming a frame) page faults: 8826822
	Voluntary context switches: 529422
	Involuntary context switches: 255583
	Swaps: 0
	File system inputs: 0
	File system outputs: 10062624
	Socket messages sent: 0
	Socket messages received: 0
	Signals delivered: 0
	Page size (bytes): 4096
	Exit status: 0
/home/pjotr/opt/sambamba-0.5.0-alhpa_ldc-0.15 sort -t 15 --memory-limit=5000000000 HG00110.mapped.ILLUMINA.bwa.GBR.low_coverage.20130415.bam_chr1.bam -o smb_sort.bam
	Command being timed: "/home/pjotr/opt/sambamba-0.5.0-alhpa_ldc-0.15 sort -t 15 --memory-limit=5000000000 HG00110.mapped.ILLUMINA.bwa.GBR.low_coverage.20130415.bam_chr1.bam -o smb_sort.bam"
	User time (seconds): 819.53
	System time (seconds): 56.29
	Percent of CPU this job got: 1039%
	Elapsed (wall clock) time (h:mm:ss or m:ss): 1:24.24
	Average shared text size (kbytes): 0
	Average unshared data size (kbytes): 0
	Average stack size (kbytes): 0
	Average total size (kbytes): 0
	Maximum resident set size (kbytes): 4904612
	Average resident set size (kbytes): 0
	Major (requiring I/O) page faults: 0
	Minor (reclaiming a frame) page faults: 8735867
	Voluntary context switches: 436571
	Involuntary context switches: 120999
	Swaps: 0
	File system inputs: 0
	File system outputs: 10061560
	Socket messages sent: 0
	Socket messages received: 0
	Signals delivered: 0
	Page size (bytes): 4096
	Exit status: 0
/home/pjotr/opt/sambamba-0.5.0-alhpa_ldc-0.15 sort -t 7 --memory-limit=5000000000 HG00110.mapped.ILLUMINA.bwa.GBR.low_coverage.20130415.bam_chr1.bam -o smb_sort.bam
	Command being timed: "/home/pjotr/opt/sambamba-0.5.0-alhpa_ldc-0.15 sort -t 7 --memory-limit=5000000000 HG00110.mapped.ILLUMINA.bwa.GBR.low_coverage.20130415.bam_chr1.bam -o smb_sort.bam"
	User time (seconds): 722.32
	System time (seconds): 43.73
	Percent of CPU this job got: 721%
	Elapsed (wall clock) time (h:mm:ss or m:ss): 1:46.21
	Average shared text size (kbytes): 0
	Average unshared data size (kbytes): 0
	Average stack size (kbytes): 0
	Average total size (kbytes): 0
	Maximum resident set size (kbytes): 4899408
	Average resident set size (kbytes): 0
	Major (requiring I/O) page faults: 0
	Minor (reclaiming a frame) page faults: 8629929
	Voluntary context switches: 165703
	Involuntary context switches: 83966
	Swaps: 0
	File system inputs: 0
	File system outputs: 10060528
	Socket messages sent: 0
	Socket messages received: 0
	Signals delivered: 0
	Page size (bytes): 4096
	Exit status: 0
Fri 28 Nov 15:35:12 CET 2014
sort with sambamba
Fri  5 Dec 19:21:27 CET 2014
-r-------- 1 pjotr users 16G Nov 16  2012 /home/pjotr/data/1000genomes/HG01375.mapped.ILLUMINA.bwa.CLM.low_coverage.20120522.bam
lrwxrwxrwx 1 pjotr users 86 Oct 31 15:23 HG01375.mapped.ILLUMINA.bwa.CLM.low_coverage.20120522.bam -> /home/pjotr/data/1000genomes/HG01375.mapped.ILLUMINA.bwa.CLM.low_coverage.20120522.bam
ln: failed to create symbolic link 'HG00110.mapped.ILLUMINA.bwa.GBR.low_coverage.20130415.sorted.bam': File exists
ln: failed to create symbolic link 'HG00110.mapped.ILLUMINA.bwa.GBR.low_coverage.20130415.sorted.bam.bai': File exists
-r-------- 1 pjotr users 31G Aug 30 10:54 /home/pjotr/data/1000genomes/HG00110.mapped.ILLUMINA.bwa.GBR.low_coverage.20130415.bam
lrwxrwxrwx 1 pjotr users 86 Oct 31 16:58 HG00110.mapped.ILLUMINA.bwa.GBR.low_coverage.20130415.bam -> /home/pjotr/data/1000genomes/HG00110.mapped.ILLUMINA.bwa.GBR.low_coverage.20130415.bam
-r-------- 1 pjotr users 4.5G Oct 31 16:00 /home/pjotr/data/1000genomes/HG01375.mapped.ILLUMINA.bwa.CLM.low_coverage.20120522.bam.cram
lrwxrwxrwx 1 pjotr users 91 Oct 31 16:23 HG01375.mapped.ILLUMINA.bwa.CLM.low_coverage.20120522.bam.cram -> /home/pjotr/data/1000genomes/HG01375.mapped.ILLUMINA.bwa.CLM.low_coverage.20120522.bam.cram
/home/pjotr/opt/bin/sambamba_ldc-0.14.0 sort -t 47 --memory-limit=50000000000 HG00110.mapped.ILLUMINA.bwa.GBR.low_coverage.20130415.bam -o smb_sort.bam
	Command being timed: "/home/pjotr/opt/bin/sambamba_ldc-0.14.0 sort -t 47 --memory-limit=50000000000 HG00110.mapped.ILLUMINA.bwa.GBR.low_coverage.20130415.bam -o smb_sort.bam"
	User time (seconds): 17896.02
	System time (seconds): 2046.80
	Percent of CPU this job got: 1103%
	Elapsed (wall clock) time (h:mm:ss or m:ss): 30:06.95
	Average shared text size (kbytes): 0
	Average unshared data size (kbytes): 0
	Average stack size (kbytes): 0
	Average total size (kbytes): 0
	Maximum resident set size (kbytes): 49158160
	Average resident set size (kbytes): 0
	Major (requiring I/O) page faults: 0
	Minor (reclaiming a frame) page faults: 135214771
	Voluntary context switches: 7381161
	Involuntary context switches: 5004944
	Swaps: 0
	File system inputs: 43824360
	File system outputs: 136314656
	Socket messages sent: 0
	Socket messages received: 0
	Signals delivered: 0
	Page size (bytes): 4096
	Exit status: 0
/home/pjotr/opt/bin/sambamba_ldc-0.14.0 sort -t 31 --memory-limit=50000000000 HG00110.mapped.ILLUMINA.bwa.GBR.low_coverage.20130415.bam -o smb_sort.bam
	Command being timed: "/home/pjotr/opt/bin/sambamba_ldc-0.14.0 sort -t 31 --memory-limit=50000000000 HG00110.mapped.ILLUMINA.bwa.GBR.low_coverage.20130415.bam -o smb_sort.bam"
	User time (seconds): 15388.16
	System time (seconds): 1193.50
	Percent of CPU this job got: 1241%
	Elapsed (wall clock) time (h:mm:ss or m:ss): 22:15.16
	Average shared text size (kbytes): 0
	Average unshared data size (kbytes): 0
	Average stack size (kbytes): 0
	Average total size (kbytes): 0
	Maximum resident set size (kbytes): 49136808
	Average resident set size (kbytes): 0
	Major (requiring I/O) page faults: 0
	Minor (reclaiming a frame) page faults: 124464317
	Voluntary context switches: 7144231
	Involuntary context switches: 3362308
	Swaps: 0
	File system inputs: 0
	File system outputs: 133207128
	Socket messages sent: 0
	Socket messages received: 0
	Signals delivered: 0
	Page size (bytes): 4096
	Exit status: 0
/home/pjotr/opt/bin/sambamba_ldc-0.14.0 sort -t 15 --memory-limit=50000000000 HG00110.mapped.ILLUMINA.bwa.GBR.low_coverage.20130415.bam -o smb_sort.bam
	Command being timed: "/home/pjotr/opt/bin/sambamba_ldc-0.14.0 sort -t 15 --memory-limit=50000000000 HG00110.mapped.ILLUMINA.bwa.GBR.low_coverage.20130415.bam -o smb_sort.bam"
	User time (seconds): 11224.14
	System time (seconds): 745.10
	Percent of CPU this job got: 945%
	Elapsed (wall clock) time (h:mm:ss or m:ss): 21:05.29
	Average shared text size (kbytes): 0
	Average unshared data size (kbytes): 0
	Average stack size (kbytes): 0
	Average total size (kbytes): 0
	Maximum resident set size (kbytes): 49146844
	Average resident set size (kbytes): 0
	Major (requiring I/O) page faults: 0
	Minor (reclaiming a frame) page faults: 118109539
	Voluntary context switches: 5835745
	Involuntary context switches: 1665009
	Swaps: 0
	File system inputs: 16
	File system outputs: 133298880
	Socket messages sent: 0
	Socket messages received: 0
	Signals delivered: 0
	Page size (bytes): 4096
	Exit status: 0
/home/pjotr/opt/bin/sambamba_ldc-0.14.0 sort -t 7 --memory-limit=50000000000 HG00110.mapped.ILLUMINA.bwa.GBR.low_coverage.20130415.bam -o smb_sort.bam
	Command being timed: "/home/pjotr/opt/bin/sambamba_ldc-0.14.0 sort -t 7 --memory-limit=50000000000 HG00110.mapped.ILLUMINA.bwa.GBR.low_coverage.20130415.bam -o smb_sort.bam"
	User time (seconds): 9802.93
	System time (seconds): 598.72
	Percent of CPU this job got: 661%
	Elapsed (wall clock) time (h:mm:ss or m:ss): 26:12.49
	Average shared text size (kbytes): 0
	Average unshared data size (kbytes): 0
	Average stack size (kbytes): 0
	Average total size (kbytes): 0
	Maximum resident set size (kbytes): 49150104
	Average resident set size (kbytes): 0
	Major (requiring I/O) page faults: 0
	Minor (reclaiming a frame) page faults: 116694079
	Voluntary context switches: 2444157
	Involuntary context switches: 1127869
	Swaps: 0
	File system inputs: 8
	File system outputs: 133519072
	Socket messages sent: 0
	Socket messages received: 0
	Signals delivered: 0
	Page size (bytes): 4096
	Exit status: 0
Fri  5 Dec 21:01:07 CET 2014
