bam2cram with sambamba
Sun 30 Nov 15:35:49 CET 2014
-r-------- 1 pjotr users 1.3G Nov 26 18:01 /home/pjotr/data/1000genomes/HG01375.mapped.ILLUMINA.bwa.CLM.low_coverage.20120522.bam_chr1.bam
lrwxrwxrwx 1 pjotr users 95 Nov 27 14:32 HG01375.mapped.ILLUMINA.bwa.CLM.low_coverage.20120522.bam_chr1.bam -> /home/pjotr/data/1000genomes/HG01375.mapped.ILLUMINA.bwa.CLM.low_coverage.20120522.bam_chr1.bam
-r-------- 1 pjotr users 2.3G Nov 26 17:53 /home/pjotr/data/1000genomes/HG00110.mapped.ILLUMINA.bwa.GBR.low_coverage.20130415.bam_chr1.bam
lrwxrwxrwx 1 pjotr users 95 Nov 27 14:32 HG00110.mapped.ILLUMINA.bwa.GBR.low_coverage.20130415.bam_chr1.bam -> /home/pjotr/data/1000genomes/HG00110.mapped.ILLUMINA.bwa.GBR.low_coverage.20130415.bam_chr1.bam
-r-------- 1 pjotr users 4.5G Oct 31 16:00 /home/pjotr/data/1000genomes/HG01375.mapped.ILLUMINA.bwa.CLM.low_coverage.20120522.bam.cram
lrwxrwxrwx 1 pjotr users 91 Oct 31 16:23 HG01375.mapped.ILLUMINA.bwa.CLM.low_coverage.20120522.bam.cram -> /home/pjotr/data/1000genomes/HG01375.mapped.ILLUMINA.bwa.CLM.low_coverage.20120522.bam.cram
/home/pjotr/opt/bin/sambamba_ldc-0.14.0 view -t 46 --format=cram HG00110.mapped.ILLUMINA.bwa.GBR.low_coverage.20130415.bam_chr1.bam -o smb_bam2cram.cram
	Command being timed: "/home/pjotr/opt/bin/sambamba_ldc-0.14.0 view -t 46 --format=cram HG00110.mapped.ILLUMINA.bwa.GBR.low_coverage.20130415.bam_chr1.bam -o smb_bam2cram.cram"
	User time (seconds): 382.91
	System time (seconds): 22.41
	Percent of CPU this job got: 864%
	Elapsed (wall clock) time (h:mm:ss or m:ss): 0:46.90
	Average shared text size (kbytes): 0
	Average unshared data size (kbytes): 0
	Average stack size (kbytes): 0
	Average total size (kbytes): 0
	Maximum resident set size (kbytes): 1598640
	Average resident set size (kbytes): 0
	Major (requiring I/O) page faults: 0
	Minor (reclaiming a frame) page faults: 1670218
	Voluntary context switches: 266109
	Involuntary context switches: 110180
	Swaps: 0
	File system inputs: 0
	File system outputs: 2946176
	Socket messages sent: 0
	Socket messages received: 0
	Signals delivered: 0
	Page size (bytes): 4096
	Exit status: 0
/home/pjotr/opt/bin/sambamba_ldc-0.14.0 view -t 31 --format=cram HG00110.mapped.ILLUMINA.bwa.GBR.low_coverage.20130415.bam_chr1.bam -o smb_bam2cram.cram
	Command being timed: "/home/pjotr/opt/bin/sambamba_ldc-0.14.0 view -t 31 --format=cram HG00110.mapped.ILLUMINA.bwa.GBR.low_coverage.20130415.bam_chr1.bam -o smb_bam2cram.cram"
	User time (seconds): 375.83
	System time (seconds): 17.92
	Percent of CPU this job got: 820%
	Elapsed (wall clock) time (h:mm:ss or m:ss): 0:47.98
	Average shared text size (kbytes): 0
	Average unshared data size (kbytes): 0
	Average stack size (kbytes): 0
	Average total size (kbytes): 0
	Maximum resident set size (kbytes): 1136220
	Average resident set size (kbytes): 0
	Major (requiring I/O) page faults: 0
	Minor (reclaiming a frame) page faults: 1495541
	Voluntary context switches: 211228
	Involuntary context switches: 98311
	Swaps: 0
	File system inputs: 0
	File system outputs: 2946176
	Socket messages sent: 0
	Socket messages received: 0
	Signals delivered: 0
	Page size (bytes): 4096
	Exit status: 0
/home/pjotr/opt/bin/sambamba_ldc-0.14.0 view -t 15 --format=cram HG00110.mapped.ILLUMINA.bwa.GBR.low_coverage.20130415.bam_chr1.bam -o smb_bam2cram.cram
	Command being timed: "/home/pjotr/opt/bin/sambamba_ldc-0.14.0 view -t 15 --format=cram HG00110.mapped.ILLUMINA.bwa.GBR.low_coverage.20130415.bam_chr1.bam -o smb_bam2cram.cram"
	User time (seconds): 367.12
	System time (seconds): 16.83
	Percent of CPU this job got: 819%
	Elapsed (wall clock) time (h:mm:ss or m:ss): 0:46.86
	Average shared text size (kbytes): 0
	Average unshared data size (kbytes): 0
	Average stack size (kbytes): 0
	Average total size (kbytes): 0
	Maximum resident set size (kbytes): 696328
	Average resident set size (kbytes): 0
	Major (requiring I/O) page faults: 0
	Minor (reclaiming a frame) page faults: 1498687
	Voluntary context switches: 185346
	Involuntary context switches: 77315
	Swaps: 0
	File system inputs: 0
	File system outputs: 2946176
	Socket messages sent: 0
	Socket messages received: 0
	Signals delivered: 0
	Page size (bytes): 4096
	Exit status: 0
/home/pjotr/opt/bin/sambamba_ldc-0.14.0 view -t 7 --format=cram HG00110.mapped.ILLUMINA.bwa.GBR.low_coverage.20130415.bam_chr1.bam -o smb_bam2cram.cram
	Command being timed: "/home/pjotr/opt/bin/sambamba_ldc-0.14.0 view -t 7 --format=cram HG00110.mapped.ILLUMINA.bwa.GBR.low_coverage.20130415.bam_chr1.bam -o smb_bam2cram.cram"
	User time (seconds): 333.51
	System time (seconds): 14.85
	Percent of CPU this job got: 794%
	Elapsed (wall clock) time (h:mm:ss or m:ss): 0:43.87
	Average shared text size (kbytes): 0
	Average unshared data size (kbytes): 0
	Average stack size (kbytes): 0
	Average total size (kbytes): 0
	Maximum resident set size (kbytes): 473440
	Average resident set size (kbytes): 0
	Major (requiring I/O) page faults: 0
	Minor (reclaiming a frame) page faults: 1344081
	Voluntary context switches: 187666
	Involuntary context switches: 54727
	Swaps: 0
	File system inputs: 0
	File system outputs: 2946168
	Socket messages sent: 0
	Socket messages received: 0
	Signals delivered: 0
	Page size (bytes): 4096
	Exit status: 0
Sun 30 Nov 15:38:55 CET 2014
bam2cram with sambamba
Sun 30 Nov 15:59:58 CET 2014
-r-------- 1 pjotr users 1.3G Nov 26 18:01 /home/pjotr/data/1000genomes/HG01375.mapped.ILLUMINA.bwa.CLM.low_coverage.20120522.bam_chr1.bam
lrwxrwxrwx 1 pjotr users 95 Nov 27 14:32 HG01375.mapped.ILLUMINA.bwa.CLM.low_coverage.20120522.bam_chr1.bam -> /home/pjotr/data/1000genomes/HG01375.mapped.ILLUMINA.bwa.CLM.low_coverage.20120522.bam_chr1.bam
-r-------- 1 pjotr users 2.3G Nov 26 17:53 /home/pjotr/data/1000genomes/HG00110.mapped.ILLUMINA.bwa.GBR.low_coverage.20130415.bam_chr1.bam
lrwxrwxrwx 1 pjotr users 95 Nov 27 14:32 HG00110.mapped.ILLUMINA.bwa.GBR.low_coverage.20130415.bam_chr1.bam -> /home/pjotr/data/1000genomes/HG00110.mapped.ILLUMINA.bwa.GBR.low_coverage.20130415.bam_chr1.bam
-r-------- 1 pjotr users 4.5G Oct 31 16:00 /home/pjotr/data/1000genomes/HG01375.mapped.ILLUMINA.bwa.CLM.low_coverage.20120522.bam.cram
lrwxrwxrwx 1 pjotr users 91 Oct 31 16:23 HG01375.mapped.ILLUMINA.bwa.CLM.low_coverage.20120522.bam.cram -> /home/pjotr/data/1000genomes/HG01375.mapped.ILLUMINA.bwa.CLM.low_coverage.20120522.bam.cram
/home/pjotr/opt/bin/sambamba_ldc-0.14.0 view -t 46 --format=cram HG00110.mapped.ILLUMINA.bwa.GBR.low_coverage.20130415.bam_chr1.bam -o smb_bam2cram.cram
	Command being timed: "/home/pjotr/opt/bin/sambamba_ldc-0.14.0 view -t 46 --format=cram HG00110.mapped.ILLUMINA.bwa.GBR.low_coverage.20130415.bam_chr1.bam -o smb_bam2cram.cram"
	User time (seconds): 390.28
	System time (seconds): 25.04
	Percent of CPU this job got: 855%
	Elapsed (wall clock) time (h:mm:ss or m:ss): 0:48.52
	Average shared text size (kbytes): 0
	Average unshared data size (kbytes): 0
	Average stack size (kbytes): 0
	Average total size (kbytes): 0
	Maximum resident set size (kbytes): 1645628
	Average resident set size (kbytes): 0
	Major (requiring I/O) page faults: 0
	Minor (reclaiming a frame) page faults: 1659629
	Voluntary context switches: 266921
	Involuntary context switches: 112673
	Swaps: 0
	File system inputs: 0
	File system outputs: 2946176
	Socket messages sent: 0
	Socket messages received: 0
	Signals delivered: 0
	Page size (bytes): 4096
	Exit status: 0
-rw-r--r-- 1 pjotr users 1.4G Nov 30 16:00 smb_bam2cram.cram
/home/pjotr/opt/bin/sambamba_ldc-0.14.0 view -t 31 --format=cram HG00110.mapped.ILLUMINA.bwa.GBR.low_coverage.20130415.bam_chr1.bam -o smb_bam2cram.cram
	Command being timed: "/home/pjotr/opt/bin/sambamba_ldc-0.14.0 view -t 31 --format=cram HG00110.mapped.ILLUMINA.bwa.GBR.low_coverage.20130415.bam_chr1.bam -o smb_bam2cram.cram"
	User time (seconds): 379.93
	System time (seconds): 18.83
	Percent of CPU this job got: 842%
	Elapsed (wall clock) time (h:mm:ss or m:ss): 0:47.33
	Average shared text size (kbytes): 0
	Average unshared data size (kbytes): 0
	Average stack size (kbytes): 0
	Average total size (kbytes): 0
	Maximum resident set size (kbytes): 1119156
	Average resident set size (kbytes): 0
	Major (requiring I/O) page faults: 0
	Minor (reclaiming a frame) page faults: 1489964
	Voluntary context switches: 220724
	Involuntary context switches: 100397
	Swaps: 0
	File system inputs: 0
	File system outputs: 2946176
	Socket messages sent: 0
	Socket messages received: 0
	Signals delivered: 0
	Page size (bytes): 4096
	Exit status: 0
-rw-r--r-- 1 pjotr users 1.4G Nov 30 16:01 smb_bam2cram.cram
/home/pjotr/opt/bin/sambamba_ldc-0.14.0 view -t 15 --format=cram HG00110.mapped.ILLUMINA.bwa.GBR.low_coverage.20130415.bam_chr1.bam -o smb_bam2cram.cram
	Command being timed: "/home/pjotr/opt/bin/sambamba_ldc-0.14.0 view -t 15 --format=cram HG00110.mapped.ILLUMINA.bwa.GBR.low_coverage.20130415.bam_chr1.bam -o smb_bam2cram.cram"
	User time (seconds): 368.40
	System time (seconds): 17.23
	Percent of CPU this job got: 832%
	Elapsed (wall clock) time (h:mm:ss or m:ss): 0:46.31
	Average shared text size (kbytes): 0
	Average unshared data size (kbytes): 0
	Average stack size (kbytes): 0
	Average total size (kbytes): 0
	Maximum resident set size (kbytes): 678748
	Average resident set size (kbytes): 0
	Major (requiring I/O) page faults: 0
	Minor (reclaiming a frame) page faults: 1489209
	Voluntary context switches: 203061
	Involuntary context switches: 75939
	Swaps: 0
	File system inputs: 0
	File system outputs: 2946176
	Socket messages sent: 0
	Socket messages received: 0
	Signals delivered: 0
	Page size (bytes): 4096
	Exit status: 0
-rw-r--r-- 1 pjotr users 1.4G Nov 30 16:02 smb_bam2cram.cram
/home/pjotr/opt/bin/sambamba_ldc-0.14.0 view -t 7 --format=cram HG00110.mapped.ILLUMINA.bwa.GBR.low_coverage.20130415.bam_chr1.bam -o smb_bam2cram.cram
	Command being timed: "/home/pjotr/opt/bin/sambamba_ldc-0.14.0 view -t 7 --format=cram HG00110.mapped.ILLUMINA.bwa.GBR.low_coverage.20130415.bam_chr1.bam -o smb_bam2cram.cram"
	User time (seconds): 337.84
	System time (seconds): 15.07
	Percent of CPU this job got: 716%
	Elapsed (wall clock) time (h:mm:ss or m:ss): 0:49.27
	Average shared text size (kbytes): 0
	Average unshared data size (kbytes): 0
	Average stack size (kbytes): 0
	Average total size (kbytes): 0
	Maximum resident set size (kbytes): 466656
	Average resident set size (kbytes): 0
	Major (requiring I/O) page faults: 0
	Minor (reclaiming a frame) page faults: 1234899
	Voluntary context switches: 179826
	Involuntary context switches: 53591
	Swaps: 0
	File system inputs: 0
	File system outputs: 2946176
	Socket messages sent: 0
	Socket messages received: 0
	Signals delivered: 0
	Page size (bytes): 4096
	Exit status: 0
-rw-r--r-- 1 pjotr users 1.4G Nov 30 16:03 smb_bam2cram.cram
Sun 30 Nov 16:03:10 CET 2014
bam2cram with sambamba
Sun 30 Nov 17:41:53 CET 2014
-r-------- 1 pjotr users 1.3G Nov 26 18:01 /home/pjotr/data/1000genomes/HG01375.mapped.ILLUMINA.bwa.CLM.low_coverage.20120522.bam_chr1.bam
lrwxrwxrwx 1 pjotr users 95 Nov 27 14:32 HG01375.mapped.ILLUMINA.bwa.CLM.low_coverage.20120522.bam_chr1.bam -> /home/pjotr/data/1000genomes/HG01375.mapped.ILLUMINA.bwa.CLM.low_coverage.20120522.bam_chr1.bam
-r-------- 1 pjotr users 2.3G Nov 26 17:53 /home/pjotr/data/1000genomes/HG00110.mapped.ILLUMINA.bwa.GBR.low_coverage.20130415.bam_chr1.bam
lrwxrwxrwx 1 pjotr users 95 Nov 27 14:32 HG00110.mapped.ILLUMINA.bwa.GBR.low_coverage.20130415.bam_chr1.bam -> /home/pjotr/data/1000genomes/HG00110.mapped.ILLUMINA.bwa.GBR.low_coverage.20130415.bam_chr1.bam
-r-------- 1 pjotr users 4.5G Oct 31 16:00 /home/pjotr/data/1000genomes/HG01375.mapped.ILLUMINA.bwa.CLM.low_coverage.20120522.bam.cram
lrwxrwxrwx 1 pjotr users 91 Oct 31 16:23 HG01375.mapped.ILLUMINA.bwa.CLM.low_coverage.20120522.bam.cram -> /home/pjotr/data/1000genomes/HG01375.mapped.ILLUMINA.bwa.CLM.low_coverage.20120522.bam.cram
/home/pjotr/opt/bin/sambamba_ldc-0.14.0 view -t 46 --format=cram HG00110.mapped.ILLUMINA.bwa.GBR.low_coverage.20130415.bam_chr1.bam -o smb_bam2cram_46.cram
	Command being timed: "/home/pjotr/opt/bin/sambamba_ldc-0.14.0 view -t 46 --format=cram HG00110.mapped.ILLUMINA.bwa.GBR.low_coverage.20130415.bam_chr1.bam -o smb_bam2cram_46.cram"
	User time (seconds): 383.48
	System time (seconds): 26.79
	Percent of CPU this job got: 753%
	Elapsed (wall clock) time (h:mm:ss or m:ss): 0:54.43
	Average shared text size (kbytes): 0
	Average unshared data size (kbytes): 0
	Average stack size (kbytes): 0
	Average total size (kbytes): 0
	Maximum resident set size (kbytes): 1586328
	Average resident set size (kbytes): 0
	Major (requiring I/O) page faults: 0
	Minor (reclaiming a frame) page faults: 2006340
	Voluntary context switches: 279339
	Involuntary context switches: 110888
	Swaps: 0
	File system inputs: 0
	File system outputs: 2946368
	Socket messages sent: 0
	Socket messages received: 0
	Signals delivered: 0
	Page size (bytes): 4096
	Exit status: 0
-rw-r--r-- 1 pjotr users 1499102205 Nov 30 17:42 smb_bam2cram_46.cram
/home/pjotr/opt/bin/sambamba_ldc-0.14.0 view -t 31 --format=cram HG00110.mapped.ILLUMINA.bwa.GBR.low_coverage.20130415.bam_chr1.bam -o smb_bam2cram_31.cram
	Command being timed: "/home/pjotr/opt/bin/sambamba_ldc-0.14.0 view -t 31 --format=cram HG00110.mapped.ILLUMINA.bwa.GBR.low_coverage.20130415.bam_chr1.bam -o smb_bam2cram_31.cram"
	User time (seconds): 379.96
	System time (seconds): 24.22
	Percent of CPU this job got: 672%
	Elapsed (wall clock) time (h:mm:ss or m:ss): 1:00.13
	Average shared text size (kbytes): 0
	Average unshared data size (kbytes): 0
	Average stack size (kbytes): 0
	Average total size (kbytes): 0
	Maximum resident set size (kbytes): 1141340
	Average resident set size (kbytes): 0
	Major (requiring I/O) page faults: 0
	Minor (reclaiming a frame) page faults: 1780548
	Voluntary context switches: 221987
	Involuntary context switches: 107550
	Swaps: 0
	File system inputs: 0
	File system outputs: 2946176
	Socket messages sent: 0
	Socket messages received: 0
	Signals delivered: 0
	Page size (bytes): 4096
	Exit status: 0
-rw-r--r-- 1 pjotr users 1499102239 Nov 30 17:43 smb_bam2cram_31.cram
/home/pjotr/opt/bin/sambamba_ldc-0.14.0 view -t 15 --format=cram HG00110.mapped.ILLUMINA.bwa.GBR.low_coverage.20130415.bam_chr1.bam -o smb_bam2cram_15.cram
	Command being timed: "/home/pjotr/opt/bin/sambamba_ldc-0.14.0 view -t 15 --format=cram HG00110.mapped.ILLUMINA.bwa.GBR.low_coverage.20130415.bam_chr1.bam -o smb_bam2cram_15.cram"
	User time (seconds): 370.53
	System time (seconds): 16.84
	Percent of CPU this job got: 817%
	Elapsed (wall clock) time (h:mm:ss or m:ss): 0:47.41
	Average shared text size (kbytes): 0
	Average unshared data size (kbytes): 0
	Average stack size (kbytes): 0
	Average total size (kbytes): 0
	Maximum resident set size (kbytes): 682980
	Average resident set size (kbytes): 0
	Major (requiring I/O) page faults: 0
	Minor (reclaiming a frame) page faults: 1466508
	Voluntary context switches: 204709
	Involuntary context switches: 77481
	Swaps: 0
	File system inputs: 0
	File system outputs: 2946176
	Socket messages sent: 0
	Socket messages received: 0
	Signals delivered: 0
	Page size (bytes): 4096
	Exit status: 0
-rw-r--r-- 1 pjotr users 1499104757 Nov 30 17:44 smb_bam2cram_15.cram
/home/pjotr/opt/bin/sambamba_ldc-0.14.0 view -t 7 --format=cram HG00110.mapped.ILLUMINA.bwa.GBR.low_coverage.20130415.bam_chr1.bam -o smb_bam2cram_7.cram
	Command being timed: "/home/pjotr/opt/bin/sambamba_ldc-0.14.0 view -t 7 --format=cram HG00110.mapped.ILLUMINA.bwa.GBR.low_coverage.20130415.bam_chr1.bam -o smb_bam2cram_7.cram"
	User time (seconds): 343.68
	System time (seconds): 15.41
	Percent of CPU this job got: 766%
	Elapsed (wall clock) time (h:mm:ss or m:ss): 0:46.87
	Average shared text size (kbytes): 0
	Average unshared data size (kbytes): 0
	Average stack size (kbytes): 0
	Average total size (kbytes): 0
	Maximum resident set size (kbytes): 476044
	Average resident set size (kbytes): 0
	Major (requiring I/O) page faults: 0
	Minor (reclaiming a frame) page faults: 1374660
	Voluntary context switches: 218142
	Involuntary context switches: 55678
	Swaps: 0
	File system inputs: 0
	File system outputs: 2946176
	Socket messages sent: 0
	Socket messages received: 0
	Signals delivered: 0
	Page size (bytes): 4096
	Exit status: 0
-rw-r--r-- 1 pjotr users 1499104757 Nov 30 17:45 smb_bam2cram_7.cram
/home/pjotr/opt/bin/sambamba_ldc-0.14.0 view -t 3 --format=cram HG00110.mapped.ILLUMINA.bwa.GBR.low_coverage.20130415.bam_chr1.bam -o smb_bam2cram_3.cram
	Command being timed: "/home/pjotr/opt/bin/sambamba_ldc-0.14.0 view -t 3 --format=cram HG00110.mapped.ILLUMINA.bwa.GBR.low_coverage.20130415.bam_chr1.bam -o smb_bam2cram_3.cram"
	User time (seconds): 308.98
	System time (seconds): 15.28
	Percent of CPU this job got: 384%
	Elapsed (wall clock) time (h:mm:ss or m:ss): 1:24.43
	Average shared text size (kbytes): 0
	Average unshared data size (kbytes): 0
	Average stack size (kbytes): 0
	Average total size (kbytes): 0
	Maximum resident set size (kbytes): 361564
	Average resident set size (kbytes): 0
	Major (requiring I/O) page faults: 0
	Minor (reclaiming a frame) page faults: 1431113
	Voluntary context switches: 169625
	Involuntary context switches: 44969
	Swaps: 0
	File system inputs: 0
	File system outputs: 2946200
	Socket messages sent: 0
	Socket messages received: 0
	Signals delivered: 0
	Page size (bytes): 4096
	Exit status: 0
-rw-r--r-- 1 pjotr users 1499112604 Nov 30 17:46 smb_bam2cram_3.cram
/home/pjotr/opt/bin/sambamba_ldc-0.14.0 view -t 0 --format=cram HG00110.mapped.ILLUMINA.bwa.GBR.low_coverage.20130415.bam_chr1.bam -o smb_bam2cram_0.cram
	Command being timed: "/home/pjotr/opt/bin/sambamba_ldc-0.14.0 view -t 0 --format=cram HG00110.mapped.ILLUMINA.bwa.GBR.low_coverage.20130415.bam_chr1.bam -o smb_bam2cram_0.cram"
	User time (seconds): 262.78
	System time (seconds): 11.83
	Percent of CPU this job got: 95%
	Elapsed (wall clock) time (h:mm:ss or m:ss): 4:47.01
	Average shared text size (kbytes): 0
	Average unshared data size (kbytes): 0
	Average stack size (kbytes): 0
	Average total size (kbytes): 0
	Maximum resident set size (kbytes): 265620
	Average resident set size (kbytes): 0
	Major (requiring I/O) page faults: 0
	Minor (reclaiming a frame) page faults: 2581653
	Voluntary context switches: 91404
	Involuntary context switches: 30718
	Swaps: 0
	File system inputs: 0
	File system outputs: 2946200
	Socket messages sent: 0
	Socket messages received: 0
	Signals delivered: 0
	Page size (bytes): 4096
	Exit status: 0
-rw-r--r-- 1 pjotr users 1499112605 Nov 30 17:51 smb_bam2cram_0.cram
Sun 30 Nov 17:51:33 CET 2014
bam2cram with sambamba
Tue  9 Dec 09:28:42 CET 2014
-r-------- 1 pjotr users 16G Nov 16  2012 /home/pjotr/data/1000genomes/HG01375.mapped.ILLUMINA.bwa.CLM.low_coverage.20120522.bam
lrwxrwxrwx 1 pjotr users 86 Oct 31 15:23 HG01375.mapped.ILLUMINA.bwa.CLM.low_coverage.20120522.bam -> /home/pjotr/data/1000genomes/HG01375.mapped.ILLUMINA.bwa.CLM.low_coverage.20120522.bam
ln: failed to create symbolic link 'HG00110.mapped.ILLUMINA.bwa.GBR.low_coverage.20130415.sorted.bam': File exists
ln: failed to create symbolic link 'HG00110.mapped.ILLUMINA.bwa.GBR.low_coverage.20130415.sorted.bam.bai': File exists
-r-------- 1 pjotr users 31G Aug 30 10:54 /home/pjotr/data/1000genomes/HG00110.mapped.ILLUMINA.bwa.GBR.low_coverage.20130415.bam
lrwxrwxrwx 1 pjotr users 86 Oct 31 16:58 HG00110.mapped.ILLUMINA.bwa.GBR.low_coverage.20130415.bam -> /home/pjotr/data/1000genomes/HG00110.mapped.ILLUMINA.bwa.GBR.low_coverage.20130415.bam
-r-------- 1 pjotr users 4.5G Oct 31 16:00 /home/pjotr/data/1000genomes/HG01375.mapped.ILLUMINA.bwa.CLM.low_coverage.20120522.bam.cram
lrwxrwxrwx 1 pjotr users 91 Oct 31 16:23 HG01375.mapped.ILLUMINA.bwa.CLM.low_coverage.20120522.bam.cram -> /home/pjotr/data/1000genomes/HG01375.mapped.ILLUMINA.bwa.CLM.low_coverage.20120522.bam.cram
/home/pjotr/opt/bin/sambamba_ldc-0.14.0 view -t 46 --format=cram HG00110.mapped.ILLUMINA.bwa.GBR.low_coverage.20130415.bam -o smb_bam2cram_46.cram
	Command being timed: "/home/pjotr/opt/bin/sambamba_ldc-0.14.0 view -t 46 --format=cram HG00110.mapped.ILLUMINA.bwa.GBR.low_coverage.20130415.bam -o smb_bam2cram_46.cram"
	User time (seconds): 4708.97
	System time (seconds): 386.34
	Percent of CPU this job got: 796%
	Elapsed (wall clock) time (h:mm:ss or m:ss): 10:39.73
	Average shared text size (kbytes): 0
	Average unshared data size (kbytes): 0
	Average stack size (kbytes): 0
	Average total size (kbytes): 0
	Maximum resident set size (kbytes): 1961532
	Average resident set size (kbytes): 0
	Major (requiring I/O) page faults: 7
	Minor (reclaiming a frame) page faults: 18138963
	Voluntary context switches: 2571554
	Involuntary context switches: 1379484
	Swaps: 0
	File system inputs: 1168
	File system outputs: 39232800
	Socket messages sent: 0
	Socket messages received: 0
	Signals delivered: 0
	Page size (bytes): 4096
	Exit status: 0
-rw-r--r-- 1 pjotr users 19963105133 Dec  9 09:39 smb_bam2cram_46.cram
/home/pjotr/opt/bin/sambamba_ldc-0.14.0 view -t 31 --format=cram HG00110.mapped.ILLUMINA.bwa.GBR.low_coverage.20130415.bam -o smb_bam2cram_31.cram
	Command being timed: "/home/pjotr/opt/bin/sambamba_ldc-0.14.0 view -t 31 --format=cram HG00110.mapped.ILLUMINA.bwa.GBR.low_coverage.20130415.bam -o smb_bam2cram_31.cram"
	User time (seconds): 4855.59
	System time (seconds): 271.53
	Percent of CPU this job got: 743%
	Elapsed (wall clock) time (h:mm:ss or m:ss): 11:29.47
	Average shared text size (kbytes): 0
	Average unshared data size (kbytes): 0
	Average stack size (kbytes): 0
	Average total size (kbytes): 0
	Maximum resident set size (kbytes): 1494216
	Average resident set size (kbytes): 0
	Major (requiring I/O) page faults: 0
	Minor (reclaiming a frame) page faults: 17338036
	Voluntary context switches: 2544101
	Involuntary context switches: 1367716
	Swaps: 0
	File system inputs: 0
	File system outputs: 39232776
	Socket messages sent: 0
	Socket messages received: 0
	Signals delivered: 0
	Page size (bytes): 4096
	Exit status: 0
-rw-r--r-- 1 pjotr users 19963104793 Dec  9 09:50 smb_bam2cram_31.cram
/home/pjotr/opt/bin/sambamba_ldc-0.14.0 view -t 15 --format=cram HG00110.mapped.ILLUMINA.bwa.GBR.low_coverage.20130415.bam -o smb_bam2cram_15.cram
	Command being timed: "/home/pjotr/opt/bin/sambamba_ldc-0.14.0 view -t 15 --format=cram HG00110.mapped.ILLUMINA.bwa.GBR.low_coverage.20130415.bam -o smb_bam2cram_15.cram"
	User time (seconds): 4770.91
	System time (seconds): 251.32
	Percent of CPU this job got: 758%
	Elapsed (wall clock) time (h:mm:ss or m:ss): 11:02.24
	Average shared text size (kbytes): 0
	Average unshared data size (kbytes): 0
	Average stack size (kbytes): 0
	Average total size (kbytes): 0
	Maximum resident set size (kbytes): 2108092
	Average resident set size (kbytes): 0
	Major (requiring I/O) page faults: 0
	Minor (reclaiming a frame) page faults: 16383304
	Voluntary context switches: 2481106
	Involuntary context switches: 1014650
	Swaps: 0
	File system inputs: 0
	File system outputs: 39232864
	Socket messages sent: 0
	Socket messages received: 0
	Signals delivered: 0
	Page size (bytes): 4096
	Exit status: 0
-rw-r--r-- 1 pjotr users 19963107685 Dec  9 10:01 smb_bam2cram_15.cram
Tue  9 Dec 10:01:54 CET 2014
