view with sambamba
Fri 28 Nov 19:02:25 CET 2014
-r-------- 1 pjotr users 1.3G Nov 26 18:01 /home/pjotr/data/1000genomes/HG01375.mapped.ILLUMINA.bwa.CLM.low_coverage.20120522.bam_chr1.bam
lrwxrwxrwx 1 pjotr users 95 Nov 27 14:32 HG01375.mapped.ILLUMINA.bwa.CLM.low_coverage.20120522.bam_chr1.bam -> /home/pjotr/data/1000genomes/HG01375.mapped.ILLUMINA.bwa.CLM.low_coverage.20120522.bam_chr1.bam
-r-------- 1 pjotr users 2.3G Nov 26 17:53 /home/pjotr/data/1000genomes/HG00110.mapped.ILLUMINA.bwa.GBR.low_coverage.20130415.bam_chr1.bam
lrwxrwxrwx 1 pjotr users 95 Nov 27 14:32 HG00110.mapped.ILLUMINA.bwa.GBR.low_coverage.20130415.bam_chr1.bam -> /home/pjotr/data/1000genomes/HG00110.mapped.ILLUMINA.bwa.GBR.low_coverage.20130415.bam_chr1.bam
ln: failed to create symbolic link 'HG01375.mapped.ILLUMINA.bwa.CLM.low_coverage.20120522.bam_chr1.bam.cram': File exists
ls: cannot access /home/pjotr/data/1000genomes/HG01375.mapped.ILLUMINA.bwa.CLM.low_coverage.20120522.bam_chr1.bam.cram: No such file or directory
lrwxrwxrwx 1 pjotr users 100 Nov 27 14:32 HG01375.mapped.ILLUMINA.bwa.CLM.low_coverage.20120522.bam_chr1.bam.cram -> /home/pjotr/data/1000genomes/HG01375.mapped.ILLUMINA.bwa.CLM.low_coverage.20120522.bam_chr1.bam.cram
/home/pjotr/opt/sambamba-0.5.0-alhpa_ldc-0.15 view -t 47 HG00110.mapped.ILLUMINA.bwa.GBR.low_coverage.20130415.bam_chr1.bam -o smb_view.sam
	Command being timed: "/home/pjotr/opt/sambamba-0.5.0-alhpa_ldc-0.15 view -t 47 HG00110.mapped.ILLUMINA.bwa.GBR.low_coverage.20130415.bam_chr1.bam -o smb_view.sam"
	User time (seconds): 238.40
	System time (seconds): 22.74
	Percent of CPU this job got: 750%
	Elapsed (wall clock) time (h:mm:ss or m:ss): 0:34.80
	Average shared text size (kbytes): 0
	Average unshared data size (kbytes): 0
	Average stack size (kbytes): 0
	Average total size (kbytes): 0
	Maximum resident set size (kbytes): 198092
	Average resident set size (kbytes): 0
	Major (requiring I/O) page faults: 0
	Minor (reclaiming a frame) page faults: 55877
	Voluntary context switches: 201102
	Involuntary context switches: 109260
	Swaps: 0
	File system inputs: 0
	File system outputs: 19704480
	Socket messages sent: 0
	Socket messages received: 0
	Signals delivered: 0
	Page size (bytes): 4096
	Exit status: 0
/home/pjotr/opt/sambamba-0.5.0-alhpa_ldc-0.15 view -t 31 HG00110.mapped.ILLUMINA.bwa.GBR.low_coverage.20130415.bam_chr1.bam -o smb_view.sam
	Command being timed: "/home/pjotr/opt/sambamba-0.5.0-alhpa_ldc-0.15 view -t 31 HG00110.mapped.ILLUMINA.bwa.GBR.low_coverage.20130415.bam_chr1.bam -o smb_view.sam"
	User time (seconds): 236.81
	System time (seconds): 23.13
	Percent of CPU this job got: 670%
	Elapsed (wall clock) time (h:mm:ss or m:ss): 0:38.78
	Average shared text size (kbytes): 0
	Average unshared data size (kbytes): 0
	Average stack size (kbytes): 0
	Average total size (kbytes): 0
	Maximum resident set size (kbytes): 134208
	Average resident set size (kbytes): 0
	Major (requiring I/O) page faults: 0
	Minor (reclaiming a frame) page faults: 43992
	Voluntary context switches: 200655
	Involuntary context switches: 92864
	Swaps: 0
	File system inputs: 0
	File system outputs: 19704456
	Socket messages sent: 0
	Socket messages received: 0
	Signals delivered: 0
	Page size (bytes): 4096
	Exit status: 0
/home/pjotr/opt/sambamba-0.5.0-alhpa_ldc-0.15 view -t 15 HG00110.mapped.ILLUMINA.bwa.GBR.low_coverage.20130415.bam_chr1.bam -o smb_view.sam
	Command being timed: "/home/pjotr/opt/sambamba-0.5.0-alhpa_ldc-0.15 view -t 15 HG00110.mapped.ILLUMINA.bwa.GBR.low_coverage.20130415.bam_chr1.bam -o smb_view.sam"
	User time (seconds): 207.37
	System time (seconds): 24.57
	Percent of CPU this job got: 625%
	Elapsed (wall clock) time (h:mm:ss or m:ss): 0:37.07
	Average shared text size (kbytes): 0
	Average unshared data size (kbytes): 0
	Average stack size (kbytes): 0
	Average total size (kbytes): 0
	Maximum resident set size (kbytes): 69288
	Average resident set size (kbytes): 0
	Major (requiring I/O) page faults: 0
	Minor (reclaiming a frame) page faults: 34972
	Voluntary context switches: 197617
	Involuntary context switches: 54139
	Swaps: 0
	File system inputs: 0
	File system outputs: 19704480
	Socket messages sent: 0
	Socket messages received: 0
	Signals delivered: 0
	Page size (bytes): 4096
	Exit status: 0
/home/pjotr/opt/sambamba-0.5.0-alhpa_ldc-0.15 view -t 7 HG00110.mapped.ILLUMINA.bwa.GBR.low_coverage.20130415.bam_chr1.bam -o smb_view.sam
	Command being timed: "/home/pjotr/opt/sambamba-0.5.0-alhpa_ldc-0.15 view -t 7 HG00110.mapped.ILLUMINA.bwa.GBR.low_coverage.20130415.bam_chr1.bam -o smb_view.sam"
	User time (seconds): 144.71
	System time (seconds): 22.21
	Percent of CPU this job got: 482%
	Elapsed (wall clock) time (h:mm:ss or m:ss): 0:34.59
	Average shared text size (kbytes): 0
	Average unshared data size (kbytes): 0
	Average stack size (kbytes): 0
	Average total size (kbytes): 0
	Maximum resident set size (kbytes): 34964
	Average resident set size (kbytes): 0
	Major (requiring I/O) page faults: 0
	Minor (reclaiming a frame) page faults: 19336
	Voluntary context switches: 196908
	Involuntary context switches: 25420
	Swaps: 0
	File system inputs: 0
	File system outputs: 19704448
	Socket messages sent: 0
	Socket messages received: 0
	Signals delivered: 0
	Page size (bytes): 4096
	Exit status: 0
Fri 28 Nov 19:04:50 CET 2014
view with sambamba
Thu  4 Dec 14:42:24 CET 2014
-r-------- 1 pjotr users 1.3G Nov 26 18:01 /home/pjotr/data/1000genomes/HG01375.mapped.ILLUMINA.bwa.CLM.low_coverage.20120522.bam_chr1.bam
lrwxrwxrwx 1 pjotr users 95 Nov 27 14:32 HG01375.mapped.ILLUMINA.bwa.CLM.low_coverage.20120522.bam_chr1.bam -> /home/pjotr/data/1000genomes/HG01375.mapped.ILLUMINA.bwa.CLM.low_coverage.20120522.bam_chr1.bam
-r-------- 1 pjotr users 2.3G Nov 26 17:53 /home/pjotr/data/1000genomes/HG00110.mapped.ILLUMINA.bwa.GBR.low_coverage.20130415.bam_chr1.bam
lrwxrwxrwx 1 pjotr users 95 Nov 27 14:32 HG00110.mapped.ILLUMINA.bwa.GBR.low_coverage.20130415.bam_chr1.bam -> /home/pjotr/data/1000genomes/HG00110.mapped.ILLUMINA.bwa.GBR.low_coverage.20130415.bam_chr1.bam
-r-------- 1 pjotr users 4.5G Oct 31 16:00 /home/pjotr/data/1000genomes/HG01375.mapped.ILLUMINA.bwa.CLM.low_coverage.20120522.bam.cram
lrwxrwxrwx 1 pjotr users 91 Oct 31 16:23 HG01375.mapped.ILLUMINA.bwa.CLM.low_coverage.20120522.bam.cram -> /home/pjotr/data/1000genomes/HG01375.mapped.ILLUMINA.bwa.CLM.low_coverage.20120522.bam.cram
/home/pjotr/opt/bin/sambamba_ldc-0.14.0 view -t 47 HG00110.mapped.ILLUMINA.bwa.GBR.low_coverage.20130415.bam_chr1.bam -o smb_view.sam
Command terminated by signal 2
	Command being timed: "/home/pjotr/opt/bin/sambamba_ldc-0.14.0 view -t 47 HG00110.mapped.ILLUMINA.bwa.GBR.low_coverage.20130415.bam_chr1.bam -o smb_view.sam"
	User time (seconds): 29.86
	System time (seconds): 3.00
	Percent of CPU this job got: 458%
	Elapsed (wall clock) time (h:mm:ss or m:ss): 0:07.17
	Average shared text size (kbytes): 0
	Average unshared data size (kbytes): 0
	Average stack size (kbytes): 0
	Average total size (kbytes): 0
	Maximum resident set size (kbytes): 187536
	Average resident set size (kbytes): 0
	Major (requiring I/O) page faults: 0
	Minor (reclaiming a frame) page faults: 11353
	Voluntary context switches: 29539
	Involuntary context switches: 11262
	Swaps: 0
	File system inputs: 0
	File system outputs: 2565672
	Socket messages sent: 0
	Socket messages received: 0
	Signals delivered: 0
	Page size (bytes): 4096
	Exit status: 0
view with sambamba
Thu  4 Dec 14:42:36 CET 2014
-r-------- 1 pjotr users 1.3G Nov 26 18:01 /home/pjotr/data/1000genomes/HG01375.mapped.ILLUMINA.bwa.CLM.low_coverage.20120522.bam_chr1.bam
lrwxrwxrwx 1 pjotr users 95 Nov 27 14:32 HG01375.mapped.ILLUMINA.bwa.CLM.low_coverage.20120522.bam_chr1.bam -> /home/pjotr/data/1000genomes/HG01375.mapped.ILLUMINA.bwa.CLM.low_coverage.20120522.bam_chr1.bam
-r-------- 1 pjotr users 2.3G Nov 26 17:53 /home/pjotr/data/1000genomes/HG00110.mapped.ILLUMINA.bwa.GBR.low_coverage.20130415.bam_chr1.bam
lrwxrwxrwx 1 pjotr users 95 Nov 27 14:32 HG00110.mapped.ILLUMINA.bwa.GBR.low_coverage.20130415.bam_chr1.bam -> /home/pjotr/data/1000genomes/HG00110.mapped.ILLUMINA.bwa.GBR.low_coverage.20130415.bam_chr1.bam
-r-------- 1 pjotr users 4.5G Oct 31 16:00 /home/pjotr/data/1000genomes/HG01375.mapped.ILLUMINA.bwa.CLM.low_coverage.20120522.bam.cram
lrwxrwxrwx 1 pjotr users 91 Oct 31 16:23 HG01375.mapped.ILLUMINA.bwa.CLM.low_coverage.20120522.bam.cram -> /home/pjotr/data/1000genomes/HG01375.mapped.ILLUMINA.bwa.CLM.low_coverage.20120522.bam.cram
/home/pjotr/opt/bin/sambamba_ldc-0.14.0 view -t 47 HG00110.mapped.ILLUMINA.bwa.GBR.low_coverage.20130415.bam_chr1.bam -o smb_view.sam
	Command being timed: "/home/pjotr/opt/bin/sambamba_ldc-0.14.0 view -t 47 HG00110.mapped.ILLUMINA.bwa.GBR.low_coverage.20130415.bam_chr1.bam -o smb_view.sam"
	User time (seconds): 227.08
	System time (seconds): 22.59
	Percent of CPU this job got: 753%
	Elapsed (wall clock) time (h:mm:ss or m:ss): 0:33.14
	Average shared text size (kbytes): 0
	Average unshared data size (kbytes): 0
	Average stack size (kbytes): 0
	Average total size (kbytes): 0
	Maximum resident set size (kbytes): 193468
	Average resident set size (kbytes): 0
	Major (requiring I/O) page faults: 0
	Minor (reclaiming a frame) page faults: 28956
	Voluntary context switches: 201564
	Involuntary context switches: 92333
	Swaps: 0
	File system inputs: 0
	File system outputs: 19704448
	Socket messages sent: 0
	Socket messages received: 0
	Signals delivered: 0
	Page size (bytes): 4096
	Exit status: 0
/home/pjotr/opt/bin/sambamba_ldc-0.14.0 view -t 31 HG00110.mapped.ILLUMINA.bwa.GBR.low_coverage.20130415.bam_chr1.bam -o smb_view.sam
	Command being timed: "/home/pjotr/opt/bin/sambamba_ldc-0.14.0 view -t 31 HG00110.mapped.ILLUMINA.bwa.GBR.low_coverage.20130415.bam_chr1.bam -o smb_view.sam"
	User time (seconds): 238.56
	System time (seconds): 26.92
	Percent of CPU this job got: 364%
	Elapsed (wall clock) time (h:mm:ss or m:ss): 1:12.88
	Average shared text size (kbytes): 0
	Average unshared data size (kbytes): 0
	Average stack size (kbytes): 0
	Average total size (kbytes): 0
	Maximum resident set size (kbytes): 129208
	Average resident set size (kbytes): 0
	Major (requiring I/O) page faults: 0
	Minor (reclaiming a frame) page faults: 62817
	Voluntary context switches: 198772
	Involuntary context switches: 99306
	Swaps: 0
	File system inputs: 0
	File system outputs: 19704480
	Socket messages sent: 0
	Socket messages received: 0
	Signals delivered: 0
	Page size (bytes): 4096
	Exit status: 0
/home/pjotr/opt/bin/sambamba_ldc-0.14.0 view -t 15 HG00110.mapped.ILLUMINA.bwa.GBR.low_coverage.20130415.bam_chr1.bam -o smb_view.sam
	Command being timed: "/home/pjotr/opt/bin/sambamba_ldc-0.14.0 view -t 15 HG00110.mapped.ILLUMINA.bwa.GBR.low_coverage.20130415.bam_chr1.bam -o smb_view.sam"
	User time (seconds): 208.88
	System time (seconds): 24.84
	Percent of CPU this job got: 617%
	Elapsed (wall clock) time (h:mm:ss or m:ss): 0:37.82
	Average shared text size (kbytes): 0
	Average unshared data size (kbytes): 0
	Average stack size (kbytes): 0
	Average total size (kbytes): 0
	Maximum resident set size (kbytes): 70996
	Average resident set size (kbytes): 0
	Major (requiring I/O) page faults: 0
	Minor (reclaiming a frame) page faults: 35639
	Voluntary context switches: 197085
	Involuntary context switches: 54177
	Swaps: 0
	File system inputs: 0
	File system outputs: 19704472
	Socket messages sent: 0
	Socket messages received: 0
	Signals delivered: 0
	Page size (bytes): 4096
	Exit status: 0
/home/pjotr/opt/bin/sambamba_ldc-0.14.0 view -t 7 HG00110.mapped.ILLUMINA.bwa.GBR.low_coverage.20130415.bam_chr1.bam -o smb_view.sam
	Command being timed: "/home/pjotr/opt/bin/sambamba_ldc-0.14.0 view -t 7 HG00110.mapped.ILLUMINA.bwa.GBR.low_coverage.20130415.bam_chr1.bam -o smb_view.sam"
	User time (seconds): 150.28
	System time (seconds): 24.42
	Percent of CPU this job got: 461%
	Elapsed (wall clock) time (h:mm:ss or m:ss): 0:37.82
	Average shared text size (kbytes): 0
	Average unshared data size (kbytes): 0
	Average stack size (kbytes): 0
	Average total size (kbytes): 0
	Maximum resident set size (kbytes): 31692
	Average resident set size (kbytes): 0
	Major (requiring I/O) page faults: 0
	Minor (reclaiming a frame) page faults: 14401
	Voluntary context switches: 195268
	Involuntary context switches: 27020
	Swaps: 0
	File system inputs: 0
	File system outputs: 19704448
	Socket messages sent: 0
	Socket messages received: 0
	Signals delivered: 0
	Page size (bytes): 4096
	Exit status: 0
/home/pjotr/opt/bin/sambamba_ldc-0.14.0 view -t 3 HG00110.mapped.ILLUMINA.bwa.GBR.low_coverage.20130415.bam_chr1.bam -o smb_view.sam
	Command being timed: "/home/pjotr/opt/bin/sambamba_ldc-0.14.0 view -t 3 HG00110.mapped.ILLUMINA.bwa.GBR.low_coverage.20130415.bam_chr1.bam -o smb_view.sam"
	User time (seconds): 102.97
	System time (seconds): 19.04
	Percent of CPU this job got: 362%
	Elapsed (wall clock) time (h:mm:ss or m:ss): 0:33.70
	Average shared text size (kbytes): 0
	Average unshared data size (kbytes): 0
	Average stack size (kbytes): 0
	Average total size (kbytes): 0
	Maximum resident set size (kbytes): 9200
	Average resident set size (kbytes): 0
	Major (requiring I/O) page faults: 0
	Minor (reclaiming a frame) page faults: 8937
	Voluntary context switches: 51288
	Involuntary context switches: 12850
	Swaps: 0
	File system inputs: 0
	File system outputs: 19704448
	Socket messages sent: 0
	Socket messages received: 0
	Signals delivered: 0
	Page size (bytes): 4096
	Exit status: 0
/home/pjotr/opt/bin/sambamba_ldc-0.14.0 view -t 0 HG00110.mapped.ILLUMINA.bwa.GBR.low_coverage.20130415.bam_chr1.bam -o smb_view.sam
	Command being timed: "/home/pjotr/opt/bin/sambamba_ldc-0.14.0 view -t 0 HG00110.mapped.ILLUMINA.bwa.GBR.low_coverage.20130415.bam_chr1.bam -o smb_view.sam"
	User time (seconds): 85.45
	System time (seconds): 16.00
	Percent of CPU this job got: 99%
	Elapsed (wall clock) time (h:mm:ss or m:ss): 1:41.64
	Average shared text size (kbytes): 0
	Average unshared data size (kbytes): 0
	Average stack size (kbytes): 0
	Average total size (kbytes): 0
	Maximum resident set size (kbytes): 10460
	Average resident set size (kbytes): 0
	Major (requiring I/O) page faults: 0
	Minor (reclaiming a frame) page faults: 2269
	Voluntary context switches: 15
	Involuntary context switches: 10295
	Swaps: 0
	File system inputs: 0
	File system outputs: 19704448
	Socket messages sent: 0
	Socket messages received: 0
	Signals delivered: 0
	Page size (bytes): 4096
	Exit status: 0
Thu  4 Dec 14:47:53 CET 2014
view with sambamba
Thu  4 Dec 15:15:14 CET 2014
-r-------- 1 pjotr users 1.3G Nov 26 18:01 /home/pjotr/data/1000genomes/HG01375.mapped.ILLUMINA.bwa.CLM.low_coverage.20120522.bam_chr1.bam
lrwxrwxrwx 1 pjotr users 95 Nov 27 14:32 HG01375.mapped.ILLUMINA.bwa.CLM.low_coverage.20120522.bam_chr1.bam -> /home/pjotr/data/1000genomes/HG01375.mapped.ILLUMINA.bwa.CLM.low_coverage.20120522.bam_chr1.bam
-r-------- 1 pjotr users 2.3G Nov 26 17:53 /home/pjotr/data/1000genomes/HG00110.mapped.ILLUMINA.bwa.GBR.low_coverage.20130415.bam_chr1.bam
lrwxrwxrwx 1 pjotr users 95 Nov 27 14:32 HG00110.mapped.ILLUMINA.bwa.GBR.low_coverage.20130415.bam_chr1.bam -> /home/pjotr/data/1000genomes/HG00110.mapped.ILLUMINA.bwa.GBR.low_coverage.20130415.bam_chr1.bam
-r-------- 1 pjotr users 4.5G Oct 31 16:00 /home/pjotr/data/1000genomes/HG01375.mapped.ILLUMINA.bwa.CLM.low_coverage.20120522.bam.cram
lrwxrwxrwx 1 pjotr users 91 Oct 31 16:23 HG01375.mapped.ILLUMINA.bwa.CLM.low_coverage.20120522.bam.cram -> /home/pjotr/data/1000genomes/HG01375.mapped.ILLUMINA.bwa.CLM.low_coverage.20120522.bam.cram
/home/pjotr/opt/bin/sambamba_ldc-0.14.0 view -t 47 HG00110.mapped.ILLUMINA.bwa.GBR.low_coverage.20130415.bam_chr1.bam -o smb_view.sam
Command terminated by signal 2
	Command being timed: "/home/pjotr/opt/bin/sambamba_ldc-0.14.0 view -t 47 HG00110.mapped.ILLUMINA.bwa.GBR.low_coverage.20130415.bam_chr1.bam -o smb_view.sam"
	User time (seconds): 113.46
	System time (seconds): 12.92
	Percent of CPU this job got: 675%
	Elapsed (wall clock) time (h:mm:ss or m:ss): 0:18.70
	Average shared text size (kbytes): 0
	Average unshared data size (kbytes): 0
	Average stack size (kbytes): 0
	Average total size (kbytes): 0
	Maximum resident set size (kbytes): 198300
	Average resident set size (kbytes): 0
	Major (requiring I/O) page faults: 0
	Minor (reclaiming a frame) page faults: 66927
	Voluntary context switches: 100508
	Involuntary context switches: 46448
	Swaps: 0
	File system inputs: 0
	File system outputs: 9625312
	Socket messages sent: 0
	Socket messages received: 0
	Signals delivered: 0
	Page size (bytes): 4096
	Exit status: 0
view with sambamba
Thu  4 Dec 20:15:19 CET 2014
-r-------- 1 pjotr users 1.3G Nov 26 18:01 /home/pjotr/data/1000genomes/HG01375.mapped.ILLUMINA.bwa.CLM.low_coverage.20120522.bam_chr1.bam
lrwxrwxrwx 1 pjotr users 95 Nov 27 14:32 HG01375.mapped.ILLUMINA.bwa.CLM.low_coverage.20120522.bam_chr1.bam -> /home/pjotr/data/1000genomes/HG01375.mapped.ILLUMINA.bwa.CLM.low_coverage.20120522.bam_chr1.bam
-r-------- 1 pjotr users 2.3G Nov 26 17:53 /home/pjotr/data/1000genomes/HG00110.mapped.ILLUMINA.bwa.GBR.low_coverage.20130415.bam_chr1.bam
lrwxrwxrwx 1 pjotr users 95 Nov 27 14:32 HG00110.mapped.ILLUMINA.bwa.GBR.low_coverage.20130415.bam_chr1.bam -> /home/pjotr/data/1000genomes/HG00110.mapped.ILLUMINA.bwa.GBR.low_coverage.20130415.bam_chr1.bam
-r-------- 1 pjotr users 4.5G Oct 31 16:00 /home/pjotr/data/1000genomes/HG01375.mapped.ILLUMINA.bwa.CLM.low_coverage.20120522.bam.cram
lrwxrwxrwx 1 pjotr users 91 Oct 31 16:23 HG01375.mapped.ILLUMINA.bwa.CLM.low_coverage.20120522.bam.cram -> /home/pjotr/data/1000genomes/HG01375.mapped.ILLUMINA.bwa.CLM.low_coverage.20120522.bam.cram
/home/pjotr/opt/bin/sambamba_ldc-0.14.0 view -t 47 HG00110.mapped.ILLUMINA.bwa.GBR.low_coverage.20130415.bam_chr1.bam -o smb_view.sam
	Command being timed: "/home/pjotr/opt/bin/sambamba_ldc-0.14.0 view -t 47 HG00110.mapped.ILLUMINA.bwa.GBR.low_coverage.20130415.bam_chr1.bam -o smb_view.sam"
	User time (seconds): 231.31
	System time (seconds): 22.44
	Percent of CPU this job got: 727%
	Elapsed (wall clock) time (h:mm:ss or m:ss): 0:34.90
	Average shared text size (kbytes): 0
	Average unshared data size (kbytes): 0
	Average stack size (kbytes): 0
	Average total size (kbytes): 0
	Maximum resident set size (kbytes): 195500
	Average resident set size (kbytes): 0
	Major (requiring I/O) page faults: 0
	Minor (reclaiming a frame) page faults: 52768
	Voluntary context switches: 200441
	Involuntary context switches: 97972
	Swaps: 0
	File system inputs: 0
	File system outputs: 19704464
	Socket messages sent: 0
	Socket messages received: 0
	Signals delivered: 0
	Page size (bytes): 4096
	Exit status: 0
/home/pjotr/opt/bin/sambamba_ldc-0.14.0 view -t 31 HG00110.mapped.ILLUMINA.bwa.GBR.low_coverage.20130415.bam_chr1.bam -o smb_view.sam
	Command being timed: "/home/pjotr/opt/bin/sambamba_ldc-0.14.0 view -t 31 HG00110.mapped.ILLUMINA.bwa.GBR.low_coverage.20130415.bam_chr1.bam -o smb_view.sam"
	User time (seconds): 226.02
	System time (seconds): 22.10
	Percent of CPU this job got: 767%
	Elapsed (wall clock) time (h:mm:ss or m:ss): 0:32.32
	Average shared text size (kbytes): 0
	Average unshared data size (kbytes): 0
	Average stack size (kbytes): 0
	Average total size (kbytes): 0
	Maximum resident set size (kbytes): 135048
	Average resident set size (kbytes): 0
	Major (requiring I/O) page faults: 0
	Minor (reclaiming a frame) page faults: 15089
	Voluntary context switches: 203470
	Involuntary context switches: 82438
	Swaps: 0
	File system inputs: 0
	File system outputs: 19704464
	Socket messages sent: 0
	Socket messages received: 0
	Signals delivered: 0
	Page size (bytes): 4096
	Exit status: 0
/home/pjotr/opt/bin/sambamba_ldc-0.14.0 view -t 15 HG00110.mapped.ILLUMINA.bwa.GBR.low_coverage.20130415.bam_chr1.bam -o smb_view.sam
	Command being timed: "/home/pjotr/opt/bin/sambamba_ldc-0.14.0 view -t 15 HG00110.mapped.ILLUMINA.bwa.GBR.low_coverage.20130415.bam_chr1.bam -o smb_view.sam"
	User time (seconds): 194.20
	System time (seconds): 22.55
	Percent of CPU this job got: 645%
	Elapsed (wall clock) time (h:mm:ss or m:ss): 0:33.55
	Average shared text size (kbytes): 0
	Average unshared data size (kbytes): 0
	Average stack size (kbytes): 0
	Average total size (kbytes): 0
	Maximum resident set size (kbytes): 71984
	Average resident set size (kbytes): 0
	Major (requiring I/O) page faults: 0
	Minor (reclaiming a frame) page faults: 50997
	Voluntary context switches: 197363
	Involuntary context switches: 48007
	Swaps: 0
	File system inputs: 0
	File system outputs: 19704472
	Socket messages sent: 0
	Socket messages received: 0
	Signals delivered: 0
	Page size (bytes): 4096
	Exit status: 0
/home/pjotr/opt/bin/sambamba_ldc-0.14.0 view -t 7 HG00110.mapped.ILLUMINA.bwa.GBR.low_coverage.20130415.bam_chr1.bam -o smb_view.sam
	Command being timed: "/home/pjotr/opt/bin/sambamba_ldc-0.14.0 view -t 7 HG00110.mapped.ILLUMINA.bwa.GBR.low_coverage.20130415.bam_chr1.bam -o smb_view.sam"
	User time (seconds): 145.26
	System time (seconds): 21.05
	Percent of CPU this job got: 485%
	Elapsed (wall clock) time (h:mm:ss or m:ss): 0:34.24
	Average shared text size (kbytes): 0
	Average unshared data size (kbytes): 0
	Average stack size (kbytes): 0
	Average total size (kbytes): 0
	Maximum resident set size (kbytes): 32600
	Average resident set size (kbytes): 0
	Major (requiring I/O) page faults: 0
	Minor (reclaiming a frame) page faults: 12487
	Voluntary context switches: 197011
	Involuntary context switches: 25197
	Swaps: 0
	File system inputs: 0
	File system outputs: 19704456
	Socket messages sent: 0
	Socket messages received: 0
	Signals delivered: 0
	Page size (bytes): 4096
	Exit status: 0
/home/pjotr/opt/bin/sambamba_ldc-0.14.0 view -t 3 HG00110.mapped.ILLUMINA.bwa.GBR.low_coverage.20130415.bam_chr1.bam -o smb_view.sam
	Command being timed: "/home/pjotr/opt/bin/sambamba_ldc-0.14.0 view -t 3 HG00110.mapped.ILLUMINA.bwa.GBR.low_coverage.20130415.bam_chr1.bam -o smb_view.sam"
	User time (seconds): 102.36
	System time (seconds): 18.71
	Percent of CPU this job got: 368%
	Elapsed (wall clock) time (h:mm:ss or m:ss): 0:32.82
	Average shared text size (kbytes): 0
	Average unshared data size (kbytes): 0
	Average stack size (kbytes): 0
	Average total size (kbytes): 0
	Maximum resident set size (kbytes): 12496
	Average resident set size (kbytes): 0
	Major (requiring I/O) page faults: 0
	Minor (reclaiming a frame) page faults: 3116
	Voluntary context switches: 18219
	Involuntary context switches: 12319
	Swaps: 0
	File system inputs: 0
	File system outputs: 19704464
	Socket messages sent: 0
	Socket messages received: 0
	Signals delivered: 0
	Page size (bytes): 4096
	Exit status: 0
/home/pjotr/opt/bin/sambamba_ldc-0.14.0 view -t 0 HG00110.mapped.ILLUMINA.bwa.GBR.low_coverage.20130415.bam_chr1.bam -o smb_view.sam
	Command being timed: "/home/pjotr/opt/bin/sambamba_ldc-0.14.0 view -t 0 HG00110.mapped.ILLUMINA.bwa.GBR.low_coverage.20130415.bam_chr1.bam -o smb_view.sam"
	User time (seconds): 84.25
	System time (seconds): 16.15
	Percent of CPU this job got: 99%
	Elapsed (wall clock) time (h:mm:ss or m:ss): 1:40.59
	Average shared text size (kbytes): 0
	Average unshared data size (kbytes): 0
	Average stack size (kbytes): 0
	Average total size (kbytes): 0
	Maximum resident set size (kbytes): 7148
	Average resident set size (kbytes): 0
	Major (requiring I/O) page faults: 0
	Minor (reclaiming a frame) page faults: 2087
	Voluntary context switches: 16
	Involuntary context switches: 10137
	Swaps: 0
	File system inputs: 0
	File system outputs: 19704448
	Socket messages sent: 0
	Socket messages received: 0
	Signals delivered: 0
	Page size (bytes): 4096
	Exit status: 0
Thu  4 Dec 20:19:47 CET 2014
view with sambamba
Mon  8 Dec 11:22:36 CET 2014
-r-------- 1 pjotr users 16G Nov 16  2012 /home/pjotr/data/1000genomes/HG01375.mapped.ILLUMINA.bwa.CLM.low_coverage.20120522.bam
lrwxrwxrwx 1 pjotr users 86 Oct 31 15:23 HG01375.mapped.ILLUMINA.bwa.CLM.low_coverage.20120522.bam -> /home/pjotr/data/1000genomes/HG01375.mapped.ILLUMINA.bwa.CLM.low_coverage.20120522.bam
ln: failed to create symbolic link 'HG00110.mapped.ILLUMINA.bwa.GBR.low_coverage.20130415.sorted.bam': File exists
ln: failed to create symbolic link 'HG00110.mapped.ILLUMINA.bwa.GBR.low_coverage.20130415.sorted.bam.bai': File exists
-r-------- 1 pjotr users 31G Aug 30 10:54 /home/pjotr/data/1000genomes/HG00110.mapped.ILLUMINA.bwa.GBR.low_coverage.20130415.bam
lrwxrwxrwx 1 pjotr users 86 Oct 31 16:58 HG00110.mapped.ILLUMINA.bwa.GBR.low_coverage.20130415.bam -> /home/pjotr/data/1000genomes/HG00110.mapped.ILLUMINA.bwa.GBR.low_coverage.20130415.bam
-r-------- 1 pjotr users 4.5G Oct 31 16:00 /home/pjotr/data/1000genomes/HG01375.mapped.ILLUMINA.bwa.CLM.low_coverage.20120522.bam.cram
lrwxrwxrwx 1 pjotr users 91 Oct 31 16:23 HG01375.mapped.ILLUMINA.bwa.CLM.low_coverage.20120522.bam.cram -> /home/pjotr/data/1000genomes/HG01375.mapped.ILLUMINA.bwa.CLM.low_coverage.20120522.bam.cram
/home/pjotr/opt/bin/sambamba_ldc-0.14.0 view -t 47 HG00110.mapped.ILLUMINA.bwa.GBR.low_coverage.20130415.bam -o smb_view.sam
Command terminated by signal 2
	Command being timed: "/home/pjotr/opt/bin/sambamba_ldc-0.14.0 view -t 47 HG00110.mapped.ILLUMINA.bwa.GBR.low_coverage.20130415.bam -o smb_view.sam"
	User time (seconds): 14.00
	System time (seconds): 1.45
	Percent of CPU this job got: 669%
	Elapsed (wall clock) time (h:mm:ss or m:ss): 0:02.31
	Average shared text size (kbytes): 0
	Average unshared data size (kbytes): 0
	Average stack size (kbytes): 0
	Average total size (kbytes): 0
	Maximum resident set size (kbytes): 183368
	Average resident set size (kbytes): 0
	Major (requiring I/O) page faults: 0
	Minor (reclaiming a frame) page faults: 12767
	Voluntary context switches: 14677
	Involuntary context switches: 5964
	Swaps: 0
	File system inputs: 0
	File system outputs: 1110200
	Socket messages sent: 0
	Socket messages received: 0
	Signals delivered: 0
	Page size (bytes): 4096
	Exit status: 0
view with sambamba
Mon  8 Dec 11:22:44 CET 2014
-r-------- 1 pjotr users 16G Nov 16  2012 /home/pjotr/data/1000genomes/HG01375.mapped.ILLUMINA.bwa.CLM.low_coverage.20120522.bam
lrwxrwxrwx 1 pjotr users 86 Oct 31 15:23 HG01375.mapped.ILLUMINA.bwa.CLM.low_coverage.20120522.bam -> /home/pjotr/data/1000genomes/HG01375.mapped.ILLUMINA.bwa.CLM.low_coverage.20120522.bam
ln: failed to create symbolic link 'HG00110.mapped.ILLUMINA.bwa.GBR.low_coverage.20130415.sorted.bam': File exists
ln: failed to create symbolic link 'HG00110.mapped.ILLUMINA.bwa.GBR.low_coverage.20130415.sorted.bam.bai': File exists
-r-------- 1 pjotr users 31G Aug 30 10:54 /home/pjotr/data/1000genomes/HG00110.mapped.ILLUMINA.bwa.GBR.low_coverage.20130415.bam
lrwxrwxrwx 1 pjotr users 86 Oct 31 16:58 HG00110.mapped.ILLUMINA.bwa.GBR.low_coverage.20130415.bam -> /home/pjotr/data/1000genomes/HG00110.mapped.ILLUMINA.bwa.GBR.low_coverage.20130415.bam
-r-------- 1 pjotr users 4.5G Oct 31 16:00 /home/pjotr/data/1000genomes/HG01375.mapped.ILLUMINA.bwa.CLM.low_coverage.20120522.bam.cram
lrwxrwxrwx 1 pjotr users 91 Oct 31 16:23 HG01375.mapped.ILLUMINA.bwa.CLM.low_coverage.20120522.bam.cram -> /home/pjotr/data/1000genomes/HG01375.mapped.ILLUMINA.bwa.CLM.low_coverage.20120522.bam.cram
/home/pjotr/opt/bin/sambamba_ldc-0.14.0 view -t 47 HG00110.mapped.ILLUMINA.bwa.GBR.low_coverage.20130415.bam -o smb_view.sam
	Command being timed: "/home/pjotr/opt/bin/sambamba_ldc-0.14.0 view -t 47 HG00110.mapped.ILLUMINA.bwa.GBR.low_coverage.20130415.bam -o smb_view.sam"
	User time (seconds): 3104.62
	System time (seconds): 267.00
	Percent of CPU this job got: 785%
	Elapsed (wall clock) time (h:mm:ss or m:ss): 7:09.27
	Average shared text size (kbytes): 0
	Average unshared data size (kbytes): 0
	Average stack size (kbytes): 0
	Average total size (kbytes): 0
	Maximum resident set size (kbytes): 203032
	Average resident set size (kbytes): 0
	Major (requiring I/O) page faults: 0
	Minor (reclaiming a frame) page faults: 170020
	Voluntary context switches: 2656242
	Involuntary context switches: 1427431
	Swaps: 0
	File system inputs: 0
	File system outputs: 262186528
	Socket messages sent: 0
	Socket messages received: 0
	Signals delivered: 0
	Page size (bytes): 4096
	Exit status: 0
/home/pjotr/opt/bin/sambamba_ldc-0.14.0 view -t 31 HG00110.mapped.ILLUMINA.bwa.GBR.low_coverage.20130415.bam -o smb_view.sam
	Command being timed: "/home/pjotr/opt/bin/sambamba_ldc-0.14.0 view -t 31 HG00110.mapped.ILLUMINA.bwa.GBR.low_coverage.20130415.bam -o smb_view.sam"
	User time (seconds): 3131.61
	System time (seconds): 317.48
	Percent of CPU this job got: 742%
	Elapsed (wall clock) time (h:mm:ss or m:ss): 7:44.29
	Average shared text size (kbytes): 0
	Average unshared data size (kbytes): 0
	Average stack size (kbytes): 0
	Average total size (kbytes): 0
	Maximum resident set size (kbytes): 136852
	Average resident set size (kbytes): 0
	Major (requiring I/O) page faults: 0
	Minor (reclaiming a frame) page faults: 168581
	Voluntary context switches: 2629201
	Involuntary context switches: 1250968
	Swaps: 0
	File system inputs: 0
	File system outputs: 262186576
	Socket messages sent: 0
	Socket messages received: 0
	Signals delivered: 0
	Page size (bytes): 4096
	Exit status: 0
/home/pjotr/opt/bin/sambamba_ldc-0.14.0 view -t 15 HG00110.mapped.ILLUMINA.bwa.GBR.low_coverage.20130415.bam -o smb_view.sam
	Command being timed: "/home/pjotr/opt/bin/sambamba_ldc-0.14.0 view -t 15 HG00110.mapped.ILLUMINA.bwa.GBR.low_coverage.20130415.bam -o smb_view.sam"
	User time (seconds): 2718.25
	System time (seconds): 310.60
	Percent of CPU this job got: 625%
	Elapsed (wall clock) time (h:mm:ss or m:ss): 8:03.86
	Average shared text size (kbytes): 0
	Average unshared data size (kbytes): 0
	Average stack size (kbytes): 0
	Average total size (kbytes): 0
	Maximum resident set size (kbytes): 83516
	Average resident set size (kbytes): 0
	Major (requiring I/O) page faults: 0
	Minor (reclaiming a frame) page faults: 150018
	Voluntary context switches: 2618554
	Involuntary context switches: 707181
	Swaps: 0
	File system inputs: 0
	File system outputs: 262186560
	Socket messages sent: 0
	Socket messages received: 0
	Signals delivered: 0
	Page size (bytes): 4096
	Exit status: 0
Mon  8 Dec 11:45:41 CET 2014
